[0.017s] Invoking command in '/home/mkhanum/datapipe/ros2_ws/build/smartbelt_segmentation': CMAKE_PREFIX_PATH=/opt/ros/humble /usr/bin/cmake --build /home/mkhanum/datapipe/ros2_ws/build/smartbelt_segmentation --clean-first -- -j16 -l16
[0.111s] -- Found ament_cmake: 1.3.11 (/opt/ros/humble/share/ament_cmake/cmake)
[0.264s] -- Override CMake install command with custom implementation using symlinks instead of copying resources
[0.273s] -- Found rclcpp: 16.0.11 (/opt/ros/humble/share/rclcpp/cmake)
[0.572s] -- Found rosidl_generator_c: 3.1.6 (/opt/ros/humble/share/rosidl_generator_c/cmake)
[0.577s] -- Found rosidl_adapter: 3.1.6 (/opt/ros/humble/share/rosidl_adapter/cmake)
[0.587s] -- Found rosidl_generator_cpp: 3.1.6 (/opt/ros/humble/share/rosidl_generator_cpp/cmake)
[0.601s] -- Using all available rosidl_typesupport_c: rosidl_typesupport_fastrtps_c;rosidl_typesupport_introspection_c
[0.616s] -- Using all available rosidl_typesupport_cpp: rosidl_typesupport_fastrtps_cpp;rosidl_typesupport_introspection_cpp
[0.654s] -- Found rmw_implementation_cmake: 6.1.2 (/opt/ros/humble/share/rmw_implementation_cmake/cmake)
[0.655s] -- Found rmw_fastrtps_cpp: 6.2.7 (/opt/ros/humble/share/rmw_fastrtps_cpp/cmake)
[10.714s] -- Using RMW implementation 'rmw_fastrtps_cpp' as default
[10.770s] -- Found sensor_msgs: 4.2.4 (/opt/ros/humble/share/sensor_msgs/cmake)
[10.803s] -- Found image_geometry: 3.2.1 (/opt/ros/humble/share/image_geometry/cmake)
[10.814s] -- Found tf2: 0.25.12 (/opt/ros/humble/share/tf2/cmake)
[10.818s] -- Found tf2_ros: 0.25.12 (/opt/ros/humble/share/tf2_ros/cmake)
[10.907s] -- Found tf2_eigen: 0.25.12 (/opt/ros/humble/share/tf2_eigen/cmake)
[10.913s] -- Found tf2_geometry_msgs: 0.25.12 (/opt/ros/humble/share/tf2_geometry_msgs/cmake)
[10.919s] -- Found eigen3_cmake_module: 0.1.1 (/opt/ros/humble/share/eigen3_cmake_module/cmake)
[10.921s] -- Found Eigen3: TRUE (found version "3.4.0") 
[10.921s] -- Ensuring Eigen3 include directory is part of orocos-kdl CMake target
[10.924s] -- Found cv_bridge: 3.2.1 (/opt/ros/humble/share/cv_bridge/cmake)
[10.934s] -- Found image_transport: 3.1.10 (/opt/ros/humble/share/image_transport/cmake)
[13.373s] -- Eigen found (include: /usr/include/eigen3, version: 3.4.0)
[13.396s] -- OpenNI found (version: 1.5.4.0, include: /usr/include/ni, lib: /usr/lib/libOpenNI.so;libusb::libusb)
[13.402s] -- OpenNI2 found (version: 2.2.0.33, include: /usr/include/openni2, lib: /usr/lib/x86_64-linux-gnu/libOpenNI2.so;libusb::libusb)
[13.402s] [0m** WARNING ** io features related to pcap will be disabled[0m
[13.403s] [0m** WARNING ** io features related to png will be disabled[0m
[15.809s] -- Found Eigen3: /usr/include/eigen3 (found version "3.4.0") 
[19.794s] -- Eigen found (include: /usr/include/eigen3, version: 3.4.0)
[19.794s] -- looking for PCL_COMMON
[19.795s] -- looking for PCL_OCTREE
[19.795s] -- looking for PCL_IO
[19.796s] -- Found pcl_conversions: 2.4.5 (/opt/ros/humble/share/pcl_conversions/cmake)
[19.820s] -- Found rosbag2_cpp: 0.15.13 (/opt/ros/humble/share/rosbag2_cpp/cmake)
[19.950s] -- Configuring done
[19.963s] [31mCMake Error at CMakeLists.txt:82 (add_executable):
[19.963s]   Cannot find source file:
[19.963s] 
[19.963s]     src/mk_pc_seg.cpp
[19.963s] 
[19.964s]   Tried extensions .c .C .c++ .cc .cpp .cxx .cu .mpp .m .M .mm .ixx .cppm .h
[19.964s]   .hh .h++ .hm .hpp .hxx .in .txx .f .F .for .f77 .f90 .f95 .f03 .hip .ispc
[19.964s] 
[19.964s] [0m
[19.968s] [31mCMake Error at CMakeLists.txt:82 (add_executable):
[19.968s]   No SOURCES given to target: mk_pc_seg
[19.968s] 
[19.968s] [0m
[19.968s] [0mCMake Generate step failed.  Build files cannot be regenerated correctly.[0m
[19.985s] gmake: *** [Makefile:349: cmake_check_build_system] Error 1
[19.989s] Invoked command in '/home/mkhanum/datapipe/ros2_ws/build/smartbelt_segmentation' returned '2': CMAKE_PREFIX_PATH=/opt/ros/humble /usr/bin/cmake --build /home/mkhanum/datapipe/ros2_ws/build/smartbelt_segmentation --clean-first -- -j16 -l16
