[35m[1mConsolidate compiler generated dependencies of target mk_rgb_seg[0m
[ 50%] Built target mk_matching_ptcld
[ 75%] [32mBuilding CXX object CMakeFiles/mk_rgb_seg.dir/src/MK_rgb_seg.cpp.o[0m
[01m[K/home/mkhanum/datapipe/ros2_ws/src/smartbelt_segmentation/src/MK_rgb_seg.cpp:162:6:[m[K [01;31m[Kerror: [m[Kno declaration matches ‘[01m[Kbool Matching_Pix_to_Ptcld::run_gsam2(const cv::Mat&)[m[K’
  162 | bool [01;31m[KMatching_Pix_to_Ptcld[m[K::run_gsam2(const cv::Mat& image_arr) {
      |      [01;31m[K^~~~~~~~~~~~~~~~~~~~~[m[K
[01m[K/home/mkhanum/datapipe/ros2_ws/src/smartbelt_segmentation/src/MK_rgb_seg.cpp:78:14:[m[K [01;36m[Knote: [m[Kcandidate is: ‘[01m[Kbool Matching_Pix_to_Ptcld::run_gsam2(const string&, const string&)[m[K’
   78 |         bool [01;36m[Krun_gsam2[m[K(const std::string& image_path, const std::string& mask_path);
      |              [01;36m[K^~~~~~~~~[m[K
[01m[K/home/mkhanum/datapipe/ros2_ws/src/smartbelt_segmentation/src/MK_rgb_seg.cpp:69:7:[m[K [01;36m[Knote: [m[K‘[01m[Kclass Matching_Pix_to_Ptcld[m[K’ defined here
   69 | class [01;36m[KMatching_Pix_to_Ptcld[m[K : public rclcpp::Node
      |       [01;36m[K^~~~~~~~~~~~~~~~~~~~~[m[K
[01m[K/home/mkhanum/datapipe/ros2_ws/src/smartbelt_segmentation/src/MK_rgb_seg.cpp:[m[K In member function ‘[01m[Kvoid Matching_Pix_to_Ptcld::color_image_callback(sensor_msgs::msg::Image_<std::allocator<void> >::SharedPtr)[m[K’:
[01m[K/home/mkhanum/datapipe/ros2_ws/src/smartbelt_segmentation/src/MK_rgb_seg.cpp:206:18:[m[K [01;31m[Kerror: [m[Kno matching function for call to ‘[01m[KMatching_Pix_to_Ptcld::run_gsam2(cv::Mat&)[m[K’
  206 |         [01;31m[Krun_gsam2(color_img)[m[K;
      |         [01;31m[K~~~~~~~~~^~~~~~~~~~~[m[K
[01m[K/home/mkhanum/datapipe/ros2_ws/src/smartbelt_segmentation/src/MK_rgb_seg.cpp:78:14:[m[K [01;36m[Knote: [m[Kcandidate: ‘[01m[Kbool Matching_Pix_to_Ptcld::run_gsam2(const string&, const string&)[m[K’
   78 |         bool [01;36m[Krun_gsam2[m[K(const std::string& image_path, const std::string& mask_path);
      |              [01;36m[K^~~~~~~~~[m[K
[01m[K/home/mkhanum/datapipe/ros2_ws/src/smartbelt_segmentation/src/MK_rgb_seg.cpp:78:14:[m[K [01;36m[Knote: [m[K  candidate expects 2 arguments, 1 provided
gmake[2]: *** [CMakeFiles/mk_rgb_seg.dir/build.make:76: CMakeFiles/mk_rgb_seg.dir/src/MK_rgb_seg.cpp.o] Error 1
gmake[1]: *** [CMakeFiles/Makefile2:165: CMakeFiles/mk_rgb_seg.dir/all] Error 2
gmake: *** [Makefile:146: all] Error 2
