[0.017s] Invoking command in '/home/mkhanum/datapipe/ros2_ws/build/smartbelt_segmentation': CMAKE_PREFIX_PATH=${CMAKE_PREFIX_PATH}:/opt/ros/humble /usr/bin/cmake /home/mkhanum/datapipe/ros2_ws/src/smartbelt_segmentation -DAMENT_CMAKE_SYMLINK_INSTALL=1 -DCMAKE_INSTALL_PREFIX=/home/mkhanum/datapipe/ros2_ws/install/smartbelt_segmentation
[0.369s] -- The C compiler identification is GNU 11.4.0
[1.218s] -- The CXX compiler identification is GNU 11.4.0
[1.714s] -- Detecting C compiler ABI info
[1.925s] -- Detecting C compiler ABI info - done
[1.933s] -- Check for working C compiler: /usr/bin/cc - skipped
[1.933s] -- Detecting C compile features
[1.934s] -- Detecting C compile features - done
[1.940s] -- Detecting CXX compiler ABI info
[2.170s] -- Detecting CXX compiler ABI info - done
[2.178s] -- Check for working CXX compiler: /usr/bin/c++ - skipped
[2.178s] -- Detecting CXX compile features
[2.179s] -- Detecting CXX compile features - done
[2.197s] -- Found ament_cmake: 1.3.11 (/opt/ros/humble/share/ament_cmake/cmake)
[2.368s] -- Found Python3: /usr/bin/python3 (found version "3.10.12") found components: Interpreter 
[2.456s] -- Override CMake install command with custom implementation using symlinks instead of copying resources
[2.503s] -- Found rclcpp: 16.0.11 (/opt/ros/humble/share/rclcpp/cmake)
[3.036s] -- Found rosidl_generator_c: 3.1.6 (/opt/ros/humble/share/rosidl_generator_c/cmake)
[3.044s] -- Found rosidl_adapter: 3.1.6 (/opt/ros/humble/share/rosidl_adapter/cmake)
[3.059s] -- Found rosidl_generator_cpp: 3.1.6 (/opt/ros/humble/share/rosidl_generator_cpp/cmake)
[3.084s] -- Using all available rosidl_typesupport_c: rosidl_typesupport_fastrtps_c;rosidl_typesupport_introspection_c
[3.113s] -- Using all available rosidl_typesupport_cpp: rosidl_typesupport_fastrtps_cpp;rosidl_typesupport_introspection_cpp
[3.190s] -- Found rmw_implementation_cmake: 6.1.2 (/opt/ros/humble/share/rmw_implementation_cmake/cmake)
[3.194s] -- Found rmw_fastrtps_cpp: 6.2.7 (/opt/ros/humble/share/rmw_fastrtps_cpp/cmake)
[5.062s] -- Found OpenSSL: /usr/lib/x86_64-linux-gnu/libcrypto.so (found version "3.0.2")  
[7.562s] -- Found FastRTPS: /opt/ros/humble/include  
[12.093s] -- Using RMW implementation 'rmw_fastrtps_cpp' as default
[12.110s] -- Looking for pthread.h
[12.329s] -- Looking for pthread.h - found
[12.330s] -- Performing Test CMAKE_HAVE_LIBC_PTHREAD
[12.542s] -- Performing Test CMAKE_HAVE_LIBC_PTHREAD - Success
[12.543s] -- Found Threads: TRUE  
[12.630s] -- Found sensor_msgs: 4.2.4 (/opt/ros/humble/share/sensor_msgs/cmake)
[12.683s] -- Found image_geometry: 3.2.1 (/opt/ros/humble/share/image_geometry/cmake)
[12.706s] -- Found tf2: 0.25.12 (/opt/ros/humble/share/tf2/cmake)
[12.722s] -- Found tf2_ros: 0.25.12 (/opt/ros/humble/share/tf2_ros/cmake)
[12.885s] -- Found tf2_eigen: 0.25.12 (/opt/ros/humble/share/tf2_eigen/cmake)
[12.898s] -- Found tf2_geometry_msgs: 0.25.12 (/opt/ros/humble/share/tf2_geometry_msgs/cmake)
[12.981s] -- Found eigen3_cmake_module: 0.1.1 (/opt/ros/humble/share/eigen3_cmake_module/cmake)
[12.983s] -- Found Eigen3: TRUE (found version "3.4.0") 
[12.983s] -- Ensuring Eigen3 include directory is part of orocos-kdl CMake target
[12.987s] -- Found cv_bridge: 3.2.1 (/opt/ros/humble/share/cv_bridge/cmake)
[12.997s] -- Found OpenCV: /usr (found version "4.5.4") 
[13.000s] -- Found image_transport: 3.1.10 (/opt/ros/humble/share/image_transport/cmake)
[15.380s] -- Checking for module 'eigen3'
[15.393s] --   Found eigen3, version 3.4.0
[15.423s] -- Found Eigen: /usr/include/eigen3 (Required is at least version "3.1") 
[15.423s] -- Eigen found (include: /usr/include/eigen3, version: 3.4.0)
[15.462s] -- Found Boost: /usr/lib/x86_64-linux-gnu/cmake/Boost-1.74.0/BoostConfig.cmake (found suitable version "1.74.0", minimum required is "1.65.0") found components: system filesystem date_time iostreams serialization 
[15.515s] -- Checking for module 'libusb-1.0'
[15.528s] --   Found libusb-1.0, version 1.0.25
[15.693s] -- Found libusb: /usr/lib/x86_64-linux-gnu/libusb-1.0.so  
[15.694s] -- Found OpenNI: /usr/lib/libOpenNI.so;libusb::libusb (found version "1.5.4.0") 
[15.695s] -- OpenNI found (version: 1.5.4.0, include: /usr/include/ni, lib: /usr/lib/libOpenNI.so;libusb::libusb)
[16.014s] -- Found OpenNI2: /usr/lib/x86_64-linux-gnu/libOpenNI2.so;libusb::libusb (found version "2.2.0.33") 
[16.014s] -- OpenNI2 found (version: 2.2.0.33, include: /usr/include/openni2, lib: /usr/lib/x86_64-linux-gnu/libOpenNI2.so;libusb::libusb)
[16.015s] [0m** WARNING ** io features related to pcap will be disabled[0m
[16.015s] [0m** WARNING ** io features related to png will be disabled[0m
[16.065s] -- Found GLEW: /usr/lib/x86_64-linux-gnu/libGLEW.so  
[16.200s] -- Found OpenGL: /usr/lib/x86_64-linux-gnu/libOpenGL.so  found components: OpenGL GLX 
[16.509s] -- Found MPI_C: /usr/lib/x86_64-linux-gnu/libmpi.so (found version "3.1") 
[16.509s] -- Found MPI: TRUE (found version "3.1") found components: C 
[16.513s] -- Found JsonCpp: /usr/lib/x86_64-linux-gnu/libjsoncpp.so (found suitable version "1.9.5", minimum required is "0.7.0") 
[17.378s] -- Found ZLIB: /usr/lib/x86_64-linux-gnu/libz.so (found version "1.2.11") 
[18.364s] -- Found PNG: /usr/lib/x86_64-linux-gnu/libpng.so (found version "1.6.37") 
[18.417s] -- Found Eigen3: /usr/include/eigen3 (found version "3.4.0") 
[20.116s] -- Found X11: /usr/include   
[20.117s] -- Looking for XOpenDisplay in /usr/lib/x86_64-linux-gnu/libX11.so;/usr/lib/x86_64-linux-gnu/libXext.so
[20.345s] -- Looking for XOpenDisplay in /usr/lib/x86_64-linux-gnu/libX11.so;/usr/lib/x86_64-linux-gnu/libXext.so - found
[20.345s] -- Looking for gethostbyname
[20.561s] -- Looking for gethostbyname - found
[20.561s] -- Looking for connect
[20.774s] -- Looking for connect - found
[20.774s] -- Looking for remove
[20.976s] -- Looking for remove - found
[20.976s] -- Looking for shmat
[21.174s] -- Looking for shmat - found
[21.174s] -- Looking for IceConnectionNumber in ICE
[21.387s] -- Looking for IceConnectionNumber in ICE - found
[22.747s] -- Found EXPAT: /usr/lib/x86_64-linux-gnu/libexpat.so (found version "2.4.7") 
[22.751s] -- Found double-conversion: /usr/lib/x86_64-linux-gnu/libdouble-conversion.so  
[22.754s] -- Found LZ4: /usr/lib/x86_64-linux-gnu/liblz4.so (found version "1.9.3") 
[22.757s] -- Found LZMA: /usr/lib/x86_64-linux-gnu/liblzma.so (found version "5.2.5") 
[23.106s] -- Found JPEG: /usr/lib/x86_64-linux-gnu/libjpeg.so (found version "80") 
[23.367s] -- Found TIFF: /usr/lib/x86_64-linux-gnu/libtiff.so (found version "4.3.0")  
[23.371s] -- Found Freetype: /usr/lib/x86_64-linux-gnu/libfreetype.so (found version "2.11.1") 
[23.381s] -- Found utf8cpp: /usr/include/utf8cpp  
[23.426s] -- Eigen found (include: /usr/include/eigen3, version: 3.4.0)
[23.426s] -- looking for PCL_COMMON
[23.427s] -- Found PCL_COMMON: /usr/lib/x86_64-linux-gnu/libpcl_common.so  
[23.427s] -- looking for PCL_OCTREE
[23.428s] -- Found PCL_OCTREE: /usr/lib/x86_64-linux-gnu/libpcl_octree.so  
[23.428s] -- looking for PCL_IO
[23.429s] -- Found PCL_IO: /usr/lib/x86_64-linux-gnu/libpcl_io.so  
[23.430s] -- Found PCL: pcl_common;pcl_octree;pcl_io;Boost::system;Boost::filesystem;Boost::date_time;Boost::iostreams;Boost::serialization;/usr/lib/libOpenNI.so;libusb::libusb;/usr/lib/x86_64-linux-gnu/libOpenNI2.so;libusb::libusb;VTK::ChartsCore;VTK::CommonColor;VTK::CommonComputationalGeometry;VTK::CommonCore;VTK::CommonDataModel;VTK::CommonExecutionModel;VTK::CommonMath;VTK::CommonMisc;VTK::CommonTransforms;VTK::FiltersCore;VTK::FiltersExtraction;VTK::FiltersGeneral;VTK::FiltersGeometry;VTK::FiltersModeling;VTK::FiltersSources;VTK::ImagingCore;VTK::ImagingSources;VTK::InteractionImage;VTK::InteractionStyle;VTK::InteractionWidgets;VTK::IOCore;VTK::IOGeometry;VTK::IOImage;VTK::IOLegacy;VTK::IOPLY;VTK::RenderingAnnotation;VTK::RenderingCore;VTK::RenderingContext2D;VTK::RenderingLOD;VTK::RenderingFreeType;VTK::ViewsCore;VTK::ViewsContext2D;VTK::RenderingOpenGL2;VTK::GUISupportQt  
[23.432s] -- Found pcl_conversions: 2.4.5 (/opt/ros/humble/share/pcl_conversions/cmake)
[23.558s] -- Configuring done
[23.631s] -- Generating done
[23.642s] -- Build files have been written to: /home/mkhanum/datapipe/ros2_ws/build/smartbelt_segmentation
[23.662s] Invoked command in '/home/mkhanum/datapipe/ros2_ws/build/smartbelt_segmentation' returned '0': CMAKE_PREFIX_PATH=${CMAKE_PREFIX_PATH}:/opt/ros/humble /usr/bin/cmake /home/mkhanum/datapipe/ros2_ws/src/smartbelt_segmentation -DAMENT_CMAKE_SYMLINK_INSTALL=1 -DCMAKE_INSTALL_PREFIX=/home/mkhanum/datapipe/ros2_ws/install/smartbelt_segmentation
[23.665s] Invoking command in '/home/mkhanum/datapipe/ros2_ws/build/smartbelt_segmentation': CMAKE_PREFIX_PATH=${CMAKE_PREFIX_PATH}:/opt/ros/humble /usr/bin/cmake --build /home/mkhanum/datapipe/ros2_ws/build/smartbelt_segmentation -- -j16 -l16
[23.713s] [ 50%] [32mBuilding CXX object CMakeFiles/mk_matching_ptcld.dir/src/MK_matching_ptcld.cpp.o[0m
[49.277s] [100%] [32m[1mLinking CXX executable mk_matching_ptcld[0m
[51.499s] [100%] Built target mk_matching_ptcld
[51.511s] Invoked command in '/home/mkhanum/datapipe/ros2_ws/build/smartbelt_segmentation' returned '0': CMAKE_PREFIX_PATH=${CMAKE_PREFIX_PATH}:/opt/ros/humble /usr/bin/cmake --build /home/mkhanum/datapipe/ros2_ws/build/smartbelt_segmentation -- -j16 -l16
[51.521s] Invoking command in '/home/mkhanum/datapipe/ros2_ws/build/smartbelt_segmentation': CMAKE_PREFIX_PATH=${CMAKE_PREFIX_PATH}:/opt/ros/humble /usr/bin/cmake --install /home/mkhanum/datapipe/ros2_ws/build/smartbelt_segmentation
[51.527s] -- Install configuration: ""
[51.527s] -- Execute custom install script
[51.528s] -- Symlinking: /home/mkhanum/datapipe/ros2_ws/install/smartbelt_segmentation/lib/smartbelt_segmentation/mk_matching_ptcld
[51.536s] -- Symlinking: /home/mkhanum/datapipe/ros2_ws/install/smartbelt_segmentation/share/smartbelt_segmentation/launch/segmentation.launch.py
[51.544s] -- Symlinking: /home/mkhanum/datapipe/ros2_ws/install/smartbelt_segmentation/share/smartbelt_segmentation/launch/segmentation.launch.xml
[51.552s] -- Symlinking: /home/mkhanum/datapipe/ros2_ws/install/smartbelt_segmentation/share/ament_index/resource_index/package_run_dependencies/smartbelt_segmentation
[51.559s] -- Symlinking: /home/mkhanum/datapipe/ros2_ws/install/smartbelt_segmentation/share/ament_index/resource_index/parent_prefix_path/smartbelt_segmentation
[51.567s] -- Symlinking: /home/mkhanum/datapipe/ros2_ws/install/smartbelt_segmentation/share/smartbelt_segmentation/environment/ament_prefix_path.sh
[51.576s] -- Symlinking: /home/mkhanum/datapipe/ros2_ws/install/smartbelt_segmentation/share/smartbelt_segmentation/environment/ament_prefix_path.dsv
[51.584s] -- Symlinking: /home/mkhanum/datapipe/ros2_ws/install/smartbelt_segmentation/share/smartbelt_segmentation/environment/path.sh
[51.592s] -- Symlinking: /home/mkhanum/datapipe/ros2_ws/install/smartbelt_segmentation/share/smartbelt_segmentation/environment/path.dsv
[51.599s] -- Symlinking: /home/mkhanum/datapipe/ros2_ws/install/smartbelt_segmentation/share/smartbelt_segmentation/local_setup.bash
[51.607s] -- Symlinking: /home/mkhanum/datapipe/ros2_ws/install/smartbelt_segmentation/share/smartbelt_segmentation/local_setup.sh
[51.615s] -- Symlinking: /home/mkhanum/datapipe/ros2_ws/install/smartbelt_segmentation/share/smartbelt_segmentation/local_setup.zsh
[51.622s] -- Symlinking: /home/mkhanum/datapipe/ros2_ws/install/smartbelt_segmentation/share/smartbelt_segmentation/local_setup.dsv
[51.629s] -- Symlinking: /home/mkhanum/datapipe/ros2_ws/install/smartbelt_segmentation/share/smartbelt_segmentation/package.dsv
[51.637s] -- Symlinking: /home/mkhanum/datapipe/ros2_ws/install/smartbelt_segmentation/share/ament_index/resource_index/packages/smartbelt_segmentation
[51.644s] -- Symlinking: /home/mkhanum/datapipe/ros2_ws/install/smartbelt_segmentation/share/smartbelt_segmentation/cmake/smartbelt_segmentationConfig.cmake
[51.651s] -- Symlinking: /home/mkhanum/datapipe/ros2_ws/install/smartbelt_segmentation/share/smartbelt_segmentation/cmake/smartbelt_segmentationConfig-version.cmake
[51.659s] -- Symlinking: /home/mkhanum/datapipe/ros2_ws/install/smartbelt_segmentation/share/smartbelt_segmentation/package.xml
[51.668s] Invoked command in '/home/mkhanum/datapipe/ros2_ws/build/smartbelt_segmentation' returned '0': CMAKE_PREFIX_PATH=${CMAKE_PREFIX_PATH}:/opt/ros/humble /usr/bin/cmake --install /home/mkhanum/datapipe/ros2_ws/build/smartbelt_segmentation
