[0.037s] Invoking command in '/home/mkhanum/datapipe/build/smartbelt_segmentation': CMAKE_PREFIX_PATH=/opt/ros/humble CONDA_PROMPT_MODIFIER=(base) /usr/bin/cmake --build /home/mkhanum/datapipe/build/smartbelt_segmentation -- -j16 -l16
[0.206s] [35m[1mConsolidate compiler generated dependencies of target mk_matching_ptcld[0m
[0.232s] [ 50%] [32mBuilding CXX object CMakeFiles/mk_matching_ptcld.dir/src/MK_matching_ptcld.cpp.o[0m
[6.733s] [01m[K/home/mkhanum/datapipe/smartbelt_segmentation/src/MK_matching_ptcld.cpp:70:47:[m[K [01;31m[Kerror: [m[K‘[01m[KCameraInfo[m[K’ in namespace ‘[01m[Ksensor_msgs[m[K’ does not name a type
[6.734s]    70 |         void info_callback(const sensor_msgs::[01;31m[KCameraInfo[m[K::ConstPtr& msg);
[6.734s]       |                                               [01;31m[K^~~~~~~~~~[m[K
[6.734s] [01m[K/home/mkhanum/datapipe/smartbelt_segmentation/src/MK_matching_ptcld.cpp:70:67:[m[K [01;31m[Kerror: [m[Kexpected unqualified-id before ‘[01m[K&[m[K’ token
[6.734s]    70 |         void info_callback(const sensor_msgs::CameraInfo::ConstPtr[01;31m[K&[m[K msg);
[6.734s]       |                                                                   [01;31m[K^[m[K
[6.735s] [01m[K/home/mkhanum/datapipe/smartbelt_segmentation/src/MK_matching_ptcld.cpp:70:67:[m[K [01;31m[Kerror: [m[Kexpected ‘[01m[K)[m[K’ before ‘[01m[K&[m[K’ token
[6.735s]    70 |         void info_callback[34m[K([m[Kconst sensor_msgs::CameraInfo::ConstPtr[01;31m[K&[m[K msg);
[6.735s]       |                           [34m[K~[m[K                                       [01;31m[K^[m[K
[6.735s]       |                                                                   [32m[K)[m[K
[6.735s] [01m[K/home/mkhanum/datapipe/smartbelt_segmentation/src/MK_matching_ptcld.cpp:70:67:[m[K [01;31m[Kerror: [m[Kexpected ‘[01m[K;[m[K’ at end of member declaration
[6.735s]    70 |         void info_callback(const sensor_msgs::CameraInfo::ConstPtr[01;31m[K&[m[K msg);
[6.735s]       |                                                                   [01;31m[K^[m[K
[6.735s]       |                                                                    [32m[K;[m[K
[6.738s] [01m[K/home/mkhanum/datapipe/smartbelt_segmentation/src/MK_matching_ptcld.cpp:70:69:[m[K [01;31m[Kerror: [m[K‘[01m[Kmsg[m[K’ does not name a type
[6.738s]    70 |         void info_callback(const sensor_msgs::CameraInfo::ConstPtr& [01;31m[Kmsg[m[K);
[6.738s]       |                                                                     [01;31m[K^~~[m[K
[6.738s] [01m[K/home/mkhanum/datapipe/smartbelt_segmentation/src/MK_matching_ptcld.cpp:72:48:[m[K [01;31m[Kerror: [m[K‘[01m[KImage[m[K’ in namespace ‘[01m[Ksensor_msgs[m[K’ does not name a type
[6.738s]    72 |         void depth_callback(const sensor_msgs::[01;31m[KImage[m[K::ConstPtr& msg); // TODO: POSSIBLE ISSUE, MAY NEED TO BE PC
[6.738s]       |                                                [01;31m[K^~~~~[m[K
[6.738s] [01m[K/home/mkhanum/datapipe/smartbelt_segmentation/src/MK_matching_ptcld.cpp:72:63:[m[K [01;31m[Kerror: [m[Kexpected unqualified-id before ‘[01m[K&[m[K’ token
[6.738s]    72 |         void depth_callback(const sensor_msgs::Image::ConstPtr[01;31m[K&[m[K msg); // TODO: POSSIBLE ISSUE, MAY NEED TO BE PC
[6.738s]       |                                                               [01;31m[K^[m[K
[6.738s] [01m[K/home/mkhanum/datapipe/smartbelt_segmentation/src/MK_matching_ptcld.cpp:72:63:[m[K [01;31m[Kerror: [m[Kexpected ‘[01m[K)[m[K’ before ‘[01m[K&[m[K’ token
[6.738s]    72 |         void depth_callback[34m[K([m[Kconst sensor_msgs::Image::ConstPtr[01;31m[K&[m[K msg); // TODO: POSSIBLE ISSUE, MAY NEED TO BE PC
[6.738s]       |                            [34m[K~[m[K                                  [01;31m[K^[m[K
[6.738s]       |                                                               [32m[K)[m[K
[6.739s] [01m[K/home/mkhanum/datapipe/smartbelt_segmentation/src/MK_matching_ptcld.cpp:72:63:[m[K [01;31m[Kerror: [m[Kexpected ‘[01m[K;[m[K’ at end of member declaration
[6.739s]    72 |         void depth_callback(const sensor_msgs::Image::ConstPtr[01;31m[K&[m[K msg); // TODO: POSSIBLE ISSUE, MAY NEED TO BE PC
[6.739s]       |                                                               [01;31m[K^[m[K
[6.739s]       |                                                                [32m[K;[m[K
[6.740s] [01m[K/home/mkhanum/datapipe/smartbelt_segmentation/src/MK_matching_ptcld.cpp:72:65:[m[K [01;31m[Kerror: [m[K‘[01m[Kmsg[m[K’ does not name a type
[6.740s]    72 |         void depth_callback(const sensor_msgs::Image::ConstPtr& [01;31m[Kmsg[m[K); // TODO: POSSIBLE ISSUE, MAY NEED TO BE PC
[6.740s]       |                                                                 [01;31m[K^~~[m[K
[6.740s] [01m[K/home/mkhanum/datapipe/smartbelt_segmentation/src/MK_matching_ptcld.cpp:73:54:[m[K [01;31m[Kerror: [m[K‘[01m[KImage[m[K’ in namespace ‘[01m[Ksensor_msgs[m[K’ does not name a type
[6.740s]    73 |         void color_image_callback(const sensor_msgs::[01;31m[KImage[m[K::ConstPtr& msg);
[6.741s]       |                                                      [01;31m[K^~~~~[m[K
[6.741s] [01m[K/home/mkhanum/datapipe/smartbelt_segmentation/src/MK_matching_ptcld.cpp:73:69:[m[K [01;31m[Kerror: [m[Kexpected unqualified-id before ‘[01m[K&[m[K’ token
[6.741s]    73 |         void color_image_callback(const sensor_msgs::Image::ConstPtr[01;31m[K&[m[K msg);
[6.741s]       |                                                                     [01;31m[K^[m[K
[6.741s] [01m[K/home/mkhanum/datapipe/smartbelt_segmentation/src/MK_matching_ptcld.cpp:73:69:[m[K [01;31m[Kerror: [m[Kexpected ‘[01m[K)[m[K’ before ‘[01m[K&[m[K’ token
[6.741s]    73 |         void color_image_callback[34m[K([m[Kconst sensor_msgs::Image::ConstPtr[01;31m[K&[m[K msg);
[6.741s]       |                                  [34m[K~[m[K                                  [01;31m[K^[m[K
[6.741s]       |                                                                     [32m[K)[m[K
[6.741s] [01m[K/home/mkhanum/datapipe/smartbelt_segmentation/src/MK_matching_ptcld.cpp:73:69:[m[K [01;31m[Kerror: [m[Kexpected ‘[01m[K;[m[K’ at end of member declaration
[6.741s]    73 |         void color_image_callback(const sensor_msgs::Image::ConstPtr[01;31m[K&[m[K msg);
[6.741s]       |                                                                     [01;31m[K^[m[K
[6.741s]       |                                                                      [32m[K;[m[K
[6.742s] [01m[K/home/mkhanum/datapipe/smartbelt_segmentation/src/MK_matching_ptcld.cpp:73:71:[m[K [01;31m[Kerror: [m[K‘[01m[Kmsg[m[K’ does not name a type
[6.743s]    73 |         void color_image_callback(const sensor_msgs::Image::ConstPtr& [01;31m[Kmsg[m[K);
[6.743s]       |                                                                       [01;31m[K^~~[m[K
[6.743s] [01m[K/home/mkhanum/datapipe/smartbelt_segmentation/src/MK_matching_ptcld.cpp:81:17:[m[K [01;31m[Kerror: [m[K‘[01m[KNodeHandle[m[K’ in namespace ‘[01m[Krclcpp[m[K’ does not name a type
[6.743s]    81 |         rclcpp::[01;31m[KNodeHandle[m[K nh;
[6.744s]       |                 [01;31m[K^~~~~~~~~~[m[K
[6.744s] [01m[K/home/mkhanum/datapipe/smartbelt_segmentation/src/MK_matching_ptcld.cpp:84:9:[m[K [01;31m[Kerror: [m[Kinvalid use of template-name ‘[01m[Krclcpp::Publisher[m[K’ without an argument list
[6.744s]    84 |         [01;31m[Krclcpp[m[K::Publisher image_color_filt_pub_;
[6.744s]       |         [01;31m[K^~~~~~[m[K
[6.744s] [01m[K/home/mkhanum/datapipe/smartbelt_segmentation/src/MK_matching_ptcld.cpp:85:9:[m[K [01;31m[Kerror: [m[Kinvalid use of template-name ‘[01m[Krclcpp::Publisher[m[K’ without an argument list
[6.744s]    85 |         [01;31m[Krclcpp[m[K::Publisher camera_cube_locator_marker_;
[6.744s]       |         [01;31m[K^~~~~~[m[K
[6.744s] [01m[K/home/mkhanum/datapipe/smartbelt_segmentation/src/MK_matching_ptcld.cpp:88:17:[m[K [01;31m[Kerror: [m[K‘[01m[KSubscriber[m[K’ in namespace ‘[01m[Krclcpp[m[K’ does not name a type
[6.744s]    88 |         rclcpp::[01;31m[KSubscriber[m[K depth_sub_;
[6.744s]       |                 [01;31m[K^~~~~~~~~~[m[K
[6.744s] [01m[K/home/mkhanum/datapipe/smartbelt_segmentation/src/MK_matching_ptcld.cpp:89:17:[m[K [01;31m[Kerror: [m[K‘[01m[KSubscriber[m[K’ in namespace ‘[01m[Krclcpp[m[K’ does not name a type
[6.744s]    89 |         rclcpp::[01;31m[KSubscriber[m[K rgb_image_sub_;
[6.744s]       |                 [01;31m[K^~~~~~~~~~[m[K
[6.745s] [01m[K/home/mkhanum/datapipe/smartbelt_segmentation/src/MK_matching_ptcld.cpp:91:17:[m[K [01;31m[Kerror: [m[K‘[01m[KServiceServer[m[K’ in namespace ‘[01m[Krclcpp[m[K’ does not name a type; did you mean ‘[01m[KServiceBase[m[K’?
[6.745s]    91 |         rclcpp::[01;31m[KServiceServer[m[K service_;
[6.745s]       |                 [01;31m[K^~~~~~~~~~~~~[m[K
[6.745s]       |                 [32m[KServiceBase[m[K
[6.745s] [01m[K/home/mkhanum/datapipe/smartbelt_segmentation/src/MK_matching_ptcld.cpp:93:24:[m[K [01;31m[Kerror: [m[K‘[01m[KPointStamped[m[K’ in namespace ‘[01m[Kgeometry_msgs[m[K’ does not name a type
[6.745s]    93 |         geometry_msgs::[01;31m[KPointStamped[m[K point_3d_cloud_; //Point in pointcloud corresponding to desired pixels
[6.745s]       |                        [01;31m[K^~~~~~~~~~~~[m[K
[6.745s] [01m[K/home/mkhanum/datapipe/smartbelt_segmentation/src/MK_matching_ptcld.cpp:95:36:[m[K [01;31m[Kerror: [m[K‘[01m[KPoint[m[K’ is not a member of ‘[01m[Kgeometry_msgs[m[K’
[6.745s]    95 |         std::vector<geometry_msgs::[01;31m[KPoint[m[K> mask_pixels_;
[6.745s]       |                                    [01;31m[K^~~~~[m[K
[6.746s] [01m[K/home/mkhanum/datapipe/smartbelt_segmentation/src/MK_matching_ptcld.cpp:95:36:[m[K [01;36m[Knote: [m[Ksuggested alternatives:
[6.746s] In file included from [01m[K/usr/include/opencv4/opencv2/core.hpp:57[m[K,
[6.746s]                  from [01m[K/usr/include/opencv4/opencv2/opencv.hpp:52[m[K,
[6.746s]                  from [01m[K/home/mkhanum/datapipe/smartbelt_segmentation/src/MK_matching_ptcld.cpp:36[m[K:
[6.747s] [01m[K/usr/include/opencv4/opencv2/core/types.hpp:198:17:[m[K [01;36m[Knote: [m[K  ‘[01m[Kcv::Point[m[K’
[6.747s]   198 | typedef Point2i [01;36m[KPoint[m[K;
[6.747s]       |                 [01;36m[K^~~~~[m[K
[6.747s] In file included from [01m[K/opt/ros/humble/include/geometry_msgs/geometry_msgs/msg/detail/pose__struct.hpp:20[m[K,
[6.747s]                  from [01m[K/opt/ros/humble/include/geometry_msgs/geometry_msgs/msg/detail/pose_stamped__struct.hpp:22[m[K,
[6.747s]                  from [01m[K/opt/ros/humble/include/geometry_msgs/geometry_msgs/msg/pose_stamped.hpp:7[m[K,
[6.747s]                  from [01m[K/home/mkhanum/datapipe/smartbelt_segmentation/src/MK_matching_ptcld.cpp:21[m[K:
[6.747s] [01m[K/opt/ros/humble/include/geometry_msgs/geometry_msgs/msg/detail/point__struct.hpp:150:7:[m[K [01;36m[Knote: [m[K  ‘[01m[Kgeometry_msgs::msg::Point[m[K’
[6.747s]   150 | using [01;36m[KPoint[m[K =
[6.747s]       |       [01;36m[K^~~~~[m[K
[6.747s] [01m[K/home/mkhanum/datapipe/smartbelt_segmentation/src/MK_matching_ptcld.cpp:95:41:[m[K [01;31m[Kerror: [m[Ktemplate argument 1 is invalid
[6.747s]    95 |         std::vector<geometry_msgs::Point[01;31m[K>[m[K mask_pixels_;
[6.747s]       |                                         [01;31m[K^[m[K
[6.747s] [01m[K/home/mkhanum/datapipe/smartbelt_segmentation/src/MK_matching_ptcld.cpp:95:41:[m[K [01;31m[Kerror: [m[Ktemplate argument 2 is invalid
[6.753s] [01m[K/home/mkhanum/datapipe/smartbelt_segmentation/src/MK_matching_ptcld.cpp:100:9:[m[K [01;31m[Kerror: [m[K‘[01m[Kimage_geometry[m[K’ does not name a type
[6.753s]   100 |         [01;31m[Kimage_geometry[m[K::PinholeCameraModel camera_model_; //Camera model, will help us with projecting the ray through the depth image
[6.753s]       |         [01;31m[K^~~~~~~~~~~~~~[m[K
[6.757s] [01m[K/home/mkhanum/datapipe/smartbelt_segmentation/src/MK_matching_ptcld.cpp:103:9:[m[K [01;31m[Kerror: [m[K‘[01m[Ktf2_rclcpp[m[K’ does not name a type
[6.757s]   103 |         [01;31m[Ktf2_rclcpp[m[K::Buffer tf_buffer_;
[6.757s]       |         [01;31m[K^~~~~~~~~~[m[K
[6.770s] [01m[K/home/mkhanum/datapipe/smartbelt_segmentation/src/MK_matching_ptcld.cpp:104:25:[m[K [01;31m[Kerror: [m[K‘[01m[Ktf2_rclcpp[m[K’ was not declared in this scope; did you mean ‘[01m[Krclcpp[m[K’?
[6.771s]   104 |         std::unique_ptr<[01;31m[Ktf2_rclcpp[m[K::TransformListener> tf_listener_;
[6.771s]       |                         [01;31m[K^~~~~~~~~~[m[K
[6.771s]       |                         [32m[Krclcpp[m[K
[6.771s] [01m[K/home/mkhanum/datapipe/smartbelt_segmentation/src/MK_matching_ptcld.cpp:104:54:[m[K [01;31m[Kerror: [m[Ktemplate argument 1 is invalid
[6.771s]   104 |         std::unique_ptr<tf2_rclcpp::TransformListener[01;31m[K>[m[K tf_listener_;
[6.771s]       |                                                      [01;31m[K^[m[K
[6.771s] [01m[K/home/mkhanum/datapipe/smartbelt_segmentation/src/MK_matching_ptcld.cpp:104:54:[m[K [01;31m[Kerror: [m[Ktemplate argument 2 is invalid
[6.779s] [01m[K/home/mkhanum/datapipe/smartbelt_segmentation/src/MK_matching_ptcld.cpp:[m[K In constructor ‘[01m[KMatching_Pix_to_Ptcld::Matching_Pix_to_Ptcld()[m[K’:
[6.780s] [01m[K/home/mkhanum/datapipe/smartbelt_segmentation/src/MK_matching_ptcld.cpp:110:9:[m[K [01;31m[Kerror: [m[K‘[01m[Knh[m[K’ was not declared in this scope
[6.780s]   110 |         [01;31m[Knh[m[K = rclcpp::NodeHandle(); //This argument makes all topics internal to this node namespace. //takes the node name (global node handle), If you use ~ then its private (under the node handle name) /armcontroller/ *param*
[6.780s]       |         [01;31m[K^~[m[K
[6.781s] [01m[K/home/mkhanum/datapipe/smartbelt_segmentation/src/MK_matching_ptcld.cpp:110:22:[m[K [01;31m[Kerror: [m[K‘[01m[KNodeHandle[m[K’ is not a member of ‘[01m[Krclcpp[m[K’
[6.782s]   110 |         nh = rclcpp::[01;31m[KNodeHandle[m[K(); //This argument makes all topics internal to this node namespace. //takes the node name (global node handle), If you use ~ then its private (under the node handle name) /armcontroller/ *param*
[6.782s]       |                      [01;31m[K^~~~~~~~~~[m[K
[6.782s] [01m[K/home/mkhanum/datapipe/smartbelt_segmentation/src/MK_matching_ptcld.cpp:112:22:[m[K [01;31m[Kerror: [m[Krequest for member ‘[01m[Kreset[m[K’ in ‘[01m[K((Matching_Pix_to_Ptcld*)this)->Matching_Pix_to_Ptcld::tf_listener_[m[K’, which is of non-class type ‘[01m[Kint[m[K’
[6.782s]   112 |         tf_listener_.[01;31m[Kreset[m[K(new tf2_rclcpp::TransformListener(tf_buffer_));
[6.782s]       |                      [01;31m[K^~~~~[m[K
[6.786s] [01m[K/home/mkhanum/datapipe/smartbelt_segmentation/src/MK_matching_ptcld.cpp:112:32:[m[K [01;31m[Kerror: [m[K‘[01m[Ktf2_rclcpp[m[K’ does not name a type
[6.786s]   112 |         tf_listener_.reset(new [01;31m[Ktf2_rclcpp[m[K::TransformListener(tf_buffer_));
[6.786s]       |                                [01;31m[K^~~~~~~~~~[m[K
[6.786s] [01m[K/home/mkhanum/datapipe/smartbelt_segmentation/src/MK_matching_ptcld.cpp:114:29:[m[K [01;31m[Kerror: [m[Kexpected primary-expression before ‘[01m[K>[m[K’ token
[6.786s]   114 |         nh.param<std::string[01;31m[K>[m[K("pt_srv_color_img_topic", color_image_topic_, "/d455/color/image_raw");
[6.786s]       |                             [01;31m[K^[m[K
[6.786s] [01m[K/home/mkhanum/datapipe/smartbelt_segmentation/src/MK_matching_ptcld.cpp:115:29:[m[K [01;31m[Kerror: [m[Kexpected primary-expression before ‘[01m[K>[m[K’ token
[6.786s]   115 |         nh.param<std::string[01;31m[K>[m[K("pt_srv_reg_pt_cld_topic", registered_pt_cld_topic_, "/d455/depth/color/points");
[6.786s]       |                             [01;31m[K^[m[K
[6.799s] [01m[K/home/mkhanum/datapipe/smartbelt_segmentation/src/MK_matching_ptcld.cpp:121:9:[m[K [01;31m[Kerror: [m[K‘[01m[Kmasked_img_pub_[m[K’ was not declared in this scope; did you mean ‘[01m[Kmasked_img_gen[m[K’?
[6.799s]   121 |         [01;31m[Kmasked_img_pub_[m[K = nh.advertise<sensor_msgs::Image>("/processed_d455/image_gsam2_mask",1);
[6.799s]       |         [01;31m[K^~~~~~~~~~~~~~~[m[K
[6.799s]       |         [32m[Kmasked_img_gen[m[K
[6.801s] [01m[K/home/mkhanum/datapipe/smartbelt_segmentation/src/MK_matching_ptcld.cpp:121:53:[m[K [01;31m[Kerror: [m[K‘[01m[KImage[m[K’ is not a member of ‘[01m[Ksensor_msgs[m[K’; did you mean ‘[01m[Ksensor_msgs::msg::Image[m[K’?
[6.801s]   121 |         masked_img_pub_ = nh.advertise<sensor_msgs::[01;31m[KImage[m[K>("/processed_d455/image_gsam2_mask",1);
[6.801s]       |                                                     [01;31m[K^~~~~[m[K
[6.801s] In file included from [01m[K/opt/ros/humble/include/sensor_msgs/sensor_msgs/msg/image.hpp:7[m[K,
[6.801s]                  from [01m[K/opt/ros/humble/include/image_transport/image_transport/camera_publisher.hpp:38[m[K,
[6.801s]                  from [01m[K/opt/ros/humble/include/image_transport/image_transport/image_transport.hpp:39[m[K,
[6.801s]                  from [01m[K/home/mkhanum/datapipe/smartbelt_segmentation/src/MK_matching_ptcld.cpp:40[m[K:
[6.801s] [01m[K/opt/ros/humble/include/sensor_msgs/sensor_msgs/msg/detail/image__struct.hpp:208:7:[m[K [01;36m[Knote: [m[K‘[01m[Ksensor_msgs::msg::Image[m[K’ declared here
[6.802s]   208 | using [01;36m[KImage[m[K =
[6.802s]       |       [01;36m[K^~~~~[m[K
[6.820s] [01m[K/home/mkhanum/datapipe/smartbelt_segmentation/src/MK_matching_ptcld.cpp:122:9:[m[K [01;31m[Kerror: [m[K‘[01m[Kmasked_pc_filt_pub_[m[K’ was not declared in this scope
[6.820s]   122 |         [01;31m[Kmasked_pc_filt_pub_[m[K = nh.advertise<sensor_msgs::PointCloud2>("/processed_d455/points_gsam2_mask",1);
[6.820s]       |         [01;31m[K^~~~~~~~~~~~~~~~~~~[m[K
[6.822s] [01m[K/home/mkhanum/datapipe/smartbelt_segmentation/src/MK_matching_ptcld.cpp:122:57:[m[K [01;31m[Kerror: [m[K‘[01m[KPointCloud2[m[K’ is not a member of ‘[01m[Ksensor_msgs[m[K’; did you mean ‘[01m[Ksensor_msgs::msg::PointCloud2[m[K’?
[6.822s]   122 |         masked_pc_filt_pub_ = nh.advertise<sensor_msgs::[01;31m[KPointCloud2[m[K>("/processed_d455/points_gsam2_mask",1);
[6.822s]       |                                                         [01;31m[K^~~~~~~~~~~[m[K
[6.822s] In file included from [01m[K/opt/ros/humble/include/sensor_msgs/sensor_msgs/msg/point_cloud2.hpp:7[m[K,
[6.822s]                  from [01m[K/home/mkhanum/datapipe/smartbelt_segmentation/src/MK_matching_ptcld.cpp:46[m[K:
[6.822s] [01m[K/opt/ros/humble/include/sensor_msgs/sensor_msgs/msg/detail/point_cloud2__struct.hpp:235:7:[m[K [01;36m[Knote: [m[K‘[01m[Ksensor_msgs::msg::PointCloud2[m[K’ declared here
[6.822s]   235 | using [01;36m[KPointCloud2[m[K =
[6.822s]       |       [01;36m[K^~~~~~~~~~~[m[K
[6.834s] [01m[K/home/mkhanum/datapipe/smartbelt_segmentation/src/MK_matching_ptcld.cpp:126:9:[m[K [01;31m[Kerror: [m[K‘[01m[Kdepth_sub_[m[K’ was not declared in this scope
[6.835s]   126 |         [01;31m[Kdepth_sub_[m[K = nh.subscribe(depth_image_topic_,1,&Matching_Pix_to_Ptcld::depth_callback,this);
[6.835s]       |         [01;31m[K^~~~~~~~~~[m[K
[6.850s] [01m[K/home/mkhanum/datapipe/smartbelt_segmentation/src/MK_matching_ptcld.cpp:127:9:[m[K [01;31m[Kerror: [m[K‘[01m[Krgb_image_sub_[m[K’ was not declared in this scope
[6.850s]   127 |         [01;31m[Krgb_image_sub_[m[K = nh.subscribe(color_image_topic_,1,&Matching_Pix_to_Ptcld::color_image_callback,this);
[6.850s]       |         [01;31m[K^~~~~~~~~~~~~~[m[K
[6.864s] [01m[K/home/mkhanum/datapipe/smartbelt_segmentation/src/MK_matching_ptcld.cpp:130:9:[m[K [01;31m[Kerror: [m[K‘[01m[Kservice_[m[K’ was not declared in this scope
[6.864s]   130 |         [01;31m[Kservice_[m[K = nh.advertiseService("pix_to_point_cpp", &Matching_Pix_to_Ptcld::service_callback, this);
[6.864s]       |         [01;31m[K^~~~~~~~[m[K
[6.864s] [01m[K/home/mkhanum/datapipe/smartbelt_segmentation/src/MK_matching_ptcld.cpp:130:84:[m[K [01;31m[Kerror: [m[K‘[01m[Kservice_callback[m[K’ is not a member of ‘[01m[KMatching_Pix_to_Ptcld[m[K’
[6.864s]   130 |         service_ = nh.advertiseService("pix_to_point_cpp", &Matching_Pix_to_Ptcld::[01;31m[Kservice_callback[m[K, this);
[6.865s]       |                                                                                    [01;31m[K^~~~~~~~~~~~~~~~[m[K
[6.865s] [01m[K/home/mkhanum/datapipe/smartbelt_segmentation/src/MK_matching_ptcld.cpp:[m[K At global scope:
[6.865s] [01m[K/home/mkhanum/datapipe/smartbelt_segmentation/src/MK_matching_ptcld.cpp:133:6:[m[K [01;31m[Kerror: [m[Kno declaration matches ‘[01m[Kvoid Matching_Pix_to_Ptcld::masked_img_gen(const cv::Mat&, const cv::Mat&)[m[K’
[6.865s]   133 | void [01;31m[KMatching_Pix_to_Ptcld[m[K::masked_img_gen(const cv::Mat& color_img, const cv::Mat& mask) {
[6.865s]       |      [01;31m[K^~~~~~~~~~~~~~~~~~~~~[m[K
[6.865s] [01m[K/home/mkhanum/datapipe/smartbelt_segmentation/src/MK_matching_ptcld.cpp:77:14:[m[K [01;36m[Knote: [m[Kcandidate is: ‘[01m[Kvoid Matching_Pix_to_Ptcld::masked_img_gen()[m[K’
[6.865s]    77 |         void [01;36m[Kmasked_img_gen[m[K();
[6.865s]       |              [01;36m[K^~~~~~~~~~~~~~[m[K
[6.865s] [01m[K/home/mkhanum/datapipe/smartbelt_segmentation/src/MK_matching_ptcld.cpp:64:7:[m[K [01;36m[Knote: [m[K‘[01m[Kclass Matching_Pix_to_Ptcld[m[K’ defined here
[6.866s]    64 | class [01;36m[KMatching_Pix_to_Ptcld[m[K
[6.866s]       |       [01;36m[K^~~~~~~~~~~~~~~~~~~~~[m[K
[6.880s] [01m[K/home/mkhanum/datapipe/smartbelt_segmentation/src/MK_matching_ptcld.cpp:[m[K In member function ‘[01m[Kvoid Matching_Pix_to_Ptcld::masked_pc_gen()[m[K’:
[6.881s] [01m[K/home/mkhanum/datapipe/smartbelt_segmentation/src/MK_matching_ptcld.cpp:161:13:[m[K [01;31m[Kerror: [m[K‘[01m[Kmasked_points_[m[K’ was not declared in this scope
[6.881s]   161 |         if ([01;31m[Kmasked_points_[m[K.empty()) {
[6.881s]       |             [01;31m[K^~~~~~~~~~~~~~[m[K
[6.892s] [01m[K/home/mkhanum/datapipe/smartbelt_segmentation/src/MK_matching_ptcld.cpp:162:17:[m[K [01;31m[Kerror: [m[K‘[01m[KROS_WARN[m[K’ was not declared in this scope
[6.893s]   162 |                 [01;31m[KROS_WARN[m[K("No valid masked points to publish");
[6.893s]       |                 [01;31m[K^~~~~~~~[m[K
[6.894s] [01m[K/home/mkhanum/datapipe/smartbelt_segmentation/src/MK_matching_ptcld.cpp:167:22:[m[K [01;31m[Kerror: [m[K‘[01m[KPointCloud2[m[K’ is not a member of ‘[01m[Ksensor_msgs[m[K’; did you mean ‘[01m[Ksensor_msgs::msg::PointCloud2[m[K’?
[6.894s]   167 |         sensor_msgs::[01;31m[KPointCloud2[m[K pc;
[6.894s]       |                      [01;31m[K^~~~~~~~~~~[m[K
[6.894s] In file included from [01m[K/opt/ros/humble/include/sensor_msgs/sensor_msgs/msg/point_cloud2.hpp:7[m[K,
[6.894s]                  from [01m[K/home/mkhanum/datapipe/smartbelt_segmentation/src/MK_matching_ptcld.cpp:46[m[K:
[6.894s] [01m[K/opt/ros/humble/include/sensor_msgs/sensor_msgs/msg/detail/point_cloud2__struct.hpp:235:7:[m[K [01;36m[Knote: [m[K‘[01m[Ksensor_msgs::msg::PointCloud2[m[K’ declared here
[6.894s]   235 | using [01;36m[KPointCloud2[m[K =
[6.894s]       |       [01;36m[K^~~~~~~~~~~[m[K
[6.903s] [01m[K/home/mkhanum/datapipe/smartbelt_segmentation/src/MK_matching_ptcld.cpp:168:9:[m[K [01;31m[Kerror: [m[K‘[01m[Kpc[m[K’ was not declared in this scope
[6.903s]   168 |         [01;31m[Kpc[m[K.header.stamp = rclcpp::Time::now();
[6.903s]       |         [01;31m[K^~[m[K
[6.903s] [01m[K/home/mkhanum/datapipe/smartbelt_segmentation/src/MK_matching_ptcld.cpp:168:41:[m[K [01;31m[Kerror: [m[K‘[01m[Know[m[K’ is not a member of ‘[01m[Krclcpp::Time[m[K’
[6.903s]   168 |         pc.header.stamp = rclcpp::Time::[01;31m[Know[m[K();
[6.903s]       |                                         [01;31m[K^~~[m[K
[6.919s] [01m[K/home/mkhanum/datapipe/smartbelt_segmentation/src/MK_matching_ptcld.cpp:169:30:[m[K [01;31m[Kerror: [m[K‘[01m[Kcamera_model_[m[K’ was not declared in this scope
[6.919s]   169 |         pc.header.frame_id = [01;31m[Kcamera_model_[m[K.tfFrame();
[6.919s]       |                              [01;31m[K^~~~~~~~~~~~~[m[K
[6.934s] [01m[K/home/mkhanum/datapipe/smartbelt_segmentation/src/MK_matching_ptcld.cpp:171:20:[m[K [01;31m[Kerror: [m[K‘[01m[Kmasked_points_[m[K’ was not declared in this scope
[6.934s]   171 |         pc.width = [01;31m[Kmasked_points_[m[K.size();
[6.934s]       |                    [01;31m[K^~~~~~~~~~~~~~[m[K
[6.936s] [01m[K/home/mkhanum/datapipe/smartbelt_segmentation/src/MK_matching_ptcld.cpp:175:22:[m[K [01;31m[Kerror: [m[K‘[01m[KPointCloud2Modifier[m[K’ is not a member of ‘[01m[Ksensor_msgs[m[K’
[6.936s]   175 |         sensor_msgs::[01;31m[KPointCloud2Modifier[m[K modifier(pc);
[6.936s]       |                      [01;31m[K^~~~~~~~~~~~~~~~~~~[m[K
[6.948s] [01m[K/home/mkhanum/datapipe/smartbelt_segmentation/src/MK_matching_ptcld.cpp:176:9:[m[K [01;31m[Kerror: [m[K‘[01m[Kmodifier[m[K’ was not declared in this scope
[6.948s]   176 |         [01;31m[Kmodifier[m[K.setPointCloud2FieldsByString(1, "xyz");
[6.948s]       |         [01;31m[K^~~~~~~~[m[K
[6.950s] [01m[K/home/mkhanum/datapipe/smartbelt_segmentation/src/MK_matching_ptcld.cpp:177:22:[m[K [01;31m[Kerror: [m[K‘[01m[KPointCloud2Iterator[m[K’ is not a member of ‘[01m[Ksensor_msgs[m[K’
[6.950s]   177 |         sensor_msgs::[01;31m[KPointCloud2Iterator[m[K<float> iter_x(pc, "x");
[6.950s]       |                      [01;31m[K^~~~~~~~~~~~~~~~~~~[m[K
[6.950s] [01m[K/home/mkhanum/datapipe/smartbelt_segmentation/src/MK_matching_ptcld.cpp:177:42:[m[K [01;31m[Kerror: [m[Kexpected primary-expression before ‘[01m[Kfloat[m[K’
[6.950s]   177 |         sensor_msgs::PointCloud2Iterator<[01;31m[Kfloat[m[K> iter_x(pc, "x");
[6.950s]       |                                          [01;31m[K^~~~~[m[K
[6.951s] [01m[K/home/mkhanum/datapipe/smartbelt_segmentation/src/MK_matching_ptcld.cpp:178:22:[m[K [01;31m[Kerror: [m[K‘[01m[KPointCloud2Iterator[m[K’ is not a member of ‘[01m[Ksensor_msgs[m[K’
[6.952s]   178 |         sensor_msgs::[01;31m[KPointCloud2Iterator[m[K<float> iter_y(pc, "y");
[6.952s]       |                      [01;31m[K^~~~~~~~~~~~~~~~~~~[m[K
[6.952s] [01m[K/home/mkhanum/datapipe/smartbelt_segmentation/src/MK_matching_ptcld.cpp:178:42:[m[K [01;31m[Kerror: [m[Kexpected primary-expression before ‘[01m[Kfloat[m[K’
[6.952s]   178 |         sensor_msgs::PointCloud2Iterator<[01;31m[Kfloat[m[K> iter_y(pc, "y");
[6.952s]       |                                          [01;31m[K^~~~~[m[K
[6.952s] [01m[K/home/mkhanum/datapipe/smartbelt_segmentation/src/MK_matching_ptcld.cpp:179:22:[m[K [01;31m[Kerror: [m[K‘[01m[KPointCloud2Iterator[m[K’ is not a member of ‘[01m[Ksensor_msgs[m[K’
[6.952s]   179 |         sensor_msgs::[01;31m[KPointCloud2Iterator[m[K<float> iter_z(pc, "z");
[6.952s]       |                      [01;31m[K^~~~~~~~~~~~~~~~~~~[m[K
[6.953s] [01m[K/home/mkhanum/datapipe/smartbelt_segmentation/src/MK_matching_ptcld.cpp:179:42:[m[K [01;31m[Kerror: [m[Kexpected primary-expression before ‘[01m[Kfloat[m[K’
[6.953s]   179 |         sensor_msgs::PointCloud2Iterator<[01;31m[Kfloat[m[K> iter_z(pc, "z");
[6.953s]       |                                          [01;31m[K^~~~~[m[K
[6.953s] [01m[K/home/mkhanum/datapipe/smartbelt_segmentation/src/MK_matching_ptcld.cpp:183:32:[m[K [01;31m[Kerror: [m[K‘[01m[KPointStamped[m[K’ is not a member of ‘[01m[Kgeometry_msgs[m[K’; did you mean ‘[01m[Kgeometry_msgs::msg::PointStamped[m[K’?
[6.954s]   183 |                 geometry_msgs::[01;31m[KPointStamped[m[K transformed_point;
[6.954s]       |                                [01;31m[K^~~~~~~~~~~~[m[K
[6.954s] In file included from [01m[K/opt/ros/humble/include/geometry_msgs/geometry_msgs/msg/point_stamped.hpp:7[m[K,
[6.954s]                  from [01m[K/opt/ros/humble/include/tf2_eigen/tf2_eigen/tf2_eigen.hpp:35[m[K,
[6.954s]                  from [01m[K/home/mkhanum/datapipe/smartbelt_segmentation/src/MK_matching_ptcld.cpp:27[m[K:
[6.954s] [01m[K/opt/ros/humble/include/geometry_msgs/geometry_msgs/msg/detail/point_stamped__struct.hpp:135:7:[m[K [01;36m[Knote: [m[K‘[01m[Kgeometry_msgs::msg::PointStamped[m[K’ declared here
[6.954s]   135 | using [01;36m[KPointStamped[m[K =
[6.954s]       |       [01;36m[K^~~~~~~~~~~~[m[K
[6.966s] [01m[K/home/mkhanum/datapipe/smartbelt_segmentation/src/MK_matching_ptcld.cpp:185:25:[m[K [01;31m[Kerror: [m[K‘[01m[Ktf_buffer_[m[K’ was not declared in this scope
[6.966s]   185 |                         [01;31m[Ktf_buffer_[m[K.transform(point, transformed_point, camera_model_.tfFrame());
[6.966s]       |                         [01;31m[K^~~~~~~~~~[m[K
[6.983s] [01m[K/home/mkhanum/datapipe/smartbelt_segmentation/src/MK_matching_ptcld.cpp:185:53:[m[K [01;31m[Kerror: [m[K‘[01m[Ktransformed_point[m[K’ was not declared in this scope
[6.983s]   185 |                         tf_buffer_.transform(point, [01;31m[Ktransformed_point[m[K, camera_model_.tfFrame());
[6.983s]       |                                                     [01;31m[K^~~~~~~~~~~~~~~~~[m[K
[6.997s] [01m[K/home/mkhanum/datapipe/smartbelt_segmentation/src/MK_matching_ptcld.cpp:187:25:[m[K [01;31m[Kerror: [m[K‘[01m[KROS_ERROR[m[K’ was not declared in this scope; did you mean ‘[01m[KCV_ERROR[m[K’?
[6.997s]   187 |                         [01;31m[KROS_ERROR[m[K("TF Transform Exception: %s", ex.what());
[6.997s]       |                         [01;31m[K^~~~~~~~~[m[K
[6.997s]       |                         [32m[KCV_ERROR[m[K
[7.006s] [01m[K/home/mkhanum/datapipe/smartbelt_segmentation/src/MK_matching_ptcld.cpp:191:18:[m[K [01;31m[Kerror: [m[K‘[01m[Kiter_x[m[K’ was not declared in this scope
[7.007s]   191 |                 *[01;31m[Kiter_x[m[K = transformed_point.point.x;
[7.007s]       |                  [01;31m[K^~~~~~[m[K
[7.024s] [01m[K/home/mkhanum/datapipe/smartbelt_segmentation/src/MK_matching_ptcld.cpp:191:27:[m[K [01;31m[Kerror: [m[K‘[01m[Ktransformed_point[m[K’ was not declared in this scope
[7.024s]   191 |                 *iter_x = [01;31m[Ktransformed_point[m[K.point.x;
[7.024s]       |                           [01;31m[K^~~~~~~~~~~~~~~~~[m[K
[7.034s] [01m[K/home/mkhanum/datapipe/smartbelt_segmentation/src/MK_matching_ptcld.cpp:192:18:[m[K [01;31m[Kerror: [m[K‘[01m[Kiter_y[m[K’ was not declared in this scope
[7.034s]   192 |                 *[01;31m[Kiter_y[m[K = transformed_point.point.y;
[7.034s]       |                  [01;31m[K^~~~~~[m[K
[7.043s] [01m[K/home/mkhanum/datapipe/smartbelt_segmentation/src/MK_matching_ptcld.cpp:193:18:[m[K [01;31m[Kerror: [m[K‘[01m[Kiter_z[m[K’ was not declared in this scope
[7.043s]   193 |                 *[01;31m[Kiter_z[m[K = transformed_point.point.z;
[7.043s]       |                  [01;31m[K^~~~~~[m[K
[7.064s] [01m[K/home/mkhanum/datapipe/smartbelt_segmentation/src/MK_matching_ptcld.cpp:198:9:[m[K [01;31m[Kerror: [m[K‘[01m[Kmasked_pc_filt_pub_[m[K’ was not declared in this scope
[7.064s]   198 |         [01;31m[Kmasked_pc_filt_pub_[m[K.publish(pc);
[7.064s]       |         [01;31m[K^~~~~~~~~~~~~~~~~~~[m[K
[7.064s] [01m[K/home/mkhanum/datapipe/smartbelt_segmentation/src/MK_matching_ptcld.cpp:[m[K At global scope:
[7.064s] [01m[K/home/mkhanum/datapipe/smartbelt_segmentation/src/MK_matching_ptcld.cpp:201:6:[m[K [01;31m[Kerror: [m[Kno declaration matches ‘[01m[Kvoid Matching_Pix_to_Ptcld::camera_cube_locator_marker_gen()[m[K’
[7.064s]   201 | void [01;31m[KMatching_Pix_to_Ptcld[m[K::camera_cube_locator_marker_gen(){
[7.064s]       |      [01;31m[K^~~~~~~~~~~~~~~~~~~~~[m[K
[7.064s] [01m[K/home/mkhanum/datapipe/smartbelt_segmentation/src/MK_matching_ptcld.cpp:201:6:[m[K [01;36m[Knote: [m[Kno functions named ‘[01m[Kvoid Matching_Pix_to_Ptcld::camera_cube_locator_marker_gen()[m[K’
[7.064s] [01m[K/home/mkhanum/datapipe/smartbelt_segmentation/src/MK_matching_ptcld.cpp:64:7:[m[K [01;36m[Knote: [m[K‘[01m[Kclass Matching_Pix_to_Ptcld[m[K’ defined here
[7.064s]    64 | class [01;36m[KMatching_Pix_to_Ptcld[m[K
[7.064s]       |       [01;36m[K^~~~~~~~~~~~~~~~~~~~~[m[K
[7.064s] [01m[K/home/mkhanum/datapipe/smartbelt_segmentation/src/MK_matching_ptcld.cpp:224:62:[m[K [01;31m[Kerror: [m[K‘[01m[KCameraInfo[m[K’ in namespace ‘[01m[Ksensor_msgs[m[K’ does not name a type
[7.065s]   224 | void Matching_Pix_to_Ptcld::info_callback(const sensor_msgs::[01;31m[KCameraInfo[m[K::ConstPtr& msg){
[7.065s]       |                                                              [01;31m[K^~~~~~~~~~[m[K
[7.065s] [01m[K/home/mkhanum/datapipe/smartbelt_segmentation/src/MK_matching_ptcld.cpp:224:82:[m[K [01;31m[Kerror: [m[Kexpected unqualified-id before ‘[01m[K&[m[K’ token
[7.065s]   224 | void Matching_Pix_to_Ptcld::info_callback(const sensor_msgs::CameraInfo::ConstPtr[01;31m[K&[m[K msg){
[7.065s]       |                                                                                  [01;31m[K^[m[K
[7.065s] [01m[K/home/mkhanum/datapipe/smartbelt_segmentation/src/MK_matching_ptcld.cpp:224:82:[m[K [01;31m[Kerror: [m[Kexpected ‘[01m[K)[m[K’ before ‘[01m[K&[m[K’ token
[7.065s]   224 | void Matching_Pix_to_Ptcld::info_callback[34m[K([m[Kconst sensor_msgs::CameraInfo::ConstPtr[01;31m[K&[m[K msg){
[7.065s]       |                                          [34m[K~[m[K                                       [01;31m[K^[m[K
[7.065s]       |                                                                                  [32m[K)[m[K
[7.065s] [01m[K/home/mkhanum/datapipe/smartbelt_segmentation/src/MK_matching_ptcld.cpp:224:84:[m[K [01;31m[Kerror: [m[Kexpected initializer before ‘[01m[Kmsg[m[K’
[7.065s]   224 | void Matching_Pix_to_Ptcld::info_callback(const sensor_msgs::CameraInfo::ConstPtr& [01;31m[Kmsg[m[K){
[7.065s]       |                                                                                    [01;31m[K^~~[m[K
[7.065s] [01m[K/home/mkhanum/datapipe/smartbelt_segmentation/src/MK_matching_ptcld.cpp:230:63:[m[K [01;31m[Kerror: [m[K‘[01m[KImage[m[K’ in namespace ‘[01m[Ksensor_msgs[m[K’ does not name a type
[7.065s]   230 | void Matching_Pix_to_Ptcld::depth_callback(const sensor_msgs::[01;31m[KImage[m[K::ConstPtr& msg){
[7.065s]       |                                                               [01;31m[K^~~~~[m[K
[7.065s] [01m[K/home/mkhanum/datapipe/smartbelt_segmentation/src/MK_matching_ptcld.cpp:230:78:[m[K [01;31m[Kerror: [m[Kexpected unqualified-id before ‘[01m[K&[m[K’ token
[7.065s]   230 | void Matching_Pix_to_Ptcld::depth_callback(const sensor_msgs::Image::ConstPtr[01;31m[K&[m[K msg){
[7.066s]       |                                                                              [01;31m[K^[m[K
[7.066s] [01m[K/home/mkhanum/datapipe/smartbelt_segmentation/src/MK_matching_ptcld.cpp:230:78:[m[K [01;31m[Kerror: [m[Kexpected ‘[01m[K)[m[K’ before ‘[01m[K&[m[K’ token
[7.066s]   230 | void Matching_Pix_to_Ptcld::depth_callback[34m[K([m[Kconst sensor_msgs::Image::ConstPtr[01;31m[K&[m[K msg){
[7.066s]       |                                           [34m[K~[m[K                                  [01;31m[K^[m[K
[7.066s]       |                                                                              [32m[K)[m[K
[7.066s] [01m[K/home/mkhanum/datapipe/smartbelt_segmentation/src/MK_matching_ptcld.cpp:230:80:[m[K [01;31m[Kerror: [m[Kexpected initializer before ‘[01m[Kmsg[m[K’
[7.066s]   230 | void Matching_Pix_to_Ptcld::depth_callback(const sensor_msgs::Image::ConstPtr& [01;31m[Kmsg[m[K){
[7.066s]       |                                                                                [01;31m[K^~~[m[K
[7.066s] [01m[K/home/mkhanum/datapipe/smartbelt_segmentation/src/MK_matching_ptcld.cpp:281:69:[m[K [01;31m[Kerror: [m[K‘[01m[KImage[m[K’ in namespace ‘[01m[Ksensor_msgs[m[K’ does not name a type
[7.066s]   281 | void Matching_Pix_to_Ptcld::color_image_callback(const sensor_msgs::[01;31m[KImage[m[K::ConstPtr& msg){
[7.066s]       |                                                                     [01;31m[K^~~~~[m[K
[7.066s] [01m[K/home/mkhanum/datapipe/smartbelt_segmentation/src/MK_matching_ptcld.cpp:281:84:[m[K [01;31m[Kerror: [m[Kexpected unqualified-id before ‘[01m[K&[m[K’ token
[7.066s]   281 | void Matching_Pix_to_Ptcld::color_image_callback(const sensor_msgs::Image::ConstPtr[01;31m[K&[m[K msg){
[7.066s]       |                                                                                    [01;31m[K^[m[K
[7.066s] [01m[K/home/mkhanum/datapipe/smartbelt_segmentation/src/MK_matching_ptcld.cpp:281:84:[m[K [01;31m[Kerror: [m[Kexpected ‘[01m[K)[m[K’ before ‘[01m[K&[m[K’ token
[7.066s]   281 | void Matching_Pix_to_Ptcld::color_image_callback[34m[K([m[Kconst sensor_msgs::Image::ConstPtr[01;31m[K&[m[K msg){
[7.066s]       |                                                 [34m[K~[m[K                                  [01;31m[K^[m[K
[7.066s]       |                                                                                    [32m[K)[m[K
[7.067s] [01m[K/home/mkhanum/datapipe/smartbelt_segmentation/src/MK_matching_ptcld.cpp:281:86:[m[K [01;31m[Kerror: [m[Kexpected initializer before ‘[01m[Kmsg[m[K’
[7.067s]   281 | void Matching_Pix_to_Ptcld::color_image_callback(const sensor_msgs::Image::ConstPtr& [01;31m[Kmsg[m[K){
[7.067s]       |                                                                                      [01;31m[K^~~[m[K
[7.067s] [01m[K/home/mkhanum/datapipe/smartbelt_segmentation/src/MK_matching_ptcld.cpp:330:6:[m[K [01;31m[Kerror: [m[Kno declaration matches ‘[01m[Kbool Matching_Pix_to_Ptcld::run_gsam2(const string&, const string&)[m[K’
[7.067s]   330 | bool [01;31m[KMatching_Pix_to_Ptcld[m[K::run_gsam2(const std::string& image_path, const std::string& mask_path) {
[7.067s]       |      [01;31m[K^~~~~~~~~~~~~~~~~~~~~[m[K
[7.067s] [01m[K/home/mkhanum/datapipe/smartbelt_segmentation/src/MK_matching_ptcld.cpp:330:6:[m[K [01;36m[Knote: [m[Kno functions named ‘[01m[Kbool Matching_Pix_to_Ptcld::run_gsam2(const string&, const string&)[m[K’
[7.067s] [01m[K/home/mkhanum/datapipe/smartbelt_segmentation/src/MK_matching_ptcld.cpp:64:7:[m[K [01;36m[Knote: [m[K‘[01m[Kclass Matching_Pix_to_Ptcld[m[K’ defined here
[7.067s]    64 | class [01;36m[KMatching_Pix_to_Ptcld[m[K
[7.067s]       |       [01;36m[K^~~~~~~~~~~~~~~~~~~~~[m[K
[7.067s] [01m[K/home/mkhanum/datapipe/smartbelt_segmentation/src/MK_matching_ptcld.cpp:336:24:[m[K [01;31m[Kerror: [m[Kno declaration matches ‘[01m[Kstd::vector<cv::Point_<int> > Matching_Pix_to_Ptcld::extract_mask_pixels(const cv::Mat&)[m[K’
[7.067s]   336 | std::vector<cv::Point> [01;31m[KMatching_Pix_to_Ptcld[m[K::extract_mask_pixels(const cv::Mat& mask) {
[7.067s]       |                        [01;31m[K^~~~~~~~~~~~~~~~~~~~~[m[K
[7.067s] [01m[K/home/mkhanum/datapipe/smartbelt_segmentation/src/MK_matching_ptcld.cpp:336:24:[m[K [01;36m[Knote: [m[Kno functions named ‘[01m[Kstd::vector<cv::Point_<int> > Matching_Pix_to_Ptcld::extract_mask_pixels(const cv::Mat&)[m[K’
[7.067s] [01m[K/home/mkhanum/datapipe/smartbelt_segmentation/src/MK_matching_ptcld.cpp:64:7:[m[K [01;36m[Knote: [m[K‘[01m[Kclass Matching_Pix_to_Ptcld[m[K’ defined here
[7.067s]    64 | class [01;36m[KMatching_Pix_to_Ptcld[m[K
[7.067s]       |       [01;36m[K^~~~~~~~~~~~~~~~~~~~~[m[K
[7.068s] [01m[K/home/mkhanum/datapipe/smartbelt_segmentation/src/MK_matching_ptcld.cpp:350:6:[m[K [01;31m[Kerror: [m[K‘[01m[Kbool Matching_Pix_to_Ptcld::service_callback[m[K’ is not a static data member of ‘[01m[Kclass Matching_Pix_to_Ptcld[m[K’
[7.068s]   350 | bool [01;31m[KMatching_Pix_to_Ptcld[m[K::service_callback(me326_locobot_example::PixtoPoint::Request &req, me326_locobot_example::PixtoPoint::Response &res){
[7.068s]       |      [01;31m[K^~~~~~~~~~~~~~~~~~~~~[m[K
[7.068s] [01m[K/home/mkhanum/datapipe/smartbelt_segmentation/src/MK_matching_ptcld.cpp:350:46:[m[K [01;31m[Kerror: [m[K‘[01m[Kme326_locobot_example[m[K’ has not been declared
[7.068s]   350 | bool Matching_Pix_to_Ptcld::service_callback([01;31m[Kme326_locobot_example[m[K::PixtoPoint::Request &req, me326_locobot_example::PixtoPoint::Response &res){
[7.068s]       |                                              [01;31m[K^~~~~~~~~~~~~~~~~~~~~[m[K
[7.073s] [01m[K/home/mkhanum/datapipe/smartbelt_segmentation/src/MK_matching_ptcld.cpp:350:90:[m[K [01;31m[Kerror: [m[K‘[01m[Kreq[m[K’ was not declared in this scope
[7.073s]   350 | bool Matching_Pix_to_Ptcld::service_callback(me326_locobot_example::PixtoPoint::Request &[01;31m[Kreq[m[K, me326_locobot_example::PixtoPoint::Response &res){
[7.073s]       |                                                                                          [01;31m[K^~~[m[K
[7.073s] [01m[K/home/mkhanum/datapipe/smartbelt_segmentation/src/MK_matching_ptcld.cpp:350:95:[m[K [01;31m[Kerror: [m[K‘[01m[Kme326_locobot_example[m[K’ has not been declared
[7.073s]   350 | bool Matching_Pix_to_Ptcld::service_callback(me326_locobot_example::PixtoPoint::Request &req, [01;31m[Kme326_locobot_example[m[K::PixtoPoint::Response &res){
[7.073s]       |                                                                                               [01;31m[K^~~~~~~~~~~~~~~~~~~~~[m[K
[7.081s] [01m[K/home/mkhanum/datapipe/smartbelt_segmentation/src/MK_matching_ptcld.cpp:350:140:[m[K [01;31m[Kerror: [m[K‘[01m[Kres[m[K’ was not declared in this scope
[7.081s]   350 | bool Matching_Pix_to_Ptcld::service_callback(me326_locobot_example::PixtoPoint::Request &req, me326_locobot_example::PixtoPoint::Response &[01;31m[Kres[m[K){
[7.082s]       |                                                                                                                                            [01;31m[K^~~[m[K
[7.083s] [01m[K/home/mkhanum/datapipe/smartbelt_segmentation/src/MK_matching_ptcld.cpp:350:143:[m[K [01;31m[Kerror: [m[Kexpression list treated as compound expression in initializer [[01;31m[K]8;;https://gcc.gnu.org/onlinedocs/gcc/Warning-Options.html#index-fpermissive-fpermissive]8;;[m[K]
[7.083s]   350 | bool Matching_Pix_to_Ptcld::service_callback(me326_locobot_example::PixtoPoint::Request &req, me326_locobot_example::PixtoPoint::Response &res[01;31m[K)[m[K{
[7.083s]       |                                                                                                                                               [01;31m[K^[m[K
[7.083s] [01m[K/home/mkhanum/datapipe/smartbelt_segmentation/src/MK_matching_ptcld.cpp:[m[K In function ‘[01m[Kint main(int, char**)[m[K’:
[7.083s] [01m[K/home/mkhanum/datapipe/smartbelt_segmentation/src/MK_matching_ptcld.cpp:359:26:[m[K [01;31m[Kerror: [m[Kinvalid initialization of reference of type ‘[01m[Kconst rclcpp::InitOptions&[m[K’ from expression of type ‘[01m[Kconst char [20][m[K’
[7.083s]   359 |   rclcpp::init(argc,argv,[01;31m[K"matching_ptcld_serv"[m[K);
[7.083s]       |                          [01;31m[K^~~~~~~~~~~~~~~~~~~~~[m[K
[7.083s] In file included from [01m[K/opt/ros/humble/include/rclcpp/rclcpp/logging.hpp:25[m[K,
[7.083s]                  from [01m[K/opt/ros/humble/include/rclcpp/rclcpp/client.hpp:40[m[K,
[7.083s]                  from [01m[K/opt/ros/humble/include/rclcpp/rclcpp/callback_group.hpp:24[m[K,
[7.083s]                  from [01m[K/opt/ros/humble/include/rclcpp/rclcpp/any_executable.hpp:20[m[K,
[7.083s]                  from [01m[K/opt/ros/humble/include/rclcpp/rclcpp/memory_strategy.hpp:25[m[K,
[7.083s]                  from [01m[K/opt/ros/humble/include/rclcpp/rclcpp/memory_strategies.hpp:18[m[K,
[7.084s]                  from [01m[K/opt/ros/humble/include/rclcpp/rclcpp/executor_options.hpp:20[m[K,
[7.084s]                  from [01m[K/opt/ros/humble/include/rclcpp/rclcpp/executor.hpp:37[m[K,
[7.084s]                  from [01m[K/opt/ros/humble/include/rclcpp/rclcpp/executors/multi_threaded_executor.hpp:25[m[K,
[7.084s]                  from [01m[K/opt/ros/humble/include/rclcpp/rclcpp/executors.hpp:21[m[K,
[7.084s]                  from [01m[K/opt/ros/humble/include/rclcpp/rclcpp/rclcpp.hpp:155[m[K,
[7.084s]                  from [01m[K/home/mkhanum/datapipe/smartbelt_segmentation/src/MK_matching_ptcld.cpp:1[m[K:
[7.084s] [01m[K/opt/ros/humble/include/rclcpp/rclcpp/utilities.hpp:78:23:[m[K [01;36m[Knote: [m[Kin passing argument 3 of ‘[01m[Kvoid rclcpp::init(int, const char* const*, const rclcpp::InitOptions&, rclcpp::SignalHandlerOptions)[m[K’
[7.084s]    78 |   [01;36m[Kconst InitOptions & init_options = InitOptions()[m[K,
[7.084s]       |   [01;36m[K~~~~~~~~~~~~~~~~~~~~^~~~~~~~~~~~~~~~~~~~~~~~~~~~[m[K
[7.085s] [01m[K/home/mkhanum/datapipe/smartbelt_segmentation/src/MK_matching_ptcld.cpp:360:11:[m[K [01;31m[Kerror: [m[K‘[01m[KNodeHandle[m[K’ is not a member of ‘[01m[Krclcpp[m[K’
[7.085s]   360 |   rclcpp::[01;31m[KNodeHandle[m[K nh("~");
[7.085s]       |           [01;31m[K^~~~~~~~~~[m[K
[7.085s] [01m[K/home/mkhanum/datapipe/smartbelt_segmentation/src/MK_matching_ptcld.cpp:362:15:[m[K [01;31m[Kerror: [m[Kno matching function for call to ‘[01m[Kspin()[m[K’
[7.086s]   362 |   [01;31m[Krclcpp::spin()[m[K;
[7.086s]       |   [01;31m[K~~~~~~~~~~~~^~[m[K
[7.086s] In file included from [01m[K/opt/ros/humble/include/rclcpp/rclcpp/rclcpp.hpp:155[m[K,
[7.086s]                  from [01m[K/home/mkhanum/datapipe/smartbelt_segmentation/src/MK_matching_ptcld.cpp:1[m[K:
[7.086s] [01m[K/opt/ros/humble/include/rclcpp/rclcpp/executors.hpp:45:1:[m[K [01;36m[Knote: [m[Kcandidate: ‘[01m[Kvoid rclcpp::spin(rclcpp::node_interfaces::NodeBaseInterface::SharedPtr)[m[K’
[7.086s]    45 | [01;36m[Kspin[m[K(rclcpp::node_interfaces::NodeBaseInterface::SharedPtr node_ptr);
[7.086s]       | [01;36m[K^~~~[m[K
[7.087s] [01m[K/opt/ros/humble/include/rclcpp/rclcpp/executors.hpp:45:1:[m[K [01;36m[Knote: [m[K  candidate expects 1 argument, 0 provided
[7.087s] [01m[K/opt/ros/humble/include/rclcpp/rclcpp/executors.hpp:49:1:[m[K [01;36m[Knote: [m[Kcandidate: ‘[01m[Kvoid rclcpp::spin(rclcpp::Node::SharedPtr)[m[K’
[7.087s]    49 | [01;36m[Kspin[m[K(rclcpp::Node::SharedPtr node_ptr);
[7.087s]       | [01;36m[K^~~~[m[K
[7.087s] [01m[K/opt/ros/humble/include/rclcpp/rclcpp/executors.hpp:49:1:[m[K [01;36m[Knote: [m[K  candidate expects 1 argument, 0 provided
[9.306s] gmake[2]: *** [CMakeFiles/mk_matching_ptcld.dir/build.make:76: CMakeFiles/mk_matching_ptcld.dir/src/MK_matching_ptcld.cpp.o] Error 1
[9.307s] gmake[1]: *** [CMakeFiles/Makefile2:137: CMakeFiles/mk_matching_ptcld.dir/all] Error 2
[9.307s] gmake: *** [Makefile:146: all] Error 2
[9.311s] Invoked command in '/home/mkhanum/datapipe/build/smartbelt_segmentation' returned '2': CMAKE_PREFIX_PATH=/opt/ros/humble CONDA_PROMPT_MODIFIER=(base) /usr/bin/cmake --build /home/mkhanum/datapipe/build/smartbelt_segmentation -- -j16 -l16
