[0.031s] Invoking command in '/home/mkhanum/datapipe/ros2_ws/build/smartbelt_segmentation': CMAKE_PREFIX_PATH=${CMAKE_PREFIX_PATH}:/opt/ros/humble /usr/bin/cmake --build /home/mkhanum/datapipe/ros2_ws/build/smartbelt_segmentation --clean-first -- -j16 -l16
[0.319s] [ 12%] [32mBuilding CXX object CMakeFiles/mk_rgb_seg_bag.dir/src/MK_rgb_seg_bag.cpp.o[0m
[0.320s] [ 37%] [32mBuilding CXX object CMakeFiles/mk_rgb_seg.dir/src/MK_rgb_seg.cpp.o[0m
[0.320s] [ 37%] [32mBuilding CXX object CMakeFiles/mk_matching_ptcld.dir/src/MK_matching_ptcld.cpp.o[0m
[0.333s] [ 50%] [32mBuilding CXX object CMakeFiles/mk_pc_seg.dir/src/MK_pc_seg.cpp.o[0m
[9.020s] [ 62%] [32m[1mLinking CXX executable mk_rgb_seg_bag[0m
[9.114s] [ 75%] [32m[1mLinking CXX executable mk_pc_seg[0m
[10.170s] [ 75%] Built target mk_pc_seg
[10.171s] [ 75%] Built target mk_rgb_seg_bag
[21.422s] [ 87%] [32m[1mLinking CXX executable mk_rgb_seg[0m
[22.665s] [ 87%] Built target mk_rgb_seg
[29.743s] [100%] [32m[1mLinking CXX executable mk_matching_ptcld[0m
[31.512s] [100%] Built target mk_matching_ptcld
[31.527s] Invoked command in '/home/mkhanum/datapipe/ros2_ws/build/smartbelt_segmentation' returned '0': CMAKE_PREFIX_PATH=${CMAKE_PREFIX_PATH}:/opt/ros/humble /usr/bin/cmake --build /home/mkhanum/datapipe/ros2_ws/build/smartbelt_segmentation --clean-first -- -j16 -l16
[31.542s] Invoking command in '/home/mkhanum/datapipe/ros2_ws/build/smartbelt_segmentation': CMAKE_PREFIX_PATH=${CMAKE_PREFIX_PATH}:/opt/ros/humble /usr/bin/cmake --install /home/mkhanum/datapipe/ros2_ws/build/smartbelt_segmentation
[31.550s] -- Install configuration: ""
[31.552s] -- Execute custom install script
[31.553s] -- Up-to-date symlink: /home/mkhanum/datapipe/ros2_ws/install/smartbelt_segmentation/lib/smartbelt_segmentation/mk_matching_ptcld
[31.554s] -- Up-to-date symlink: /home/mkhanum/datapipe/ros2_ws/install/smartbelt_segmentation/lib/smartbelt_segmentation/mk_rgb_seg
[31.554s] -- Up-to-date symlink: /home/mkhanum/datapipe/ros2_ws/install/smartbelt_segmentation/lib/smartbelt_segmentation/mk_rgb_seg_bag
[31.554s] -- Up-to-date symlink: /home/mkhanum/datapipe/ros2_ws/install/smartbelt_segmentation/lib/smartbelt_segmentation/mk_pc_seg
[31.556s] -- Up-to-date symlink: /home/mkhanum/datapipe/ros2_ws/install/smartbelt_segmentation/share/smartbelt_segmentation/launch/__pycache__/downsample.launch.cpython-310.pyc
[31.557s] -- Up-to-date symlink: /home/mkhanum/datapipe/ros2_ws/install/smartbelt_segmentation/share/smartbelt_segmentation/launch/downsample.launch.py
[31.557s] -- Up-to-date symlink: /home/mkhanum/datapipe/ros2_ws/install/smartbelt_segmentation/share/smartbelt_segmentation/launch/rgb_segmentation.launch.py
[31.557s] -- Up-to-date symlink: /home/mkhanum/datapipe/ros2_ws/install/smartbelt_segmentation/share/smartbelt_segmentation/launch/segmentation.launch.py
[31.557s] -- Up-to-date symlink: /home/mkhanum/datapipe/ros2_ws/install/smartbelt_segmentation/share/smartbelt_segmentation/launch/segmentation.launch.xml
[31.558s] -- Up-to-date symlink: /home/mkhanum/datapipe/ros2_ws/install/smartbelt_segmentation/share/ament_index/resource_index/package_run_dependencies/smartbelt_segmentation
[31.558s] -- Up-to-date symlink: /home/mkhanum/datapipe/ros2_ws/install/smartbelt_segmentation/share/ament_index/resource_index/parent_prefix_path/smartbelt_segmentation
[31.558s] -- Up-to-date symlink: /home/mkhanum/datapipe/ros2_ws/install/smartbelt_segmentation/share/smartbelt_segmentation/environment/ament_prefix_path.sh
[31.558s] -- Up-to-date symlink: /home/mkhanum/datapipe/ros2_ws/install/smartbelt_segmentation/share/smartbelt_segmentation/environment/ament_prefix_path.dsv
[31.559s] -- Up-to-date symlink: /home/mkhanum/datapipe/ros2_ws/install/smartbelt_segmentation/share/smartbelt_segmentation/environment/path.sh
[31.559s] -- Up-to-date symlink: /home/mkhanum/datapipe/ros2_ws/install/smartbelt_segmentation/share/smartbelt_segmentation/environment/path.dsv
[31.559s] -- Up-to-date symlink: /home/mkhanum/datapipe/ros2_ws/install/smartbelt_segmentation/share/smartbelt_segmentation/local_setup.bash
[31.560s] -- Up-to-date symlink: /home/mkhanum/datapipe/ros2_ws/install/smartbelt_segmentation/share/smartbelt_segmentation/local_setup.sh
[31.560s] -- Up-to-date symlink: /home/mkhanum/datapipe/ros2_ws/install/smartbelt_segmentation/share/smartbelt_segmentation/local_setup.zsh
[31.560s] -- Up-to-date symlink: /home/mkhanum/datapipe/ros2_ws/install/smartbelt_segmentation/share/smartbelt_segmentation/local_setup.dsv
[31.560s] -- Symlinking: /home/mkhanum/datapipe/ros2_ws/install/smartbelt_segmentation/share/smartbelt_segmentation/package.dsv
[31.572s] -- Up-to-date symlink: /home/mkhanum/datapipe/ros2_ws/install/smartbelt_segmentation/share/ament_index/resource_index/packages/smartbelt_segmentation
[31.572s] -- Up-to-date symlink: /home/mkhanum/datapipe/ros2_ws/install/smartbelt_segmentation/share/smartbelt_segmentation/cmake/smartbelt_segmentationConfig.cmake
[31.572s] -- Up-to-date symlink: /home/mkhanum/datapipe/ros2_ws/install/smartbelt_segmentation/share/smartbelt_segmentation/cmake/smartbelt_segmentationConfig-version.cmake
[31.572s] -- Up-to-date symlink: /home/mkhanum/datapipe/ros2_ws/install/smartbelt_segmentation/share/smartbelt_segmentation/package.xml
[31.576s] Invoked command in '/home/mkhanum/datapipe/ros2_ws/build/smartbelt_segmentation' returned '0': CMAKE_PREFIX_PATH=${CMAKE_PREFIX_PATH}:/opt/ros/humble /usr/bin/cmake --install /home/mkhanum/datapipe/ros2_ws/build/smartbelt_segmentation
