[0.011s] Invoking command in '/home/mkhanum/datapipe/build/smartbelt_segmentation': CMAKE_PREFIX_PATH=${CMAKE_PREFIX_PATH}:/opt/ros/humble /usr/bin/cmake --build /home/mkhanum/datapipe/build/smartbelt_segmentation --clean-first -- -j16 -l16
[0.093s] [ 25%] [32mBuilding CXX object CMakeFiles/mk_rgb_seg_bag.dir/src/MK_rgb_seg_bag.cpp.o[0m
[0.093s] [ 25%] [32mBuilding CXX object CMakeFiles/mk_pc_seg.dir/src/MK_pc_seg.cpp.o[0m
[0.093s] [ 37%] [32mBuilding CXX object CMakeFiles/mk_matching_ptcld.dir/src/MK_matching_ptcld.cpp.o[0m
[0.094s] [ 50%] [32mBuilding CXX object CMakeFiles/mk_rgb_seg.dir/src/MK_rgb_seg.cpp.o[0m
[5.317s] [01m[K/home/mkhanum/datapipe/ros2_ws/src/smartbelt_segmentation/src/MK_pc_seg.cpp:[m[K In member function ‘[01m[Kvoid BagProcessor::process_bags()[m[K’:
[5.317s] [01m[K/home/mkhanum/datapipe/ros2_ws/src/smartbelt_segmentation/src/MK_pc_seg.cpp:89:44:[m[K [01;31m[Kerror: [m[Kbase operand of ‘[01m[K->[m[K’ has non-pointer type ‘[01m[Kstd::vector<std::shared_ptr<sensor_msgs::msg::PointCloud2_<std::allocator<void> > > >[m[K’
[5.317s]    89 |         for (const auto& field : cloud_msgs[01;31m[K->[m[Kfields) {
[5.317s]       |                                            [01;31m[K^~[m[K
[7.658s] gmake[2]: *** [CMakeFiles/mk_pc_seg.dir/build.make:76: CMakeFiles/mk_pc_seg.dir/src/MK_pc_seg.cpp.o] Error 1
[7.658s] gmake[1]: *** [CMakeFiles/Makefile2:221: CMakeFiles/mk_pc_seg.dir/all] Error 2
[7.659s] gmake[1]: *** Waiting for unfinished jobs....
[7.809s] [ 62%] [32m[1mLinking CXX executable mk_rgb_seg_bag[0m
[8.589s] [ 62%] Built target mk_rgb_seg_bag
[19.036s] [ 75%] [32m[1mLinking CXX executable mk_rgb_seg[0m
[20.143s] [ 75%] Built target mk_rgb_seg
[25.875s] [ 87%] [32m[1mLinking CXX executable mk_matching_ptcld[0m
[27.524s] [ 87%] Built target mk_matching_ptcld
[27.525s] gmake: *** [Makefile:146: all] Error 2
[27.529s] Invoked command in '/home/mkhanum/datapipe/build/smartbelt_segmentation' returned '2': CMAKE_PREFIX_PATH=${CMAKE_PREFIX_PATH}:/opt/ros/humble /usr/bin/cmake --build /home/mkhanum/datapipe/build/smartbelt_segmentation --clean-first -- -j16 -l16
