[0.023s] Invoking command in '/home/mkhanum/datapipe/build/smartbelt_segmentation': CMAKE_PREFIX_PATH=/opt/ros/humble CONDA_PROMPT_MODIFIER=(base) /usr/bin/cmake /home/mkhanum/datapipe/smartbelt_segmentation -DCMAKE_INSTALL_PREFIX=/home/mkhanum/datapipe/install/smartbelt_segmentation
[0.424s] -- The C compiler identification is GNU 11.4.0
[1.323s] -- The CXX compiler identification is GNU 11.4.0
[1.963s] -- Detecting C compiler ABI info
[2.205s] -- Detecting C compiler ABI info - done
[2.213s] -- Check for working C compiler: /usr/bin/cc - skipped
[2.215s] -- Detecting C compile features
[2.216s] -- Detecting C compile features - done
[2.222s] -- Detecting CXX compiler ABI info
[2.450s] -- Detecting CXX compiler ABI info - done
[2.459s] -- Check for working CXX compiler: /usr/bin/c++ - skipped
[2.459s] -- Detecting CXX compile features
[2.459s] -- Detecting CXX compile features - done
[2.479s] -- Found ament_cmake: 1.3.11 (/opt/ros/humble/share/ament_cmake/cmake)
[3.104s] -- Found Python3: /home/mkhanum/miniconda3/bin/python3 (found version "3.12.8") found components: Interpreter 
[3.255s] -- Found rclcpp: 16.0.11 (/opt/ros/humble/share/rclcpp/cmake)
[3.556s] -- Found rosidl_generator_c: 3.1.6 (/opt/ros/humble/share/rosidl_generator_c/cmake)
[3.565s] -- Found rosidl_adapter: 3.1.6 (/opt/ros/humble/share/rosidl_adapter/cmake)
[3.579s] -- Found rosidl_generator_cpp: 3.1.6 (/opt/ros/humble/share/rosidl_generator_cpp/cmake)
[3.604s] -- Using all available rosidl_typesupport_c: rosidl_typesupport_fastrtps_c;rosidl_typesupport_introspection_c
[3.634s] -- Using all available rosidl_typesupport_cpp: rosidl_typesupport_fastrtps_cpp;rosidl_typesupport_introspection_cpp
[3.719s] -- Found rmw_implementation_cmake: 6.1.2 (/opt/ros/humble/share/rmw_implementation_cmake/cmake)
[3.723s] -- Found rmw_fastrtps_cpp: 6.2.7 (/opt/ros/humble/share/rmw_fastrtps_cpp/cmake)
[6.090s] -- Found OpenSSL: /usr/lib/x86_64-linux-gnu/libcrypto.so (found version "3.0.2")  
[8.634s] -- Found FastRTPS: /opt/ros/humble/include  
[13.317s] -- Using RMW implementation 'rmw_fastrtps_cpp' as default
[13.337s] -- Looking for pthread.h
[13.570s] -- Looking for pthread.h - found
[13.571s] -- Performing Test CMAKE_HAVE_LIBC_PTHREAD
[13.783s] -- Performing Test CMAKE_HAVE_LIBC_PTHREAD - Success
[13.784s] -- Found Threads: TRUE  
[13.876s] -- Found sensor_msgs: 4.2.4 (/opt/ros/humble/share/sensor_msgs/cmake)
[13.937s] -- Found tf2: 0.25.12 (/opt/ros/humble/share/tf2/cmake)
[13.953s] -- Found tf2_ros: 0.25.12 (/opt/ros/humble/share/tf2_ros/cmake)
[14.122s] -- Found cv_bridge: 3.2.1 (/opt/ros/humble/share/cv_bridge/cmake)
[14.144s] -- Found OpenCV: /usr (found version "4.5.4") 
[14.301s] -- Configuring done
[14.323s] -- Generating done
[14.329s] -- Build files have been written to: /home/mkhanum/datapipe/build/smartbelt_segmentation
[14.344s] Invoked command in '/home/mkhanum/datapipe/build/smartbelt_segmentation' returned '0': CMAKE_PREFIX_PATH=/opt/ros/humble CONDA_PROMPT_MODIFIER=(base) /usr/bin/cmake /home/mkhanum/datapipe/smartbelt_segmentation -DCMAKE_INSTALL_PREFIX=/home/mkhanum/datapipe/install/smartbelt_segmentation
[14.346s] Invoking command in '/home/mkhanum/datapipe/build/smartbelt_segmentation': CMAKE_PREFIX_PATH=/opt/ros/humble CONDA_PROMPT_MODIFIER=(base) /usr/bin/cmake --build /home/mkhanum/datapipe/build/smartbelt_segmentation -- -j16 -l16
[14.393s] [ 50%] [32mBuilding CXX object CMakeFiles/mk_matching_ptcld.dir/src/MK_matching_ptcld.cpp.o[0m
[14.958s] [01m[K/home/mkhanum/datapipe/smartbelt_segmentation/src/MK_matching_ptcld.cpp:2:10:[m[K [01;31m[Kfatal error: [m[Kros/package.h: No such file or directory
[14.959s]     2 | #include [01;31m[K<ros/package.h>[m[K
[14.959s]       |          [01;31m[K^~~~~~~~~~~~~~~[m[K
[14.959s] compilation terminated.
[14.960s] gmake[2]: *** [CMakeFiles/mk_matching_ptcld.dir/build.make:76: CMakeFiles/mk_matching_ptcld.dir/src/MK_matching_ptcld.cpp.o] Error 1
[14.960s] gmake[1]: *** [CMakeFiles/Makefile2:137: CMakeFiles/mk_matching_ptcld.dir/all] Error 2
[14.961s] gmake: *** [Makefile:146: all] Error 2
[14.964s] Invoked command in '/home/mkhanum/datapipe/build/smartbelt_segmentation' returned '2': CMAKE_PREFIX_PATH=/opt/ros/humble CONDA_PROMPT_MODIFIER=(base) /usr/bin/cmake --build /home/mkhanum/datapipe/build/smartbelt_segmentation -- -j16 -l16
