[0.017s] Invoking command in '/home/mkhanum/datapipe/ros2_ws/build/smartbelt_segmentation': CMAKE_PREFIX_PATH=/opt/ros/humble /usr/bin/cmake --build /home/mkhanum/datapipe/ros2_ws/build/smartbelt_segmentation --clean-first -- -j16 -l16
[0.099s] -- Found ament_cmake: 1.3.11 (/opt/ros/humble/share/ament_cmake/cmake)
[0.246s] -- Override CMake install command with custom implementation using symlinks instead of copying resources
[0.254s] -- Found rclcpp: 16.0.11 (/opt/ros/humble/share/rclcpp/cmake)
[0.547s] -- Found rosidl_generator_c: 3.1.6 (/opt/ros/humble/share/rosidl_generator_c/cmake)
[0.550s] -- Found rosidl_adapter: 3.1.6 (/opt/ros/humble/share/rosidl_adapter/cmake)
[0.556s] -- Found rosidl_generator_cpp: 3.1.6 (/opt/ros/humble/share/rosidl_generator_cpp/cmake)
[0.567s] -- Using all available rosidl_typesupport_c: rosidl_typesupport_fastrtps_c;rosidl_typesupport_introspection_c
[0.581s] -- Using all available rosidl_typesupport_cpp: rosidl_typesupport_fastrtps_cpp;rosidl_typesupport_introspection_cpp
[0.621s] -- Found rmw_implementation_cmake: 6.1.2 (/opt/ros/humble/share/rmw_implementation_cmake/cmake)
[0.623s] -- Found rmw_fastrtps_cpp: 6.2.7 (/opt/ros/humble/share/rmw_fastrtps_cpp/cmake)
[10.875s] -- Using RMW implementation 'rmw_fastrtps_cpp' as default
[10.931s] -- Found sensor_msgs: 4.2.4 (/opt/ros/humble/share/sensor_msgs/cmake)
[10.962s] -- Found image_geometry: 3.2.1 (/opt/ros/humble/share/image_geometry/cmake)
[10.972s] -- Found tf2: 0.25.12 (/opt/ros/humble/share/tf2/cmake)
[10.976s] -- Found tf2_ros: 0.25.12 (/opt/ros/humble/share/tf2_ros/cmake)
[11.063s] -- Found tf2_eigen: 0.25.12 (/opt/ros/humble/share/tf2_eigen/cmake)
[11.068s] -- Found tf2_geometry_msgs: 0.25.12 (/opt/ros/humble/share/tf2_geometry_msgs/cmake)
[11.073s] -- Found eigen3_cmake_module: 0.1.1 (/opt/ros/humble/share/eigen3_cmake_module/cmake)
[11.076s] -- Found Eigen3: TRUE (found version "3.4.0") 
[11.076s] -- Ensuring Eigen3 include directory is part of orocos-kdl CMake target
[11.079s] -- Found cv_bridge: 3.2.1 (/opt/ros/humble/share/cv_bridge/cmake)
[11.086s] -- Found image_transport: 3.1.10 (/opt/ros/humble/share/image_transport/cmake)
[13.432s] -- Eigen found (include: /usr/include/eigen3, version: 3.4.0)
[13.454s] -- OpenNI found (version: 1.5.4.0, include: /usr/include/ni, lib: /usr/lib/libOpenNI.so;libusb::libusb)
[13.460s] -- OpenNI2 found (version: 2.2.0.33, include: /usr/include/openni2, lib: /usr/lib/x86_64-linux-gnu/libOpenNI2.so;libusb::libusb)
[13.461s] [0m** WARNING ** io features related to pcap will be disabled[0m
[13.461s] [0m** WARNING ** io features related to png will be disabled[0m
[15.786s] -- Found Eigen3: /usr/include/eigen3 (found version "3.4.0") 
[19.750s] -- Eigen found (include: /usr/include/eigen3, version: 3.4.0)
[19.750s] -- looking for PCL_COMMON
[19.750s] -- looking for PCL_OCTREE
[19.751s] -- looking for PCL_IO
[19.752s] -- Found pcl_conversions: 2.4.5 (/opt/ros/humble/share/pcl_conversions/cmake)
[19.777s] -- Found rosbag2_cpp: 0.15.13 (/opt/ros/humble/share/rosbag2_cpp/cmake)
[19.928s] -- Configuring done
[20.095s] -- Generating done
[20.119s] -- Build files have been written to: /home/mkhanum/datapipe/ros2_ws/build/smartbelt_segmentation
[20.169s] [ 12%] [32mBuilding CXX object CMakeFiles/mk_rgb_seg.dir/src/MK_rgb_seg.cpp.o[0m
[20.169s] [ 25%] [32mBuilding CXX object CMakeFiles/mk_pc_seg.dir/src/MK_pc_seg.cpp.o[0m
[20.169s] [ 37%] [32mBuilding CXX object CMakeFiles/mk_matching_ptcld.dir/src/MK_matching_ptcld.cpp.o[0m
[20.170s] [ 50%] [32mBuilding CXX object CMakeFiles/mk_rgb_seg_bag.dir/src/MK_rgb_seg_bag.cpp.o[0m
[26.941s] [01m[K/home/mkhanum/datapipe/ros2_ws/src/smartbelt_segmentation/src/MK_pc_seg.cpp:[m[K In member function ‘[01m[Kvoid BagProcessor::process_bags()[m[K’:
[26.941s] [01m[K/home/mkhanum/datapipe/ros2_ws/src/smartbelt_segmentation/src/MK_pc_seg.cpp:25:78:[m[K [01;31m[Kerror: [m[Kuse of deleted function ‘[01m[Kstd::unordered_map<_Key, _Tp, _Hash, _Pred, _Alloc>::unordered_map() [with _Key = rclcpp::Time; _Tp = std::shared_ptr<sensor_msgs::msg::Image_<std::allocator<void> > >; _Hash = std::hash<rclcpp::Time>; _Pred = std::equal_to<rclcpp::Time>; _Alloc = std::allocator<std::pair<const rclcpp::Time, std::shared_ptr<sensor_msgs::msg::Image_<std::allocator<void> > > > >][m[K’
[26.942s]    25 |         std::unordered_map<rclcpp::Time, sensor_msgs::msg::Image::SharedPtr> [01;31m[Kmask_msgs[m[K;
[26.942s]       |                                                                              [01;31m[K^~~~~~~~~[m[K
[26.942s] In file included from [01m[K/usr/include/c++/11/unordered_map:47[m[K,
[26.942s]                  from [01m[K/opt/ros/humble/include/rclcpp/rclcpp/executors/multi_threaded_executor.hpp:23[m[K,
[26.943s]                  from [01m[K/opt/ros/humble/include/rclcpp/rclcpp/executors.hpp:21[m[K,
[26.943s]                  from [01m[K/opt/ros/humble/include/rclcpp/rclcpp/rclcpp.hpp:155[m[K,
[26.943s]                  from [01m[K/home/mkhanum/datapipe/ros2_ws/src/smartbelt_segmentation/src/MK_pc_seg.cpp:1[m[K:
[26.943s] [01m[K/usr/include/c++/11/bits/unordered_map.h:141:7:[m[K [01;36m[Knote: [m[K‘[01m[Kstd::unordered_map<_Key, _Tp, _Hash, _Pred, _Alloc>::unordered_map() [with _Key = rclcpp::Time; _Tp = std::shared_ptr<sensor_msgs::msg::Image_<std::allocator<void> > >; _Hash = std::hash<rclcpp::Time>; _Pred = std::equal_to<rclcpp::Time>; _Alloc = std::allocator<std::pair<const rclcpp::Time, std::shared_ptr<sensor_msgs::msg::Image_<std::allocator<void> > > > >][m[K’ is implicitly deleted because the default definition would be ill-formed:
[26.944s]   141 |       [01;36m[Kunordered_map[m[K() = default;
[26.944s]       |       [01;36m[K^~~~~~~~~~~~~[m[K
[26.944s] [01m[K/usr/include/c++/11/bits/unordered_map.h:141:7:[m[K [01;31m[Kerror: [m[Kuse of deleted function ‘[01m[Kstd::_Hashtable<_Key, _Value, _Alloc, _ExtractKey, _Equal, _Hash, _RangeHash, _Unused, _RehashPolicy, _Traits>::_Hashtable() [with _Key = rclcpp::Time; _Value = std::pair<const rclcpp::Time, std::shared_ptr<sensor_msgs::msg::Image_<std::allocator<void> > > >; _Alloc = std::allocator<std::pair<const rclcpp::Time, std::shared_ptr<sensor_msgs::msg::Image_<std::allocator<void> > > > >; _ExtractKey = std::__detail::_Select1st; _Equal = std::equal_to<rclcpp::Time>; _Hash = std::hash<rclcpp::Time>; _RangeHash = std::__detail::_Mod_range_hashing; _Unused = std::__detail::_Default_ranged_hash; _RehashPolicy = std::__detail::_Prime_rehash_policy; _Traits = std::__detail::_Hashtable_traits<true, false, true>][m[K’
[26.945s] In file included from [01m[K/usr/include/c++/11/unordered_map:46[m[K,
[26.945s]                  from [01m[K/opt/ros/humble/include/rclcpp/rclcpp/executors/multi_threaded_executor.hpp:23[m[K,
[26.945s]                  from [01m[K/opt/ros/humble/include/rclcpp/rclcpp/executors.hpp:21[m[K,
[26.945s]                  from [01m[K/opt/ros/humble/include/rclcpp/rclcpp/rclcpp.hpp:155[m[K,
[26.945s]                  from [01m[K/home/mkhanum/datapipe/ros2_ws/src/smartbelt_segmentation/src/MK_pc_seg.cpp:1[m[K:
[26.945s] [01m[K/usr/include/c++/11/bits/hashtable.h:528:7:[m[K [01;36m[Knote: [m[K‘[01m[Kstd::_Hashtable<_Key, _Value, _Alloc, _ExtractKey, _Equal, _Hash, _RangeHash, _Unused, _RehashPolicy, _Traits>::_Hashtable() [with _Key = rclcpp::Time; _Value = std::pair<const rclcpp::Time, std::shared_ptr<sensor_msgs::msg::Image_<std::allocator<void> > > >; _Alloc = std::allocator<std::pair<const rclcpp::Time, std::shared_ptr<sensor_msgs::msg::Image_<std::allocator<void> > > > >; _ExtractKey = std::__detail::_Select1st; _Equal = std::equal_to<rclcpp::Time>; _Hash = std::hash<rclcpp::Time>; _RangeHash = std::__detail::_Mod_range_hashing; _Unused = std::__detail::_Default_ranged_hash; _RehashPolicy = std::__detail::_Prime_rehash_policy; _Traits = std::__detail::_Hashtable_traits<true, false, true>][m[K’ is implicitly deleted because the default definition would be ill-formed:
[26.945s]   528 |       [01;36m[K_Hashtable[m[K() = default;
[26.945s]       |       [01;36m[K^~~~~~~~~~[m[K
[26.945s] [01m[K/usr/include/c++/11/bits/hashtable.h:528:7:[m[K [01;31m[Kerror: [m[Kuse of deleted function ‘[01m[Kstd::__detail::_Hashtable_base<_Key, _Value, _ExtractKey, _Equal, _Hash, _RangeHash, _Unused, _Traits>::_Hashtable_base() [with _Key = rclcpp::Time; _Value = std::pair<const rclcpp::Time, std::shared_ptr<sensor_msgs::msg::Image_<std::allocator<void> > > >; _ExtractKey = std::__detail::_Select1st; _Equal = std::equal_to<rclcpp::Time>; _Hash = std::hash<rclcpp::Time>; _RangeHash = std::__detail::_Mod_range_hashing; _Unused = std::__detail::_Default_ranged_hash; _Traits = std::__detail::_Hashtable_traits<true, false, true>][m[K’
[26.945s] In file included from [01m[K/usr/include/c++/11/bits/hashtable.h:35[m[K,
[26.945s]                  from [01m[K/usr/include/c++/11/unordered_map:46[m[K,
[26.945s]                  from [01m[K/opt/ros/humble/include/rclcpp/rclcpp/executors/multi_threaded_executor.hpp:23[m[K,
[26.946s]                  from [01m[K/opt/ros/humble/include/rclcpp/rclcpp/executors.hpp:21[m[K,
[26.946s]                  from [01m[K/opt/ros/humble/include/rclcpp/rclcpp/rclcpp.hpp:155[m[K,
[26.946s]                  from [01m[K/home/mkhanum/datapipe/ros2_ws/src/smartbelt_segmentation/src/MK_pc_seg.cpp:1[m[K:
[26.946s] [01m[K/usr/include/c++/11/bits/hashtable_policy.h:1604:7:[m[K [01;36m[Knote: [m[K‘[01m[Kstd::__detail::_Hashtable_base<_Key, _Value, _ExtractKey, _Equal, _Hash, _RangeHash, _Unused, _Traits>::_Hashtable_base() [with _Key = rclcpp::Time; _Value = std::pair<const rclcpp::Time, std::shared_ptr<sensor_msgs::msg::Image_<std::allocator<void> > > >; _ExtractKey = std::__detail::_Select1st; _Equal = std::equal_to<rclcpp::Time>; _Hash = std::hash<rclcpp::Time>; _RangeHash = std::__detail::_Mod_range_hashing; _Unused = std::__detail::_Default_ranged_hash; _Traits = std::__detail::_Hashtable_traits<true, false, true>][m[K’ is implicitly deleted because the default definition would be ill-formed:
[26.946s]  1604 |       [01;36m[K_Hashtable_base[m[K() = default;
[26.947s]       |       [01;36m[K^~~~~~~~~~~~~~~[m[K
[26.947s] [01m[K/usr/include/c++/11/bits/hashtable_policy.h:1604:7:[m[K [01;31m[Kerror: [m[Kuse of deleted function ‘[01m[Kstd::__detail::_Hash_code_base<_Key, _Value, _ExtractKey, _Hash, _RangeHash, _Unused, __cache_hash_code>::_Hash_code_base() [with _Key = rclcpp::Time; _Value = std::pair<const rclcpp::Time, std::shared_ptr<sensor_msgs::msg::Image_<std::allocator<void> > > >; _ExtractKey = std::__detail::_Select1st; _Hash = std::hash<rclcpp::Time>; _RangeHash = std::__detail::_Mod_range_hashing; _Unused = std::__detail::_Default_ranged_hash; bool __cache_hash_code = true][m[K’
[26.947s] /usr/include/c++/11/bits/hashtable_policy.h: In instantiation of ‘[01m[Kstd::__detail::_Hashtable_ebo_helper<_Nm, _Tp, true>::_Hashtable_ebo_helper() [with int _Nm = 1; _Tp = std::hash<rclcpp::Time>][m[K’:
[26.947s] [01m[K/usr/include/c++/11/bits/hashtable_policy.h:1210:7:[m[K   required from here
[26.947s] [01m[K/usr/include/c++/11/bits/hashtable_policy.h:1127:49:[m[K [01;31m[Kerror: [m[Kuse of deleted function ‘[01m[Kstd::hash<rclcpp::Time>::hash()[m[K’
[26.947s]  1127 |       _Hashtable_ebo_helper() noexcept(noexcept([01;31m[K_Tp()[m[K)) : _Tp() { }
[26.947s]       |                                                 [01;31m[K^~~~~[m[K
[26.947s] In file included from [01m[K/usr/include/c++/11/bits/unique_ptr.h:39[m[K,
[26.947s]                  from [01m[K/usr/include/c++/11/memory:76[m[K,
[26.948s]                  from [01m[K/opt/ros/humble/include/rclcpp/rclcpp/rclcpp.hpp:153[m[K,
[26.948s]                  from [01m[K/home/mkhanum/datapipe/ros2_ws/src/smartbelt_segmentation/src/MK_pc_seg.cpp:1[m[K:
[26.948s] [01m[K/usr/include/c++/11/bits/functional_hash.h:102:12:[m[K [01;36m[Knote: [m[K‘[01m[Kstd::hash<rclcpp::Time>::hash()[m[K’ is implicitly deleted because the default definition would be ill-formed:
[26.948s]   102 |     struct [01;36m[Khash[m[K : __hash_enum<_Tp>
[26.948s]       |            [01;36m[K^~~~[m[K
[26.948s] [01m[K/usr/include/c++/11/bits/functional_hash.h:102:12:[m[K [01;31m[Kerror: [m[Kno matching function for call to ‘[01m[Kstd::__hash_enum<rclcpp::Time, false>::__hash_enum()[m[K’
[26.948s] [01m[K/usr/include/c++/11/bits/functional_hash.h:83:7:[m[K [01;36m[Knote: [m[Kcandidate: ‘[01m[Kstd::__hash_enum<_Tp, <anonymous> >::__hash_enum(std::__hash_enum<_Tp, <anonymous> >&&) [with _Tp = rclcpp::Time; bool <anonymous> = false][m[K’
[26.948s]    83 |       [01;36m[K__hash_enum[m[K(__hash_enum&&);
[26.949s]       |       [01;36m[K^~~~~~~~~~~[m[K
[26.949s] [01m[K/usr/include/c++/11/bits/functional_hash.h:83:7:[m[K [01;36m[Knote: [m[K  candidate expects 1 argument, 0 provided
[26.949s] [01m[K/usr/include/c++/11/bits/functional_hash.h:102:12:[m[K [01;31m[Kerror: [m[K‘[01m[Kstd::__hash_enum<_Tp, <anonymous> >::~__hash_enum() [with _Tp = rclcpp::Time; bool <anonymous> = false][m[K’ is private within this context
[26.949s]   102 |     struct [01;31m[Khash[m[K : __hash_enum<_Tp>
[26.949s]       |            [01;31m[K^~~~[m[K
[26.949s] [01m[K/usr/include/c++/11/bits/functional_hash.h:84:7:[m[K [01;36m[Knote: [m[Kdeclared private here
[26.949s]    84 |       [01;36m[K~[m[K__hash_enum();
[26.949s]       |       [01;36m[K^[m[K
[26.950s] In file included from [01m[K/usr/include/c++/11/bits/hashtable.h:35[m[K,
[26.950s]                  from [01m[K/usr/include/c++/11/unordered_map:46[m[K,
[26.950s]                  from [01m[K/opt/ros/humble/include/rclcpp/rclcpp/executors/multi_threaded_executor.hpp:23[m[K,
[26.950s]                  from [01m[K/opt/ros/humble/include/rclcpp/rclcpp/executors.hpp:21[m[K,
[26.950s]                  from [01m[K/opt/ros/humble/include/rclcpp/rclcpp/rclcpp.hpp:155[m[K,
[26.950s]                  from [01m[K/home/mkhanum/datapipe/ros2_ws/src/smartbelt_segmentation/src/MK_pc_seg.cpp:1[m[K:
[26.950s] [01m[K/usr/include/c++/11/bits/hashtable_policy.h:1210:7:[m[K [01;36m[Knote: [m[K‘[01m[Kstd::__detail::_Hash_code_base<_Key, _Value, _ExtractKey, _Hash, _RangeHash, _Unused, __cache_hash_code>::_Hash_code_base() [with _Key = rclcpp::Time; _Value = std::pair<const rclcpp::Time, std::shared_ptr<sensor_msgs::msg::Image_<std::allocator<void> > > >; _ExtractKey = std::__detail::_Select1st; _Hash = std::hash<rclcpp::Time>; _RangeHash = std::__detail::_Mod_range_hashing; _Unused = std::__detail::_Default_ranged_hash; bool __cache_hash_code = true][m[K’ is implicitly deleted because the default definition would be ill-formed:
[26.950s]  1210 |       [01;36m[K_Hash_code_base[m[K() = default;
[26.950s]       |       [01;36m[K^~~~~~~~~~~~~~~[m[K
[26.951s] [01m[K/usr/include/c++/11/bits/hashtable_policy.h:1210:7:[m[K [01;31m[Kerror: [m[Kuse of deleted function ‘[01m[Kstd::__detail::_Hashtable_ebo_helper<1, std::hash<rclcpp::Time>, true>::~_Hashtable_ebo_helper()[m[K’
[26.951s] [01m[K/usr/include/c++/11/bits/hashtable_policy.h:1124:12:[m[K [01;36m[Knote: [m[K‘[01m[Kstd::__detail::_Hashtable_ebo_helper<1, std::hash<rclcpp::Time>, true>::~_Hashtable_ebo_helper()[m[K’ is implicitly deleted because the default definition would be ill-formed:
[26.951s]  1124 |     struct [01;36m[K_Hashtable_ebo_helper<_Nm, _Tp, true>[m[K
[26.951s]       |            [01;36m[K^~~~~~~~~~~~~~~~~~~~~~~~~~~~~~~~~~~~~[m[K
[26.951s] [01m[K/usr/include/c++/11/bits/hashtable_policy.h:1124:12:[m[K [01;31m[Kerror: [m[Kuse of deleted function ‘[01m[Kstd::hash<rclcpp::Time>::~hash()[m[K’
[26.951s] In file included from [01m[K/usr/include/c++/11/bits/unique_ptr.h:39[m[K,
[26.951s]                  from [01m[K/usr/include/c++/11/memory:76[m[K,
[26.951s]                  from [01m[K/opt/ros/humble/include/rclcpp/rclcpp/rclcpp.hpp:153[m[K,
[26.952s]                  from [01m[K/home/mkhanum/datapipe/ros2_ws/src/smartbelt_segmentation/src/MK_pc_seg.cpp:1[m[K:
[26.952s] [01m[K/usr/include/c++/11/bits/functional_hash.h:102:12:[m[K [01;36m[Knote: [m[K‘[01m[Kstd::hash<rclcpp::Time>::~hash()[m[K’ is implicitly deleted because the default definition would be ill-formed:
[26.952s]   102 |     struct [01;36m[Khash[m[K : __hash_enum<_Tp>
[26.952s]       |            [01;36m[K^~~~[m[K
[26.952s] [01m[K/usr/include/c++/11/bits/functional_hash.h:102:12:[m[K [01;31m[Kerror: [m[K‘[01m[Kstd::__hash_enum<_Tp, <anonymous> >::~__hash_enum() [with _Tp = rclcpp::Time; bool <anonymous> = false][m[K’ is private within this context
[26.953s] [01m[K/usr/include/c++/11/bits/functional_hash.h:84:7:[m[K [01;36m[Knote: [m[Kdeclared private here
[26.953s]    84 |       [01;36m[K~[m[K__hash_enum();
[26.953s]       |       [01;36m[K^[m[K
[26.953s] In file included from [01m[K/usr/include/c++/11/bits/hashtable.h:35[m[K,
[26.953s]                  from [01m[K/usr/include/c++/11/unordered_map:46[m[K,
[26.953s]                  from [01m[K/opt/ros/humble/include/rclcpp/rclcpp/executors/multi_threaded_executor.hpp:23[m[K,
[26.953s]                  from [01m[K/opt/ros/humble/include/rclcpp/rclcpp/executors.hpp:21[m[K,
[26.953s]                  from [01m[K/opt/ros/humble/include/rclcpp/rclcpp/rclcpp.hpp:155[m[K,
[26.954s]                  from [01m[K/home/mkhanum/datapipe/ros2_ws/src/smartbelt_segmentation/src/MK_pc_seg.cpp:1[m[K:
[26.954s] [01m[K/usr/include/c++/11/bits/hashtable_policy.h:1604:7:[m[K [01;31m[Kerror: [m[Kuse of deleted function ‘[01m[Kstd::__detail::_Hash_code_base<rclcpp::Time, std::pair<const rclcpp::Time, std::shared_ptr<sensor_msgs::msg::Image_<std::allocator<void> > > >, std::__detail::_Select1st, std::hash<rclcpp::Time>, std::__detail::_Mod_range_hashing, std::__detail::_Default_ranged_hash, true>::~_Hash_code_base()[m[K’
[26.954s]  1604 |       [01;31m[K_Hashtable_base[m[K() = default;
[26.954s]       |       [01;31m[K^~~~~~~~~~~~~~~[m[K
[26.954s] [01m[K/usr/include/c++/11/bits/hashtable_policy.h:1188:12:[m[K [01;36m[Knote: [m[K‘[01m[Kstd::__detail::_Hash_code_base<rclcpp::Time, std::pair<const rclcpp::Time, std::shared_ptr<sensor_msgs::msg::Image_<std::allocator<void> > > >, std::__detail::_Select1st, std::hash<rclcpp::Time>, std::__detail::_Mod_range_hashing, std::__detail::_Default_ranged_hash, true>::~_Hash_code_base()[m[K’ is implicitly deleted because the default definition would be ill-formed:
[26.955s]  1188 |     struct [01;36m[K_Hash_code_base[m[K
[26.955s]       |            [01;36m[K^~~~~~~~~~~~~~~[m[K
[26.955s] [01m[K/usr/include/c++/11/bits/hashtable_policy.h:1188:12:[m[K [01;31m[Kerror: [m[Kuse of deleted function ‘[01m[Kstd::__detail::_Hashtable_ebo_helper<1, std::hash<rclcpp::Time>, true>::~_Hashtable_ebo_helper()[m[K’
[26.955s] In file included from [01m[K/usr/include/c++/11/unordered_map:46[m[K,
[26.955s]                  from [01m[K/opt/ros/humble/include/rclcpp/rclcpp/executors/multi_threaded_executor.hpp:23[m[K,
[26.955s]                  from [01m[K/opt/ros/humble/include/rclcpp/rclcpp/executors.hpp:21[m[K,
[26.955s]                  from [01m[K/opt/ros/humble/include/rclcpp/rclcpp/rclcpp.hpp:155[m[K,
[26.955s]                  from [01m[K/home/mkhanum/datapipe/ros2_ws/src/smartbelt_segmentation/src/MK_pc_seg.cpp:1[m[K:
[26.955s] [01m[K/usr/include/c++/11/bits/hashtable.h:528:7:[m[K [01;31m[Kerror: [m[Kuse of deleted function ‘[01m[Kstd::__detail::_Hashtable_base<rclcpp::Time, std::pair<const rclcpp::Time, std::shared_ptr<sensor_msgs::msg::Image_<std::allocator<void> > > >, std::__detail::_Select1st, std::equal_to<rclcpp::Time>, std::hash<rclcpp::Time>, std::__detail::_Mod_range_hashing, std::__detail::_Default_ranged_hash, std::__detail::_Hashtable_traits<true, false, true> >::~_Hashtable_base()[m[K’
[26.956s]   528 |       [01;31m[K_Hashtable[m[K() = default;
[26.956s]       |       [01;31m[K^~~~~~~~~~[m[K
[26.956s] In file included from [01m[K/usr/include/c++/11/bits/hashtable.h:35[m[K,
[26.956s]                  from [01m[K/usr/include/c++/11/unordered_map:46[m[K,
[26.956s]                  from [01m[K/opt/ros/humble/include/rclcpp/rclcpp/executors/multi_threaded_executor.hpp:23[m[K,
[26.956s]                  from [01m[K/opt/ros/humble/include/rclcpp/rclcpp/executors.hpp:21[m[K,
[26.956s]                  from [01m[K/opt/ros/humble/include/rclcpp/rclcpp/rclcpp.hpp:155[m[K,
[26.957s]                  from [01m[K/home/mkhanum/datapipe/ros2_ws/src/smartbelt_segmentation/src/MK_pc_seg.cpp:1[m[K:
[26.957s] [01m[K/usr/include/c++/11/bits/hashtable_policy.h:1561:12:[m[K [01;36m[Knote: [m[K‘[01m[Kstd::__detail::_Hashtable_base<rclcpp::Time, std::pair<const rclcpp::Time, std::shared_ptr<sensor_msgs::msg::Image_<std::allocator<void> > > >, std::__detail::_Select1st, std::equal_to<rclcpp::Time>, std::hash<rclcpp::Time>, std::__detail::_Mod_range_hashing, std::__detail::_Default_ranged_hash, std::__detail::_Hashtable_traits<true, false, true> >::~_Hashtable_base()[m[K’ is implicitly deleted because the default definition would be ill-formed:
[26.957s]  1561 |     struct [01;36m[K_Hashtable_base[m[K
[26.957s]       |            [01;36m[K^~~~~~~~~~~~~~~[m[K
[26.957s] [01m[K/usr/include/c++/11/bits/hashtable_policy.h:1561:12:[m[K [01;31m[Kerror: [m[Kuse of deleted function ‘[01m[Kstd::__detail::_Hash_code_base<rclcpp::Time, std::pair<const rclcpp::Time, std::shared_ptr<sensor_msgs::msg::Image_<std::allocator<void> > > >, std::__detail::_Select1st, std::hash<rclcpp::Time>, std::__detail::_Mod_range_hashing, std::__detail::_Default_ranged_hash, true>::~_Hash_code_base()[m[K’
[26.957s] In file included from [01m[K/usr/include/c++/11/unordered_map:46[m[K,
[26.957s]                  from [01m[K/opt/ros/humble/include/rclcpp/rclcpp/executors/multi_threaded_executor.hpp:23[m[K,
[26.957s]                  from [01m[K/opt/ros/humble/include/rclcpp/rclcpp/executors.hpp:21[m[K,
[26.957s]                  from [01m[K/opt/ros/humble/include/rclcpp/rclcpp/rclcpp.hpp:155[m[K,
[26.957s]                  from [01m[K/home/mkhanum/datapipe/ros2_ws/src/smartbelt_segmentation/src/MK_pc_seg.cpp:1[m[K:
[26.957s] [01m[K/usr/include/c++/11/bits/hashtable.h:528:7:[m[K [01;31m[Kerror: [m[Kuse of deleted function ‘[01m[Kconstexpr std::_Enable_default_constructor<false, _Tag>::_Enable_default_constructor() [with _Tag = std::__detail::_Hash_node_base][m[K’
[26.957s]   528 |       [01;31m[K_Hashtable[m[K() = default;
[26.958s]       |       [01;31m[K^~~~~~~~~~[m[K
[26.958s] In file included from [01m[K/usr/include/c++/11/bits/hashtable.h:36[m[K,
[26.958s]                  from [01m[K/usr/include/c++/11/unordered_map:46[m[K,
[26.958s]                  from [01m[K/opt/ros/humble/include/rclcpp/rclcpp/executors/multi_threaded_executor.hpp:23[m[K,
[26.958s]                  from [01m[K/opt/ros/humble/include/rclcpp/rclcpp/executors.hpp:21[m[K,
[26.958s]                  from [01m[K/opt/ros/humble/include/rclcpp/rclcpp/rclcpp.hpp:155[m[K,
[26.958s]                  from [01m[K/home/mkhanum/datapipe/ros2_ws/src/smartbelt_segmentation/src/MK_pc_seg.cpp:1[m[K:
[26.958s] [01m[K/usr/include/c++/11/bits/enable_special_members.h:113:15:[m[K [01;36m[Knote: [m[Kdeclared here
[26.958s]   113 |     constexpr [01;36m[K_Enable_default_constructor[m[K() noexcept = delete;
[26.958s]       |               [01;36m[K^~~~~~~~~~~~~~~~~~~~~~~~~~~[m[K
[26.958s] [01m[K/home/mkhanum/datapipe/ros2_ws/src/smartbelt_segmentation/src/MK_pc_seg.cpp:32:48:[m[K [01;31m[Kerror: [m[Kcannot convert ‘[01m[Kstd::shared_ptr<rcutils_uint8_array_s>*[m[K’ to ‘[01m[Kconst rclcpp::SerializedMessage*[m[K’
[26.958s]    32 |                 serializer.deserialize_message([01;31m[K&bag_message->serialized_data[m[K, img_msg.get());
[26.958s]       |                                                [01;31m[K^~~~~~~~~~~~~~~~~~~~~~~~~~~~~[m[K
[26.958s]       |                                                [01;31m[K|[m[K
[26.959s]       |                                                [01;31m[Kstd::shared_ptr<rcutils_uint8_array_s>*[m[K
[26.959s] In file included from [01m[K/opt/ros/humble/include/rosbag2_cpp/rosbag2_cpp/reader.hpp:23[m[K,
[26.959s]                  from [01m[K/home/mkhanum/datapipe/ros2_ws/src/smartbelt_segmentation/src/MK_pc_seg.cpp:2[m[K:
[26.959s] [01m[K/opt/ros/humble/include/rclcpp/rclcpp/serialization.hpp:75:31:[m[K [01;36m[Knote: [m[K  initializing argument 1 of ‘[01m[Kvoid rclcpp::SerializationBase::deserialize_message(const rclcpp::SerializedMessage*, void*) const[m[K’
[26.959s]    75 |     [01;36m[Kconst SerializedMessage * serialized_message[m[K, void * ros_message) const;
[26.959s]       |     [01;36m[K~~~~~~~~~~~~~~~~~~~~~~~~~~^~~~~~~~~~~~~~~~~~[m[K
[26.959s] [01m[K/home/mkhanum/datapipe/ros2_ws/src/smartbelt_segmentation/src/MK_pc_seg.cpp:42:48:[m[K [01;31m[Kerror: [m[Kcannot convert ‘[01m[Kstd::shared_ptr<rcutils_uint8_array_s>*[m[K’ to ‘[01m[Kconst rclcpp::SerializedMessage*[m[K’
[26.959s]    42 |                 serializer.deserialize_message([01;31m[K&bag_message->serialized_data[m[K, cloud_msg.get());
[26.959s]       |                                                [01;31m[K^~~~~~~~~~~~~~~~~~~~~~~~~~~~~[m[K
[26.959s]       |                                                [01;31m[K|[m[K
[26.959s]       |                                                [01;31m[Kstd::shared_ptr<rcutils_uint8_array_s>*[m[K
[26.959s] In file included from [01m[K/opt/ros/humble/include/rosbag2_cpp/rosbag2_cpp/reader.hpp:23[m[K,
[26.959s]                  from [01m[K/home/mkhanum/datapipe/ros2_ws/src/smartbelt_segmentation/src/MK_pc_seg.cpp:2[m[K:
[26.959s] [01m[K/opt/ros/humble/include/rclcpp/rclcpp/serialization.hpp:75:31:[m[K [01;36m[Knote: [m[K  initializing argument 1 of ‘[01m[Kvoid rclcpp::SerializationBase::deserialize_message(const rclcpp::SerializedMessage*, void*) const[m[K’
[26.960s]    75 |     [01;36m[Kconst SerializedMessage * serialized_message[m[K, void * ros_message) const;
[26.960s]       |     [01;36m[K~~~~~~~~~~~~~~~~~~~~~~~~~~^~~~~~~~~~~~~~~~~~[m[K
[26.960s] [01m[K/home/mkhanum/datapipe/ros2_ws/src/smartbelt_segmentation/src/MK_pc_seg.cpp:44:37:[m[K [01;31m[Kerror: [m[K‘[01m[Kclass std::unordered_map<rclcpp::Time, std::shared_ptr<sensor_msgs::msg::Image_<std::allocator<void> > > >[m[K’ has no member named ‘[01m[Klower_bound[m[K’
[26.960s]    44 |                 auto it = mask_msgs.[01;31m[Klower_bound[m[K(cloud_msg->header.stamp);
[26.960s]       |                                     [01;31m[K^~~~~~~~~~~[m[K
[26.960s] [01m[K/home/mkhanum/datapipe/ros2_ws/src/smartbelt_segmentation/src/MK_pc_seg.cpp:48:28:[m[K [01;31m[Kerror: [m[Kexpected initializer before ‘[01m[K->[m[K’ token
[26.960s]    48 |                     writer_[01;31m[K->[m[Kwrite(segmented_cloud, "/segmented_pointcloud", cloud_msg->header.stamp);
[26.960s]       |                            [01;31m[K^~[m[K
[27.370s] In file included from [01m[K/usr/include/c++/11/unordered_map:46[m[K,
[27.371s]                  from [01m[K/opt/ros/humble/include/rclcpp/rclcpp/executors/multi_threaded_executor.hpp:23[m[K,
[27.371s]                  from [01m[K/opt/ros/humble/include/rclcpp/rclcpp/executors.hpp:21[m[K,
[27.371s]                  from [01m[K/opt/ros/humble/include/rclcpp/rclcpp/rclcpp.hpp:155[m[K,
[27.371s]                  from [01m[K/home/mkhanum/datapipe/ros2_ws/src/smartbelt_segmentation/src/MK_pc_seg.cpp:1[m[K:
[27.371s] /usr/include/c++/11/bits/hashtable.h: In instantiation of ‘[01m[Kstd::_Hashtable<_Key, _Value, _Alloc, _ExtractKey, _Equal, _Hash, _RangeHash, _Unused, _RehashPolicy, _Traits>::~_Hashtable() [with _Key = rclcpp::Time; _Value = std::pair<const rclcpp::Time, std::shared_ptr<sensor_msgs::msg::Image_<std::allocator<void> > > >; _Alloc = std::allocator<std::pair<const rclcpp::Time, std::shared_ptr<sensor_msgs::msg::Image_<std::allocator<void> > > > >; _ExtractKey = std::__detail::_Select1st; _Equal = std::equal_to<rclcpp::Time>; _Hash = std::hash<rclcpp::Time>; _RangeHash = std::__detail::_Mod_range_hashing; _Unused = std::__detail::_Default_ranged_hash; _RehashPolicy = std::__detail::_Prime_rehash_policy; _Traits = std::__detail::_Hashtable_traits<true, false, true>][m[K’:
[27.371s] [01m[K/usr/include/c++/11/bits/unordered_map.h:102:11:[m[K   required from here
[27.371s] [01m[K/usr/include/c++/11/bits/hashtable.h:1534:5:[m[K [01;31m[Kerror: [m[Kuse of deleted function ‘[01m[Kstd::__detail::_Hashtable_base<rclcpp::Time, std::pair<const rclcpp::Time, std::shared_ptr<sensor_msgs::msg::Image_<std::allocator<void> > > >, std::__detail::_Select1st, std::equal_to<rclcpp::Time>, std::hash<rclcpp::Time>, std::__detail::_Mod_range_hashing, std::__detail::_Default_ranged_hash, std::__detail::_Hashtable_traits<true, false, true> >::~_Hashtable_base()[m[K’
[27.372s]  1534 |     [01;31m[K}[m[K
[27.372s]       |     [01;31m[K^[m[K
[28.668s] In file included from [01m[K/usr/include/c++/11/bits/hashtable.h:35[m[K,
[28.668s]                  from [01m[K/usr/include/c++/11/unordered_map:46[m[K,
[28.668s]                  from [01m[K/opt/ros/humble/include/rclcpp/rclcpp/executors/multi_threaded_executor.hpp:23[m[K,
[28.668s]                  from [01m[K/opt/ros/humble/include/rclcpp/rclcpp/executors.hpp:21[m[K,
[28.668s]                  from [01m[K/opt/ros/humble/include/rclcpp/rclcpp/rclcpp.hpp:155[m[K,
[28.668s]                  from [01m[K/home/mkhanum/datapipe/ros2_ws/src/smartbelt_segmentation/src/MK_pc_seg.cpp:1[m[K:
[28.668s] /usr/include/c++/11/bits/hashtable_policy.h: In instantiation of ‘[01m[Kstd::__detail::_Hash_code_base<_Key, _Value, _ExtractKey, _Hash, _RangeHash, _Unused, __cache_hash_code>::__hash_code std::__detail::_Hash_code_base<_Key, _Value, _ExtractKey, _Hash, _RangeHash, _Unused, __cache_hash_code>::_M_hash_code(const _Key&) const [with _Key = rclcpp::Time; _Value = std::pair<const rclcpp::Time, std::shared_ptr<sensor_msgs::msg::Image_<std::allocator<void> > > >; _ExtractKey = std::__detail::_Select1st; _Hash = std::hash<rclcpp::Time>; _RangeHash = std::__detail::_Mod_range_hashing; _Unused = std::__detail::_Default_ranged_hash; bool __cache_hash_code = true; std::__detail::_Hash_code_base<_Key, _Value, _ExtractKey, _Hash, _RangeHash, _Unused, __cache_hash_code>::__hash_code = long unsigned int][m[K’:
[28.668s] [01m[K/usr/include/c++/11/bits/hashtable_policy.h:729:45:[m[K   required from ‘[01m[Kstd::__detail::_Map_base<_Key, _Pair, _Alloc, std::__detail::_Select1st, _Equal, _Hash, _RangeHash, _Unused, _RehashPolicy, _Traits, true>::mapped_type& std::__detail::_Map_base<_Key, _Pair, _Alloc, std::__detail::_Select1st, _Equal, _Hash, _RangeHash, _Unused, _RehashPolicy, _Traits, true>::operator[](std::__detail::_Map_base<_Key, _Pair, _Alloc, std::__detail::_Select1st, _Equal, _Hash, _RangeHash, _Unused, _RehashPolicy, _Traits, true>::key_type&&) [with _Key = rclcpp::Time; _Pair = std::pair<const rclcpp::Time, std::shared_ptr<sensor_msgs::msg::Image_<std::allocator<void> > > >; _Alloc = std::allocator<std::pair<const rclcpp::Time, std::shared_ptr<sensor_msgs::msg::Image_<std::allocator<void> > > > >; _Equal = std::equal_to<rclcpp::Time>; _Hash = std::hash<rclcpp::Time>; _RangeHash = std::__detail::_Mod_range_hashing; _Unused = std::__detail::_Default_ranged_hash; _RehashPolicy = std::__detail::_Prime_rehash_policy; _Traits = std::__detail::_Hashtable_traits<true, false, true>; std::__detail::_Map_base<_Key, _Pair, _Alloc, std::__detail::_Select1st, _Equal, _Hash, _RangeHash, _Unused, _RehashPolicy, _Traits, true>::mapped_type = std::shared_ptr<sensor_msgs::msg::Image_<std::allocator<void> > >; std::__detail::_Map_base<_Key, _Pair, _Alloc, std::__detail::_Select1st, _Equal, _Hash, _RangeHash, _Unused, _RehashPolicy, _Traits, true>::key_type = rclcpp::Time][m[K’
[28.668s] [01m[K/usr/include/c++/11/bits/unordered_map.h:984:20:[m[K   required from ‘[01m[Kstd::unordered_map<_Key, _Tp, _Hash, _Pred, _Alloc>::mapped_type& std::unordered_map<_Key, _Tp, _Hash, _Pred, _Alloc>::operator[](std::unordered_map<_Key, _Tp, _Hash, _Pred, _Alloc>::key_type&&) [with _Key = rclcpp::Time; _Tp = std::shared_ptr<sensor_msgs::msg::Image_<std::allocator<void> > >; _Hash = std::hash<rclcpp::Time>; _Pred = std::equal_to<rclcpp::Time>; _Alloc = std::allocator<std::pair<const rclcpp::Time, std::shared_ptr<sensor_msgs::msg::Image_<std::allocator<void> > > > >; std::unordered_map<_Key, _Tp, _Hash, _Pred, _Alloc>::mapped_type = std::shared_ptr<sensor_msgs::msg::Image_<std::allocator<void> > >; std::unordered_map<_Key, _Tp, _Hash, _Pred, _Alloc>::key_type = rclcpp::Time][m[K’
[28.669s] [01m[K/home/mkhanum/datapipe/ros2_ws/src/smartbelt_segmentation/src/MK_pc_seg.cpp:33:48:[m[K   required from here
[28.669s] [01m[K/usr/include/c++/11/bits/hashtable_policy.h:1217:23:[m[K [01;31m[Kerror: [m[Kstatic assertion failed: hash function must be invocable with an argument of key type
[28.669s]  1217 |         static_assert([01;31m[K__is_invocable<const _Hash&, const _Key&>{}[m[K,
[28.669s]       |                       [01;31m[K^~~~~~~~~~~~~~~~~~~~~~~~~~~~~~~~~~~~~~~~~~~[m[K
[28.669s] [01m[K/usr/include/c++/11/bits/hashtable_policy.h:1217:23:[m[K [01;36m[Knote: [m[K‘[01m[Kstd::__is_invocable<const std::hash<rclcpp::Time>&, const rclcpp::Time&>{}[m[K’ evaluates to false
[28.669s] [01m[K/usr/include/c++/11/bits/hashtable_policy.h:1219:25:[m[K [01;31m[Kerror: [m[Kno match for call to ‘[01m[K(const std::hash<rclcpp::Time>) (const rclcpp::Time&)[m[K’
[28.669s]  1219 |         return [01;31m[K_M_hash()(__k)[m[K;
[28.669s]       |                [01;31m[K~~~~~~~~~^~~~~[m[K
[29.413s] gmake[2]: *** [CMakeFiles/mk_pc_seg.dir/build.make:76: CMakeFiles/mk_pc_seg.dir/src/MK_pc_seg.cpp.o] Error 1
[29.413s] gmake[1]: *** [CMakeFiles/Makefile2:221: CMakeFiles/mk_pc_seg.dir/all] Error 2
[29.414s] gmake[1]: *** Waiting for unfinished jobs....
[29.849s] [ 62%] [32m[1mLinking CXX executable mk_rgb_seg_bag[0m
[31.289s] [ 62%] Built target mk_rgb_seg_bag
[42.565s] [ 75%] [32m[1mLinking CXX executable mk_rgb_seg[0m
[43.878s] [ 75%] Built target mk_rgb_seg
[50.912s] [ 87%] [32m[1mLinking CXX executable mk_matching_ptcld[0m
[52.764s] [ 87%] Built target mk_matching_ptcld
[52.765s] gmake: *** [Makefile:146: all] Error 2
[52.769s] Invoked command in '/home/mkhanum/datapipe/ros2_ws/build/smartbelt_segmentation' returned '2': CMAKE_PREFIX_PATH=/opt/ros/humble /usr/bin/cmake --build /home/mkhanum/datapipe/ros2_ws/build/smartbelt_segmentation --clean-first -- -j16 -l16
