[0.011s] Invoking command in '/home/mkhanum/datapipe/build/smartbelt_segmentation': CMAKE_PREFIX_PATH=/opt/ros/humble CONDA_PROMPT_MODIFIER=(base) /usr/bin/cmake --build /home/mkhanum/datapipe/build/smartbelt_segmentation -- -j16 -l16
[0.043s] -- Found ament_cmake: 1.3.11 (/opt/ros/humble/share/ament_cmake/cmake)
[0.204s] -- Found rclcpp: 16.0.11 (/opt/ros/humble/share/rclcpp/cmake)
[0.471s] -- Found rosidl_generator_c: 3.1.6 (/opt/ros/humble/share/rosidl_generator_c/cmake)
[0.473s] -- Found rosidl_adapter: 3.1.6 (/opt/ros/humble/share/rosidl_adapter/cmake)
[0.480s] -- Found rosidl_generator_cpp: 3.1.6 (/opt/ros/humble/share/rosidl_generator_cpp/cmake)
[0.490s] -- Using all available rosidl_typesupport_c: rosidl_typesupport_fastrtps_c;rosidl_typesupport_introspection_c
[0.503s] -- Using all available rosidl_typesupport_cpp: rosidl_typesupport_fastrtps_cpp;rosidl_typesupport_introspection_cpp
[0.540s] -- Found rmw_implementation_cmake: 6.1.2 (/opt/ros/humble/share/rmw_implementation_cmake/cmake)
[0.542s] -- Found rmw_fastrtps_cpp: 6.2.7 (/opt/ros/humble/share/rmw_fastrtps_cpp/cmake)
[9.678s] -- Using RMW implementation 'rmw_fastrtps_cpp' as default
[9.735s] -- Found sensor_msgs: 4.2.4 (/opt/ros/humble/share/sensor_msgs/cmake)
[9.766s] -- Found tf2: 0.25.12 (/opt/ros/humble/share/tf2/cmake)
[9.770s] -- Found tf2_ros: 0.25.12 (/opt/ros/humble/share/tf2_ros/cmake)
[9.860s] -- Found tf2_eigen: 0.25.12 (/opt/ros/humble/share/tf2_eigen/cmake)
[9.877s] -- Found cv_bridge: 3.2.1 (/opt/ros/humble/share/cv_bridge/cmake)
[9.999s] -- Configuring done
[10.019s] -- Generating done
[10.025s] -- Build files have been written to: /home/mkhanum/datapipe/build/smartbelt_segmentation
[10.063s] [ 50%] [32mBuilding CXX object CMakeFiles/mk_matching_ptcld.dir/src/MK_matching_ptcld.cpp.o[0m
[10.296s] In file included from [01m[K/home/mkhanum/datapipe/smartbelt_segmentation/src/MK_matching_ptcld.cpp:27[m[K:
[10.297s] [01m[K/opt/ros/humble/include/tf2_eigen/tf2_eigen/tf2_eigen.h:32:2:[m[K [01;35m[Kwarning: [m[K#warning This header is obsolete, please include tf2_eigen/tf2_eigen.hpp instead [[01;35m[K]8;;https://gcc.gnu.org/onlinedocs/gcc/Warning-Options.html#index-Wcpp-Wcpp]8;;[m[K]
[10.297s]    32 | #[01;35m[Kwarning[m[K This header is obsolete, please include tf2_eigen/tf2_eigen.hpp instead
[10.297s]       |  [01;35m[K^~~~~~~[m[K
[10.509s] [01m[K/home/mkhanum/datapipe/smartbelt_segmentation/src/MK_matching_ptcld.cpp:33:10:[m[K [01;31m[Kfatal error: [m[Ktf2_geometry_msgs/tf2_geometry_msgs.h: No such file or directory
[10.509s]    33 | #include [01;31m[K<tf2_geometry_msgs/tf2_geometry_msgs.h>[m[K //necessary for doTransform
[10.509s]       |          [01;31m[K^~~~~~~~~~~~~~~~~~~~~~~~~~~~~~~~~~~~~~~[m[K
[10.509s] compilation terminated.
[10.511s] gmake[2]: *** [CMakeFiles/mk_matching_ptcld.dir/build.make:76: CMakeFiles/mk_matching_ptcld.dir/src/MK_matching_ptcld.cpp.o] Error 1
[10.511s] gmake[1]: *** [CMakeFiles/Makefile2:137: CMakeFiles/mk_matching_ptcld.dir/all] Error 2
[10.511s] gmake: *** [Makefile:146: all] Error 2
[10.515s] Invoked command in '/home/mkhanum/datapipe/build/smartbelt_segmentation' returned '2': CMAKE_PREFIX_PATH=/opt/ros/humble CONDA_PROMPT_MODIFIER=(base) /usr/bin/cmake --build /home/mkhanum/datapipe/build/smartbelt_segmentation -- -j16 -l16
