[0.012s] Invoking command in '/home/mkhanum/datapipe/build/smartbelt_segmentation': CMAKE_PREFIX_PATH=/opt/ros/humble CONDA_PROMPT_MODIFIER=(base) /usr/bin/cmake --build /home/mkhanum/datapipe/build/smartbelt_segmentation -- -j16 -l16
[0.046s] -- Found ament_cmake: 1.3.11 (/opt/ros/humble/share/ament_cmake/cmake)
[0.272s] -- Found rclcpp: 16.0.11 (/opt/ros/humble/share/rclcpp/cmake)
[0.526s] -- Found rosidl_generator_c: 3.1.6 (/opt/ros/humble/share/rosidl_generator_c/cmake)
[0.531s] -- Found rosidl_adapter: 3.1.6 (/opt/ros/humble/share/rosidl_adapter/cmake)
[0.544s] -- Found rosidl_generator_cpp: 3.1.6 (/opt/ros/humble/share/rosidl_generator_cpp/cmake)
[0.564s] -- Using all available rosidl_typesupport_c: rosidl_typesupport_fastrtps_c;rosidl_typesupport_introspection_c
[0.586s] -- Using all available rosidl_typesupport_cpp: rosidl_typesupport_fastrtps_cpp;rosidl_typesupport_introspection_cpp
[0.649s] -- Found rmw_implementation_cmake: 6.1.2 (/opt/ros/humble/share/rmw_implementation_cmake/cmake)
[0.653s] -- Found rmw_fastrtps_cpp: 6.2.7 (/opt/ros/humble/share/rmw_fastrtps_cpp/cmake)
[9.756s] -- Using RMW implementation 'rmw_fastrtps_cpp' as default
[9.811s] -- Found sensor_msgs: 4.2.4 (/opt/ros/humble/share/sensor_msgs/cmake)
[9.841s] -- Found tf2: 0.25.12 (/opt/ros/humble/share/tf2/cmake)
[9.845s] -- Found tf2_ros: 0.25.12 (/opt/ros/humble/share/tf2_ros/cmake)
[9.932s] -- Found tf2_eigen: 0.25.12 (/opt/ros/humble/share/tf2_eigen/cmake)
[9.937s] -- Found tf2_geometry_msgs: 0.25.12 (/opt/ros/humble/share/tf2_geometry_msgs/cmake)
[9.940s] -- Found eigen3_cmake_module: 0.1.1 (/opt/ros/humble/share/eigen3_cmake_module/cmake)
[9.942s] -- Ensuring Eigen3 include directory is part of orocos-kdl CMake target
[9.943s] -- Found cv_bridge: 3.2.1 (/opt/ros/humble/share/cv_bridge/cmake)
[9.962s] -- Found image_transport: 3.1.10 (/opt/ros/humble/share/image_transport/cmake)
[12.447s] -- Configuring done
[12.464s] -- Generating done
[12.470s] -- Build files have been written to: /home/mkhanum/datapipe/build/smartbelt_segmentation
[12.513s] [ 50%] [32mBuilding CXX object CMakeFiles/mk_matching_ptcld.dir/src/MK_matching_ptcld.cpp.o[0m
[12.985s] [01m[K/home/mkhanum/datapipe/smartbelt_segmentation/src/MK_matching_ptcld.cpp:42:10:[m[K [01;31m[Kfatal error: [m[Kimage_geometry/pinhole_camera_model.h: No such file or directory
[12.986s]    42 | #include [01;31m[K<image_geometry/pinhole_camera_model.h>[m[K
[12.986s]       |          [01;31m[K^~~~~~~~~~~~~~~~~~~~~~~~~~~~~~~~~~~~~~~[m[K
[12.986s] compilation terminated.
[12.988s] gmake[2]: *** [CMakeFiles/mk_matching_ptcld.dir/build.make:76: CMakeFiles/mk_matching_ptcld.dir/src/MK_matching_ptcld.cpp.o] Error 1
[12.988s] gmake[1]: *** [CMakeFiles/Makefile2:137: CMakeFiles/mk_matching_ptcld.dir/all] Error 2
[12.989s] gmake: *** [Makefile:146: all] Error 2
[12.993s] Invoked command in '/home/mkhanum/datapipe/build/smartbelt_segmentation' returned '2': CMAKE_PREFIX_PATH=/opt/ros/humble CONDA_PROMPT_MODIFIER=(base) /usr/bin/cmake --build /home/mkhanum/datapipe/build/smartbelt_segmentation -- -j16 -l16
