[0.022s] Invoking command in '/home/mkhanum/datapipe/ros2_ws/build/smartbelt_segmentation': CMAKE_PREFIX_PATH=${CMAKE_PREFIX_PATH}:/opt/ros/humble /usr/bin/cmake /home/mkhanum/datapipe/ros2_ws/src/smartbelt_segmentation -DAMENT_CMAKE_SYMLINK_INSTALL=1 -DCMAKE_INSTALL_PREFIX=/home/mkhanum/datapipe/ros2_ws/install/smartbelt_segmentation
[0.534s] -- The C compiler identification is GNU 11.4.0
[1.680s] -- The CXX compiler identification is GNU 11.4.0
[2.405s] -- Detecting C compiler ABI info
[2.696s] -- Detecting C compiler ABI info - done
[2.702s] -- Check for working C compiler: /usr/bin/cc - skipped
[2.703s] -- Detecting C compile features
[2.704s] -- Detecting C compile features - done
[2.708s] -- Detecting CXX compiler ABI info
[2.962s] -- Detecting CXX compiler ABI info - done
[2.968s] -- Check for working CXX compiler: /usr/bin/c++ - skipped
[2.968s] -- Detecting CXX compile features
[2.969s] -- Detecting CXX compile features - done
[2.985s] -- Found ament_cmake: 1.3.11 (/opt/ros/humble/share/ament_cmake/cmake)
[3.147s] -- Found Python3: /usr/bin/python3 (found version "3.10.12") found components: Interpreter 
[3.245s] -- Override CMake install command with custom implementation using symlinks instead of copying resources
[3.290s] -- Found rclcpp: 16.0.11 (/opt/ros/humble/share/rclcpp/cmake)
[3.699s] -- Found rosidl_generator_c: 3.1.6 (/opt/ros/humble/share/rosidl_generator_c/cmake)
[3.707s] -- Found rosidl_adapter: 3.1.6 (/opt/ros/humble/share/rosidl_adapter/cmake)
[3.725s] -- Found rosidl_generator_cpp: 3.1.6 (/opt/ros/humble/share/rosidl_generator_cpp/cmake)
[3.751s] -- Using all available rosidl_typesupport_c: rosidl_typesupport_fastrtps_c;rosidl_typesupport_introspection_c
[3.776s] -- Using all available rosidl_typesupport_cpp: rosidl_typesupport_fastrtps_cpp;rosidl_typesupport_introspection_cpp
[3.848s] -- Found rmw_implementation_cmake: 6.1.2 (/opt/ros/humble/share/rmw_implementation_cmake/cmake)
[3.852s] -- Found rmw_fastrtps_cpp: 6.2.7 (/opt/ros/humble/share/rmw_fastrtps_cpp/cmake)
[7.108s] -- Found OpenSSL: /usr/lib/x86_64-linux-gnu/libcrypto.so (found version "3.0.2")  
[10.950s] -- Found FastRTPS: /opt/ros/humble/include  
[19.321s] -- Using RMW implementation 'rmw_fastrtps_cpp' as default
[19.338s] -- Looking for pthread.h
[19.749s] -- Looking for pthread.h - found
[19.749s] -- Performing Test CMAKE_HAVE_LIBC_PTHREAD
[20.122s] -- Performing Test CMAKE_HAVE_LIBC_PTHREAD - Success
[20.124s] -- Found Threads: TRUE  
[20.214s] -- Found sensor_msgs: 4.2.4 (/opt/ros/humble/share/sensor_msgs/cmake)
[20.269s] -- Found image_geometry: 3.2.1 (/opt/ros/humble/share/image_geometry/cmake)
[20.287s] -- Found tf2: 0.25.12 (/opt/ros/humble/share/tf2/cmake)
[20.300s] -- Found tf2_ros: 0.25.12 (/opt/ros/humble/share/tf2_ros/cmake)
[20.441s] -- Found tf2_eigen: 0.25.12 (/opt/ros/humble/share/tf2_eigen/cmake)
[20.454s] -- Found tf2_geometry_msgs: 0.25.12 (/opt/ros/humble/share/tf2_geometry_msgs/cmake)
[20.531s] -- Found eigen3_cmake_module: 0.1.1 (/opt/ros/humble/share/eigen3_cmake_module/cmake)
[20.533s] -- Found Eigen3: TRUE (found version "3.4.0") 
[20.533s] -- Ensuring Eigen3 include directory is part of orocos-kdl CMake target
[20.536s] -- Found cv_bridge: 3.2.1 (/opt/ros/humble/share/cv_bridge/cmake)
[20.543s] -- Found OpenCV: /usr (found version "4.5.4") 
[20.545s] -- Found image_transport: 3.1.10 (/opt/ros/humble/share/image_transport/cmake)
[23.322s] -- Checking for module 'eigen3'
[23.338s] --   Found eigen3, version 3.4.0
[23.370s] -- Found Eigen: /usr/include/eigen3 (Required is at least version "3.1") 
[23.371s] -- Eigen found (include: /usr/include/eigen3, version: 3.4.0)
[23.403s] -- Found Boost: /usr/lib/x86_64-linux-gnu/cmake/Boost-1.74.0/BoostConfig.cmake (found suitable version "1.74.0", minimum required is "1.65.0") found components: system filesystem date_time iostreams serialization 
[23.453s] -- Checking for module 'libusb-1.0'
[23.464s] --   Found libusb-1.0, version 1.0.25
[23.786s] -- Found libusb: /usr/lib/x86_64-linux-gnu/libusb-1.0.so  
[23.789s] -- Found OpenNI: /usr/lib/libOpenNI.so;libusb::libusb (found version "1.5.4.0") 
[23.789s] -- OpenNI found (version: 1.5.4.0, include: /usr/include/ni, lib: /usr/lib/libOpenNI.so;libusb::libusb)
[24.285s] -- Found OpenNI2: /usr/lib/x86_64-linux-gnu/libOpenNI2.so;libusb::libusb (found version "2.2.0.33") 
[24.286s] -- OpenNI2 found (version: 2.2.0.33, include: /usr/include/openni2, lib: /usr/lib/x86_64-linux-gnu/libOpenNI2.so;libusb::libusb)
[24.286s] [0m** WARNING ** io features related to pcap will be disabled[0m
[24.286s] [0m** WARNING ** io features related to png will be disabled[0m
[24.332s] -- Found GLEW: /usr/lib/x86_64-linux-gnu/libGLEW.so  
[24.549s] -- Found OpenGL: /usr/lib/x86_64-linux-gnu/libOpenGL.so  found components: OpenGL GLX 
[24.952s] -- Found MPI_C: /usr/lib/x86_64-linux-gnu/libmpi.so (found version "3.1") 
[24.953s] -- Found MPI: TRUE (found version "3.1") found components: C 
[24.957s] -- Found JsonCpp: /usr/lib/x86_64-linux-gnu/libjsoncpp.so (found suitable version "1.9.5", minimum required is "0.7.0") 
[26.391s] -- Found ZLIB: /usr/lib/x86_64-linux-gnu/libz.so (found version "1.2.11") 
[27.899s] -- Found PNG: /usr/lib/x86_64-linux-gnu/libpng.so (found version "1.6.37") 
[27.929s] -- Found Eigen3: /usr/include/eigen3 (found version "3.4.0") 
[30.799s] -- Found X11: /usr/include   
[30.800s] -- Looking for XOpenDisplay in /usr/lib/x86_64-linux-gnu/libX11.so;/usr/lib/x86_64-linux-gnu/libXext.so
[31.156s] -- Looking for XOpenDisplay in /usr/lib/x86_64-linux-gnu/libX11.so;/usr/lib/x86_64-linux-gnu/libXext.so - found
[31.157s] -- Looking for gethostbyname
[31.428s] -- Looking for gethostbyname - found
[31.428s] -- Looking for connect
[31.684s] -- Looking for connect - found
[31.684s] -- Looking for remove
[31.938s] -- Looking for remove - found
[31.939s] -- Looking for shmat
[32.159s] -- Looking for shmat - found
[32.159s] -- Looking for IceConnectionNumber in ICE
[32.423s] -- Looking for IceConnectionNumber in ICE - found
[34.548s] -- Found EXPAT: /usr/lib/x86_64-linux-gnu/libexpat.so (found version "2.4.7") 
[34.550s] -- Found double-conversion: /usr/lib/x86_64-linux-gnu/libdouble-conversion.so  
[34.553s] -- Found LZ4: /usr/lib/x86_64-linux-gnu/liblz4.so (found version "1.9.3") 
[34.555s] -- Found LZMA: /usr/lib/x86_64-linux-gnu/liblzma.so (found version "5.2.5") 
[35.101s] -- Found JPEG: /usr/lib/x86_64-linux-gnu/libjpeg.so (found version "80") 
[35.538s] -- Found TIFF: /usr/lib/x86_64-linux-gnu/libtiff.so (found version "4.3.0")  
[35.542s] -- Found Freetype: /usr/lib/x86_64-linux-gnu/libfreetype.so (found version "2.11.1") 
[35.551s] -- Found utf8cpp: /usr/include/utf8cpp  
[35.597s] -- Eigen found (include: /usr/include/eigen3, version: 3.4.0)
[35.597s] -- looking for PCL_COMMON
[35.597s] -- Found PCL_COMMON: /usr/lib/x86_64-linux-gnu/libpcl_common.so  
[35.598s] -- looking for PCL_OCTREE
[35.598s] -- Found PCL_OCTREE: /usr/lib/x86_64-linux-gnu/libpcl_octree.so  
[35.598s] -- looking for PCL_IO
[35.599s] -- Found PCL_IO: /usr/lib/x86_64-linux-gnu/libpcl_io.so  
[35.600s] -- Found PCL: pcl_common;pcl_octree;pcl_io;Boost::system;Boost::filesystem;Boost::date_time;Boost::iostreams;Boost::serialization;/usr/lib/libOpenNI.so;libusb::libusb;/usr/lib/x86_64-linux-gnu/libOpenNI2.so;libusb::libusb;VTK::ChartsCore;VTK::CommonColor;VTK::CommonComputationalGeometry;VTK::CommonCore;VTK::CommonDataModel;VTK::CommonExecutionModel;VTK::CommonMath;VTK::CommonMisc;VTK::CommonTransforms;VTK::FiltersCore;VTK::FiltersExtraction;VTK::FiltersGeneral;VTK::FiltersGeometry;VTK::FiltersModeling;VTK::FiltersSources;VTK::ImagingCore;VTK::ImagingSources;VTK::InteractionImage;VTK::InteractionStyle;VTK::InteractionWidgets;VTK::IOCore;VTK::IOGeometry;VTK::IOImage;VTK::IOLegacy;VTK::IOPLY;VTK::RenderingAnnotation;VTK::RenderingCore;VTK::RenderingContext2D;VTK::RenderingLOD;VTK::RenderingFreeType;VTK::ViewsCore;VTK::ViewsContext2D;VTK::RenderingOpenGL2;VTK::GUISupportQt  
[35.602s] -- Found pcl_conversions: 2.4.5 (/opt/ros/humble/share/pcl_conversions/cmake)
[35.735s] -- Configuring done
[35.840s] -- Generating done
[35.856s] -- Build files have been written to: /home/mkhanum/datapipe/ros2_ws/build/smartbelt_segmentation
[35.879s] Invoked command in '/home/mkhanum/datapipe/ros2_ws/build/smartbelt_segmentation' returned '0': CMAKE_PREFIX_PATH=${CMAKE_PREFIX_PATH}:/opt/ros/humble /usr/bin/cmake /home/mkhanum/datapipe/ros2_ws/src/smartbelt_segmentation -DAMENT_CMAKE_SYMLINK_INSTALL=1 -DCMAKE_INSTALL_PREFIX=/home/mkhanum/datapipe/ros2_ws/install/smartbelt_segmentation
[35.883s] Invoking command in '/home/mkhanum/datapipe/ros2_ws/build/smartbelt_segmentation': CMAKE_PREFIX_PATH=${CMAKE_PREFIX_PATH}:/opt/ros/humble /usr/bin/cmake --build /home/mkhanum/datapipe/ros2_ws/build/smartbelt_segmentation -- -j16 -l16
[35.927s] [ 16%] [32mBuilding CXX object CMakeFiles/mk_rgb_seg.dir/src/MK_rgb_seg.cpp.o[0m
[35.927s] [ 33%] [32mBuilding CXX object CMakeFiles/mk_rgb_seg_bag.dir/src/MK_rgb_seg_bag.cpp.o[0m
[35.928s] [ 50%] [32mBuilding CXX object CMakeFiles/mk_matching_ptcld.dir/src/MK_matching_ptcld.cpp.o[0m
[36.449s] [01m[K/home/mkhanum/datapipe/ros2_ws/src/smartbelt_segmentation/src/MK_rgb_seg_bag.cpp:2:10:[m[K [01;31m[Kfatal error: [m[Krosbag2_cpp/reader.hpp: No such file or directory
[36.449s]     2 | #include [01;31m[K<rosbag2_cpp/reader.hpp>[m[K
[36.449s]       |          [01;31m[K^~~~~~~~~~~~~~~~~~~~~~~~[m[K
[36.449s] compilation terminated.
[36.451s] gmake[2]: *** [CMakeFiles/mk_rgb_seg_bag.dir/build.make:76: CMakeFiles/mk_rgb_seg_bag.dir/src/MK_rgb_seg_bag.cpp.o] Error 1
[36.451s] gmake[1]: *** [CMakeFiles/Makefile2:193: CMakeFiles/mk_rgb_seg_bag.dir/all] Error 2
[36.451s] gmake[1]: *** Waiting for unfinished jobs....
[53.938s] [ 66%] [32m[1mLinking CXX executable mk_rgb_seg[0m
[55.651s] [ 66%] Built target mk_rgb_seg
[61.282s] [ 83%] [32m[1mLinking CXX executable mk_matching_ptcld[0m
[63.076s] [ 83%] Built target mk_matching_ptcld
[63.077s] gmake: *** [Makefile:146: all] Error 2
[63.080s] Invoked command in '/home/mkhanum/datapipe/ros2_ws/build/smartbelt_segmentation' returned '2': CMAKE_PREFIX_PATH=${CMAKE_PREFIX_PATH}:/opt/ros/humble /usr/bin/cmake --build /home/mkhanum/datapipe/ros2_ws/build/smartbelt_segmentation -- -j16 -l16
