[0.402s] DEBUG:colcon:Command line arguments: ['/usr/bin/colcon', 'build', '--packages-select', 'smartbelt_segmentation', '--cmake-clean-first']
[0.403s] DEBUG:colcon:Parsed command line arguments: Namespace(log_base=None, log_level=None, verb_name='build', build_base='build', install_base='install', merge_install=False, symlink_install=False, test_result_base=None, continue_on_error=False, executor='parallel', parallel_workers=16, event_handlers=None, ignore_user_meta=False, metas=['./colcon.meta'], base_paths=['.'], packages_ignore=None, packages_ignore_regex=None, paths=None, packages_up_to=None, packages_up_to_regex=None, packages_above=None, packages_above_and_dependencies=None, packages_above_depth=None, packages_select_by_dep=None, packages_skip_by_dep=None, packages_skip_up_to=None, packages_select_build_failed=False, packages_skip_build_finished=False, packages_select_test_failures=False, packages_skip_test_passed=False, packages_select=['smartbelt_segmentation'], packages_skip=None, packages_select_regex=None, packages_skip_regex=None, packages_start=None, packages_end=None, allow_overriding=[], cmake_args=None, cmake_target=None, cmake_target_skip_unavailable=False, cmake_clean_cache=False, cmake_clean_first=True, cmake_force_configure=False, ament_cmake_args=None, catkin_cmake_args=None, catkin_skip_building_tests=False, mixin_files=None, mixin=None, verb_parser=<colcon_mixin.mixin.mixin_argument.MixinArgumentDecorator object at 0x7f0983554e50>, verb_extension=<colcon_core.verb.build.BuildVerb object at 0x7f0983665e10>, main=<bound method BuildVerb.main of <colcon_core.verb.build.BuildVerb object at 0x7f0983665e10>>, mixin_verb=('build',))
[0.650s] Level 1:colcon.colcon_core.package_discovery:discover_packages(colcon_meta) check parameters
[0.650s] Level 1:colcon.colcon_core.package_discovery:discover_packages(recursive) check parameters
[0.650s] Level 1:colcon.colcon_core.package_discovery:discover_packages(ignore) check parameters
[0.650s] Level 1:colcon.colcon_core.package_discovery:discover_packages(path) check parameters
[0.650s] Level 1:colcon.colcon_core.package_discovery:discover_packages(colcon_meta) discover
[0.650s] Level 1:colcon.colcon_core.package_discovery:discover_packages(recursive) discover
[0.651s] INFO:colcon.colcon_core.package_discovery:Crawling recursively for packages in '/home/mkhanum/datapipe/ros2_ws'
[0.651s] Level 1:colcon.colcon_core.package_identification:_identify(.) by extensions ['ignore', 'ignore_ament_install']
[0.651s] Level 1:colcon.colcon_core.package_identification:_identify(.) by extension 'ignore'
[0.651s] Level 1:colcon.colcon_core.package_identification:_identify(.) by extension 'ignore_ament_install'
[0.651s] Level 1:colcon.colcon_core.package_identification:_identify(.) by extensions ['colcon_pkg']
[0.651s] Level 1:colcon.colcon_core.package_identification:_identify(.) by extension 'colcon_pkg'
[0.651s] Level 1:colcon.colcon_core.package_identification:_identify(.) by extensions ['colcon_meta']
[0.651s] Level 1:colcon.colcon_core.package_identification:_identify(.) by extension 'colcon_meta'
[0.651s] Level 1:colcon.colcon_core.package_identification:_identify(.) by extensions ['ros']
[0.651s] Level 1:colcon.colcon_core.package_identification:_identify(.) by extension 'ros'
[0.675s] Level 1:colcon.colcon_core.package_identification:_identify(.) by extensions ['cmake', 'python']
[0.675s] Level 1:colcon.colcon_core.package_identification:_identify(.) by extension 'cmake'
[0.676s] Level 1:colcon.colcon_core.package_identification:_identify(.) by extension 'python'
[0.677s] Level 1:colcon.colcon_core.package_identification:_identify(.) by extensions ['python_setup_py']
[0.677s] Level 1:colcon.colcon_core.package_identification:_identify(.) by extension 'python_setup_py'
[0.677s] Level 1:colcon.colcon_core.package_identification:_identify(build) by extensions ['ignore', 'ignore_ament_install']
[0.677s] Level 1:colcon.colcon_core.package_identification:_identify(build) by extension 'ignore'
[0.677s] Level 1:colcon.colcon_core.package_identification:_identify(build) ignored
[0.677s] Level 1:colcon.colcon_core.package_identification:_identify(install) by extensions ['ignore', 'ignore_ament_install']
[0.678s] Level 1:colcon.colcon_core.package_identification:_identify(install) by extension 'ignore'
[0.678s] Level 1:colcon.colcon_core.package_identification:_identify(install) ignored
[0.678s] Level 1:colcon.colcon_core.package_identification:_identify(log) by extensions ['ignore', 'ignore_ament_install']
[0.678s] Level 1:colcon.colcon_core.package_identification:_identify(log) by extension 'ignore'
[0.678s] Level 1:colcon.colcon_core.package_identification:_identify(log) ignored
[0.678s] Level 1:colcon.colcon_core.package_identification:_identify(src) by extensions ['ignore', 'ignore_ament_install']
[0.678s] Level 1:colcon.colcon_core.package_identification:_identify(src) by extension 'ignore'
[0.678s] Level 1:colcon.colcon_core.package_identification:_identify(src) by extension 'ignore_ament_install'
[0.679s] Level 1:colcon.colcon_core.package_identification:_identify(src) by extensions ['colcon_pkg']
[0.679s] Level 1:colcon.colcon_core.package_identification:_identify(src) by extension 'colcon_pkg'
[0.679s] Level 1:colcon.colcon_core.package_identification:_identify(src) by extensions ['colcon_meta']
[0.679s] Level 1:colcon.colcon_core.package_identification:_identify(src) by extension 'colcon_meta'
[0.679s] Level 1:colcon.colcon_core.package_identification:_identify(src) by extensions ['ros']
[0.679s] Level 1:colcon.colcon_core.package_identification:_identify(src) by extension 'ros'
[0.679s] Level 1:colcon.colcon_core.package_identification:_identify(src) by extensions ['cmake', 'python']
[0.679s] Level 1:colcon.colcon_core.package_identification:_identify(src) by extension 'cmake'
[0.679s] Level 1:colcon.colcon_core.package_identification:_identify(src) by extension 'python'
[0.679s] Level 1:colcon.colcon_core.package_identification:_identify(src) by extensions ['python_setup_py']
[0.679s] Level 1:colcon.colcon_core.package_identification:_identify(src) by extension 'python_setup_py'
[0.679s] Level 1:colcon.colcon_core.package_identification:_identify(src/smartbelt_segmentation) by extensions ['ignore', 'ignore_ament_install']
[0.679s] Level 1:colcon.colcon_core.package_identification:_identify(src/smartbelt_segmentation) by extension 'ignore'
[0.679s] Level 1:colcon.colcon_core.package_identification:_identify(src/smartbelt_segmentation) by extension 'ignore_ament_install'
[0.680s] Level 1:colcon.colcon_core.package_identification:_identify(src/smartbelt_segmentation) by extensions ['colcon_pkg']
[0.680s] Level 1:colcon.colcon_core.package_identification:_identify(src/smartbelt_segmentation) by extension 'colcon_pkg'
[0.680s] Level 1:colcon.colcon_core.package_identification:_identify(src/smartbelt_segmentation) by extensions ['colcon_meta']
[0.680s] Level 1:colcon.colcon_core.package_identification:_identify(src/smartbelt_segmentation) by extension 'colcon_meta'
[0.680s] Level 1:colcon.colcon_core.package_identification:_identify(src/smartbelt_segmentation) by extensions ['ros']
[0.680s] Level 1:colcon.colcon_core.package_identification:_identify(src/smartbelt_segmentation) by extension 'ros'
[0.695s] DEBUG:colcon.colcon_core.package_identification:Package 'src/smartbelt_segmentation' with type 'ros.ament_cmake' and name 'smartbelt_segmentation'
[0.695s] Level 1:colcon.colcon_core.package_discovery:discover_packages(recursive) using defaults
[0.695s] Level 1:colcon.colcon_core.package_discovery:discover_packages(ignore) discover
[0.695s] Level 1:colcon.colcon_core.package_discovery:discover_packages(ignore) using defaults
[0.695s] Level 1:colcon.colcon_core.package_discovery:discover_packages(path) discover
[0.695s] Level 1:colcon.colcon_core.package_discovery:discover_packages(path) using defaults
[0.772s] Level 1:colcon.colcon_core.package_discovery:discover_packages(prefix_path) check parameters
[0.772s] Level 1:colcon.colcon_core.package_discovery:discover_packages(prefix_path) discover
[0.785s] DEBUG:colcon.colcon_installed_package_information.package_discovery:Found 278 installed packages in /opt/ros/humble
[0.788s] Level 1:colcon.colcon_core.package_discovery:discover_packages(prefix_path) using defaults
[0.938s] Level 5:colcon.colcon_core.verb:set package 'smartbelt_segmentation' build argument 'cmake_args' from command line to 'None'
[0.938s] Level 5:colcon.colcon_core.verb:set package 'smartbelt_segmentation' build argument 'cmake_target' from command line to 'None'
[0.938s] Level 5:colcon.colcon_core.verb:set package 'smartbelt_segmentation' build argument 'cmake_target_skip_unavailable' from command line to 'False'
[0.938s] Level 5:colcon.colcon_core.verb:set package 'smartbelt_segmentation' build argument 'cmake_clean_cache' from command line to 'False'
[0.938s] Level 5:colcon.colcon_core.verb:set package 'smartbelt_segmentation' build argument 'cmake_clean_first' from command line to 'True'
[0.938s] Level 5:colcon.colcon_core.verb:set package 'smartbelt_segmentation' build argument 'cmake_force_configure' from command line to 'False'
[0.938s] Level 5:colcon.colcon_core.verb:set package 'smartbelt_segmentation' build argument 'ament_cmake_args' from command line to 'None'
[0.938s] Level 5:colcon.colcon_core.verb:set package 'smartbelt_segmentation' build argument 'catkin_cmake_args' from command line to 'None'
[0.938s] Level 5:colcon.colcon_core.verb:set package 'smartbelt_segmentation' build argument 'catkin_skip_building_tests' from command line to 'False'
[0.938s] DEBUG:colcon.colcon_core.verb:Building package 'smartbelt_segmentation' with the following arguments: {'ament_cmake_args': None, 'build_base': '/home/mkhanum/datapipe/ros2_ws/build/smartbelt_segmentation', 'catkin_cmake_args': None, 'catkin_skip_building_tests': False, 'cmake_args': None, 'cmake_clean_cache': False, 'cmake_clean_first': True, 'cmake_force_configure': False, 'cmake_target': None, 'cmake_target_skip_unavailable': False, 'install_base': '/home/mkhanum/datapipe/ros2_ws/install/smartbelt_segmentation', 'merge_install': False, 'path': '/home/mkhanum/datapipe/ros2_ws/src/smartbelt_segmentation', 'symlink_install': False, 'test_result_base': None}
[0.938s] INFO:colcon.colcon_core.executor:Executing jobs using 'parallel' executor
[0.944s] DEBUG:colcon.colcon_parallel_executor.executor.parallel:run_until_complete
[0.945s] INFO:colcon.colcon_ros.task.ament_cmake.build:Building ROS package in '/home/mkhanum/datapipe/ros2_ws/src/smartbelt_segmentation' with build type 'ament_cmake'
[0.945s] INFO:colcon.colcon_cmake.task.cmake.build:Building CMake package in '/home/mkhanum/datapipe/ros2_ws/src/smartbelt_segmentation'
[0.969s] INFO:colcon.colcon_core.plugin_system:Skipping extension 'colcon_core.shell.bat': Not used on non-Windows systems
[0.969s] INFO:colcon.colcon_core.shell:Skip shell extension 'powershell' for command environment: Not usable outside of PowerShell
[0.969s] DEBUG:colcon.colcon_core.shell:Skip shell extension 'dsv' for command environment
[1.000s] DEBUG:colcon.colcon_core.event_handler.log_command:Invoking command in '/home/mkhanum/datapipe/ros2_ws/build/smartbelt_segmentation': CMAKE_PREFIX_PATH=/opt/ros/humble /usr/bin/cmake --build /home/mkhanum/datapipe/ros2_ws/build/smartbelt_segmentation --clean-first -- -j16 -l16
[23.570s] DEBUG:colcon.colcon_core.event_handler.log_command:Invoked command in '/home/mkhanum/datapipe/ros2_ws/build/smartbelt_segmentation' returned '2': CMAKE_PREFIX_PATH=/opt/ros/humble /usr/bin/cmake --build /home/mkhanum/datapipe/ros2_ws/build/smartbelt_segmentation --clean-first -- -j16 -l16
[23.573s] Level 1:colcon.colcon_core.environment:create_environment_scripts_only(smartbelt_segmentation)
[23.589s] Level 1:colcon.colcon_core.environment:checking '/home/mkhanum/datapipe/ros2_ws/install/smartbelt_segmentation' for CMake module files
[23.593s] Level 1:colcon.colcon_core.environment:checking '/home/mkhanum/datapipe/ros2_ws/install/smartbelt_segmentation' for CMake config files
[23.596s] Level 1:colcon.colcon_core.shell:create_environment_hook('smartbelt_segmentation', 'cmake_prefix_path')
[23.596s] INFO:colcon.colcon_core.shell:Creating environment hook '/home/mkhanum/datapipe/ros2_ws/install/smartbelt_segmentation/share/smartbelt_segmentation/hook/cmake_prefix_path.ps1'
[23.600s] INFO:colcon.colcon_core.shell:Creating environment descriptor '/home/mkhanum/datapipe/ros2_ws/install/smartbelt_segmentation/share/smartbelt_segmentation/hook/cmake_prefix_path.dsv'
[23.601s] INFO:colcon.colcon_core.shell:Creating environment hook '/home/mkhanum/datapipe/ros2_ws/install/smartbelt_segmentation/share/smartbelt_segmentation/hook/cmake_prefix_path.sh'
[23.603s] Level 1:colcon.colcon_core.environment:checking '/home/mkhanum/datapipe/ros2_ws/install/smartbelt_segmentation/lib'
[23.603s] Level 1:colcon.colcon_core.environment:checking '/home/mkhanum/datapipe/ros2_ws/install/smartbelt_segmentation/bin'
[23.603s] Level 1:colcon.colcon_core.environment:checking '/home/mkhanum/datapipe/ros2_ws/install/smartbelt_segmentation/lib/pkgconfig/smartbelt_segmentation.pc'
[23.604s] Level 1:colcon.colcon_core.environment:checking '/home/mkhanum/datapipe/ros2_ws/install/smartbelt_segmentation/lib/python3.10/site-packages'
[23.604s] Level 1:colcon.colcon_core.environment:checking '/home/mkhanum/datapipe/ros2_ws/install/smartbelt_segmentation/bin'
[23.605s] INFO:colcon.colcon_core.shell:Creating package script '/home/mkhanum/datapipe/ros2_ws/install/smartbelt_segmentation/share/smartbelt_segmentation/package.ps1'
[23.607s] INFO:colcon.colcon_core.shell:Creating package descriptor '/home/mkhanum/datapipe/ros2_ws/install/smartbelt_segmentation/share/smartbelt_segmentation/package.dsv'
[23.608s] INFO:colcon.colcon_core.shell:Creating package script '/home/mkhanum/datapipe/ros2_ws/install/smartbelt_segmentation/share/smartbelt_segmentation/package.sh'
[23.610s] INFO:colcon.colcon_core.shell:Creating package script '/home/mkhanum/datapipe/ros2_ws/install/smartbelt_segmentation/share/smartbelt_segmentation/package.bash'
[23.612s] INFO:colcon.colcon_core.shell:Creating package script '/home/mkhanum/datapipe/ros2_ws/install/smartbelt_segmentation/share/smartbelt_segmentation/package.zsh'
[23.614s] Level 1:colcon.colcon_core.environment:create_file_with_runtime_dependencies(/home/mkhanum/datapipe/ros2_ws/install/smartbelt_segmentation/share/colcon-core/packages/smartbelt_segmentation)
[23.625s] DEBUG:colcon.colcon_parallel_executor.executor.parallel:closing loop
[23.626s] DEBUG:colcon.colcon_parallel_executor.executor.parallel:loop closed
[23.626s] DEBUG:colcon.colcon_parallel_executor.executor.parallel:run_until_complete finished with '2'
[23.626s] DEBUG:colcon.colcon_core.event_reactor:joining thread
[23.718s] INFO:colcon.colcon_core.plugin_system:Skipping extension 'colcon_notification.desktop_notification.notify_send': Could not find 'notify-send'
[23.719s] INFO:colcon.colcon_core.plugin_system:Skipping extension 'colcon_notification.desktop_notification.terminal_notifier': Not used on non-Darwin systems
[23.719s] INFO:colcon.colcon_core.plugin_system:Skipping extension 'colcon_notification.desktop_notification.win32': Not used on non-Windows systems
[23.719s] INFO:colcon.colcon_notification.desktop_notification:Sending desktop notification using 'notify2'
[23.722s] DEBUG:colcon.colcon_notification.desktop_notification.notify2:Failed to initialize notify2: org.freedesktop.DBus.Error.FileNotFound: Failed to connect to socket /run/user/1000/bus: No such file or directory
[23.722s] DEBUG:colcon.colcon_core.event_reactor:joined thread
[23.722s] INFO:colcon.colcon_core.shell:Creating prefix script '/home/mkhanum/datapipe/ros2_ws/install/local_setup.ps1'
[23.725s] INFO:colcon.colcon_core.shell:Creating prefix util module '/home/mkhanum/datapipe/ros2_ws/install/_local_setup_util_ps1.py'
[23.727s] INFO:colcon.colcon_core.shell:Creating prefix chain script '/home/mkhanum/datapipe/ros2_ws/install/setup.ps1'
[23.729s] INFO:colcon.colcon_core.shell:Creating prefix script '/home/mkhanum/datapipe/ros2_ws/install/local_setup.sh'
[23.730s] INFO:colcon.colcon_core.shell:Creating prefix util module '/home/mkhanum/datapipe/ros2_ws/install/_local_setup_util_sh.py'
[23.731s] INFO:colcon.colcon_core.shell:Creating prefix chain script '/home/mkhanum/datapipe/ros2_ws/install/setup.sh'
[23.733s] INFO:colcon.colcon_core.shell:Creating prefix script '/home/mkhanum/datapipe/ros2_ws/install/local_setup.bash'
[23.734s] INFO:colcon.colcon_core.shell:Creating prefix chain script '/home/mkhanum/datapipe/ros2_ws/install/setup.bash'
[23.736s] INFO:colcon.colcon_core.shell:Creating prefix script '/home/mkhanum/datapipe/ros2_ws/install/local_setup.zsh'
[23.736s] INFO:colcon.colcon_core.shell:Creating prefix chain script '/home/mkhanum/datapipe/ros2_ws/install/setup.zsh'
