[0.039s] Invoking command in '/home/mkhanum/datapipe/ros2_ws/build/smartbelt_segmentation': CMAKE_PREFIX_PATH=/opt/ros/humble CONDA_PROMPT_MODIFIER=(base) /usr/bin/cmake --build /home/mkhanum/datapipe/ros2_ws/build/smartbelt_segmentation --clean-first -- -j16 -l16
[0.489s] [ 12%] [32mBuilding CXX object CMakeFiles/mk_rgb_seg_bag.dir/src/MK_rgb_seg_bag.cpp.o[0m
[0.490s] [ 25%] [32mBuilding CXX object CMakeFiles/mk_rgb_seg.dir/src/MK_rgb_seg.cpp.o[0m
[0.491s] [ 37%] [32mBuilding CXX object CMakeFiles/mk_matching_ptcld.dir/src/MK_matching_ptcld.cpp.o[0m
[0.495s] [ 50%] [32mBuilding CXX object CMakeFiles/mk_pc_seg.dir/src/MK_pc_seg.cpp.o[0m
[26.907s] [ 62%] [32m[1mLinking CXX executable mk_rgb_seg_bag[0m
[27.352s] [ 75%] [32m[1mLinking CXX executable mk_pc_seg[0m
[28.530s] [ 75%] Built target mk_pc_seg
[28.550s] [ 75%] Built target mk_rgb_seg_bag
[42.368s] [ 87%] [32m[1mLinking CXX executable mk_rgb_seg[0m
[43.903s] [ 87%] Built target mk_rgb_seg
[51.685s] [100%] [32m[1mLinking CXX executable mk_matching_ptcld[0m
[54.184s] [100%] Built target mk_matching_ptcld
[54.201s] Invoked command in '/home/mkhanum/datapipe/ros2_ws/build/smartbelt_segmentation' returned '0': CMAKE_PREFIX_PATH=/opt/ros/humble CONDA_PROMPT_MODIFIER=(base) /usr/bin/cmake --build /home/mkhanum/datapipe/ros2_ws/build/smartbelt_segmentation --clean-first -- -j16 -l16
[54.217s] Invoking command in '/home/mkhanum/datapipe/ros2_ws/build/smartbelt_segmentation': CMAKE_PREFIX_PATH=/opt/ros/humble CONDA_PROMPT_MODIFIER=(base) /usr/bin/cmake --install /home/mkhanum/datapipe/ros2_ws/build/smartbelt_segmentation
[54.228s] -- Install configuration: ""
[54.230s] -- Execute custom install script
[54.232s] -- Up-to-date symlink: /home/mkhanum/datapipe/ros2_ws/install/smartbelt_segmentation/lib/smartbelt_segmentation/mk_matching_ptcld
[54.232s] -- Up-to-date symlink: /home/mkhanum/datapipe/ros2_ws/install/smartbelt_segmentation/lib/smartbelt_segmentation/mk_rgb_seg
[54.233s] -- Up-to-date symlink: /home/mkhanum/datapipe/ros2_ws/install/smartbelt_segmentation/lib/smartbelt_segmentation/mk_rgb_seg_bag
[54.234s] -- Up-to-date symlink: /home/mkhanum/datapipe/ros2_ws/install/smartbelt_segmentation/lib/smartbelt_segmentation/mk_pc_seg
[54.236s] -- Up-to-date symlink: /home/mkhanum/datapipe/ros2_ws/install/smartbelt_segmentation/share/smartbelt_segmentation/launch/__pycache__/downsample.launch.cpython-310.pyc
[54.236s] -- Up-to-date symlink: /home/mkhanum/datapipe/ros2_ws/install/smartbelt_segmentation/share/smartbelt_segmentation/launch/downsample.launch.py
[54.237s] -- Up-to-date symlink: /home/mkhanum/datapipe/ros2_ws/install/smartbelt_segmentation/share/smartbelt_segmentation/launch/rgb_segmentation.launch.py
[54.237s] -- Up-to-date symlink: /home/mkhanum/datapipe/ros2_ws/install/smartbelt_segmentation/share/smartbelt_segmentation/launch/segmentation.launch.py
[54.238s] -- Up-to-date symlink: /home/mkhanum/datapipe/ros2_ws/install/smartbelt_segmentation/share/smartbelt_segmentation/launch/segmentation.launch.xml
[54.239s] -- Up-to-date symlink: /home/mkhanum/datapipe/ros2_ws/install/smartbelt_segmentation/share/ament_index/resource_index/package_run_dependencies/smartbelt_segmentation
[54.240s] -- Up-to-date symlink: /home/mkhanum/datapipe/ros2_ws/install/smartbelt_segmentation/share/ament_index/resource_index/parent_prefix_path/smartbelt_segmentation
[54.240s] -- Up-to-date symlink: /home/mkhanum/datapipe/ros2_ws/install/smartbelt_segmentation/share/smartbelt_segmentation/environment/ament_prefix_path.sh
[54.241s] -- Up-to-date symlink: /home/mkhanum/datapipe/ros2_ws/install/smartbelt_segmentation/share/smartbelt_segmentation/environment/ament_prefix_path.dsv
[54.241s] -- Up-to-date symlink: /home/mkhanum/datapipe/ros2_ws/install/smartbelt_segmentation/share/smartbelt_segmentation/environment/path.sh
[54.242s] -- Up-to-date symlink: /home/mkhanum/datapipe/ros2_ws/install/smartbelt_segmentation/share/smartbelt_segmentation/environment/path.dsv
[54.243s] -- Up-to-date symlink: /home/mkhanum/datapipe/ros2_ws/install/smartbelt_segmentation/share/smartbelt_segmentation/local_setup.bash
[54.243s] -- Up-to-date symlink: /home/mkhanum/datapipe/ros2_ws/install/smartbelt_segmentation/share/smartbelt_segmentation/local_setup.sh
[54.244s] -- Up-to-date symlink: /home/mkhanum/datapipe/ros2_ws/install/smartbelt_segmentation/share/smartbelt_segmentation/local_setup.zsh
[54.245s] -- Up-to-date symlink: /home/mkhanum/datapipe/ros2_ws/install/smartbelt_segmentation/share/smartbelt_segmentation/local_setup.dsv
[54.245s] -- Symlinking: /home/mkhanum/datapipe/ros2_ws/install/smartbelt_segmentation/share/smartbelt_segmentation/package.dsv
[54.258s] -- Up-to-date symlink: /home/mkhanum/datapipe/ros2_ws/install/smartbelt_segmentation/share/ament_index/resource_index/packages/smartbelt_segmentation
[54.258s] -- Up-to-date symlink: /home/mkhanum/datapipe/ros2_ws/install/smartbelt_segmentation/share/smartbelt_segmentation/cmake/smartbelt_segmentationConfig.cmake
[54.259s] -- Up-to-date symlink: /home/mkhanum/datapipe/ros2_ws/install/smartbelt_segmentation/share/smartbelt_segmentation/cmake/smartbelt_segmentationConfig-version.cmake
[54.260s] -- Up-to-date symlink: /home/mkhanum/datapipe/ros2_ws/install/smartbelt_segmentation/share/smartbelt_segmentation/package.xml
[54.263s] Invoked command in '/home/mkhanum/datapipe/ros2_ws/build/smartbelt_segmentation' returned '0': CMAKE_PREFIX_PATH=/opt/ros/humble CONDA_PROMPT_MODIFIER=(base) /usr/bin/cmake --install /home/mkhanum/datapipe/ros2_ws/build/smartbelt_segmentation
