[0.016s] Invoking command in '/home/mkhanum/datapipe/ros2_ws/build/smartbelt_segmentation': CMAKE_PREFIX_PATH=/opt/ros/humble /usr/bin/cmake --build /home/mkhanum/datapipe/ros2_ws/build/smartbelt_segmentation --clean-first -- -j16 -l16
[0.142s] [ 25%] [32mBuilding CXX object CMakeFiles/mk_rgb_seg.dir/src/MK_rgb_seg.cpp.o[0m
[0.143s] [ 25%] [32mBuilding CXX object CMakeFiles/mk_matching_ptcld.dir/src/MK_matching_ptcld.cpp.o[0m
[0.143s] [ 50%] [32mBuilding CXX object CMakeFiles/mk_pc_seg.dir/src/MK_pc_seg.cpp.o[0m
[0.143s] [ 50%] [32mBuilding CXX object CMakeFiles/mk_rgb_seg_bag.dir/src/MK_rgb_seg_bag.cpp.o[0m
[8.410s] [ 62%] [32m[1mLinking CXX executable mk_rgb_seg_bag[0m
[8.623s] [ 75%] [32m[1mLinking CXX executable mk_pc_seg[0m
[9.443s] [ 75%] Built target mk_rgb_seg_bag
[9.577s] /usr/bin/ld: CMakeFiles/mk_pc_seg.dir/src/MK_pc_seg.cpp.o: in function `void rosbag2_cpp::Writer::write<std::shared_ptr<sensor_msgs::msg::PointCloud2_<std::allocator<void> > > >(std::shared_ptr<sensor_msgs::msg::PointCloud2_<std::allocator<void> > > const&, std::__cxx11::basic_string<char, std::char_traits<char>, std::allocator<char> > const&, rclcpp::Time const&)':
[9.577s] MK_pc_seg.cpp:(.text._ZN11rosbag2_cpp6Writer5writeISt10shared_ptrIN11sensor_msgs3msg12PointCloud2_ISaIvEEEEEEvRKT_RKNSt7__cxx1112basic_stringIcSt11char_traitsIcESaIcEEERKN6rclcpp4TimeE[_ZN11rosbag2_cpp6Writer5writeISt10shared_ptrIN11sensor_msgs3msg12PointCloud2_ISaIvEEEEEEvRKT_RKNSt7__cxx1112basic_stringIcSt11char_traitsIcESaIcEEERKN6rclcpp4TimeE]+0x85): undefined reference to `char const* rosidl_generator_traits::name<std::shared_ptr<sensor_msgs::msg::PointCloud2_<std::allocator<void> > > >()'
[9.577s] /usr/bin/ld: CMakeFiles/mk_pc_seg.dir/src/MK_pc_seg.cpp.o: in function `rclcpp::Serialization<std::shared_ptr<sensor_msgs::msg::PointCloud2_<std::allocator<void> > > >::Serialization()':
[9.577s] MK_pc_seg.cpp:(.text._ZN6rclcpp13SerializationISt10shared_ptrIN11sensor_msgs3msg12PointCloud2_ISaIvEEEEEC2Ev[_ZN6rclcpp13SerializationISt10shared_ptrIN11sensor_msgs3msg12PointCloud2_ISaIvEEEEEC5Ev]+0x16): undefined reference to `rosidl_message_type_support_t const* rosidl_typesupport_cpp::get_message_type_support_handle<std::shared_ptr<sensor_msgs::msg::PointCloud2_<std::allocator<void> > > >()'
[9.629s] collect2: error: ld returned 1 exit status
[9.632s] gmake[2]: *** [CMakeFiles/mk_pc_seg.dir/build.make:369: mk_pc_seg] Error 1
[9.632s] gmake[1]: *** [CMakeFiles/Makefile2:221: CMakeFiles/mk_pc_seg.dir/all] Error 2
[9.632s] gmake[1]: *** Waiting for unfinished jobs....
[20.687s] [ 87%] [32m[1mLinking CXX executable mk_rgb_seg[0m
[21.962s] [ 87%] Built target mk_rgb_seg
[29.148s] [100%] [32m[1mLinking CXX executable mk_matching_ptcld[0m
[31.746s] [100%] Built target mk_matching_ptcld
[31.747s] gmake: *** [Makefile:146: all] Error 2
[31.752s] Invoked command in '/home/mkhanum/datapipe/ros2_ws/build/smartbelt_segmentation' returned '2': CMAKE_PREFIX_PATH=/opt/ros/humble /usr/bin/cmake --build /home/mkhanum/datapipe/ros2_ws/build/smartbelt_segmentation --clean-first -- -j16 -l16
