[0.021s] Invoking command in '/home/mkhanum/datapipe/build/ros2_ws': CMAKE_PREFIX_PATH=/opt/ros/humble CONDA_PROMPT_MODIFIER=(base) /usr/bin/cmake /home/mkhanum/datapipe/ros2_ws -DCMAKE_INSTALL_PREFIX=/home/mkhanum/datapipe/install/ros2_ws
[0.108s] -- Found ament_cmake: 1.3.11 (/opt/ros/humble/share/ament_cmake/cmake)
[0.392s] -- Found rclcpp: 16.0.11 (/opt/ros/humble/share/rclcpp/cmake)
[0.695s] -- Found rosidl_generator_c: 3.1.6 (/opt/ros/humble/share/rosidl_generator_c/cmake)
[0.700s] -- Found rosidl_adapter: 3.1.6 (/opt/ros/humble/share/rosidl_adapter/cmake)
[0.713s] -- Found rosidl_generator_cpp: 3.1.6 (/opt/ros/humble/share/rosidl_generator_cpp/cmake)
[0.735s] -- Using all available rosidl_typesupport_c: rosidl_typesupport_fastrtps_c;rosidl_typesupport_introspection_c
[0.759s] -- Using all available rosidl_typesupport_cpp: rosidl_typesupport_fastrtps_cpp;rosidl_typesupport_introspection_cpp
[0.823s] -- Found rmw_implementation_cmake: 6.1.2 (/opt/ros/humble/share/rmw_implementation_cmake/cmake)
[0.826s] -- Found rmw_fastrtps_cpp: 6.2.7 (/opt/ros/humble/share/rmw_fastrtps_cpp/cmake)
[9.804s] -- Using RMW implementation 'rmw_fastrtps_cpp' as default
[9.899s] -- Found sensor_msgs: 4.2.4 (/opt/ros/humble/share/sensor_msgs/cmake)
[9.952s] -- Found message_filters: 4.3.5 (/opt/ros/humble/share/message_filters/cmake)
[9.985s] Traceback (most recent call last):
[9.985s]   File "/opt/ros/humble/share/ament_cmake_core/cmake/core/package_xml_2_cmake.py", line 22, in <module>
[9.985s]     from catkin_pkg.package import parse_package_string
[9.985s] ModuleNotFoundError: No module named 'catkin_pkg'
[9.989s] [31mCMake Error at /opt/ros/humble/share/ament_cmake_core/cmake/core/ament_package_xml.cmake:95 (message):
[9.989s]   execute_process(/home/mkhanum/miniconda3/bin/python3
[9.990s]   /opt/ros/humble/share/ament_cmake_core/cmake/core/package_xml_2_cmake.py
[9.990s]   /home/mkhanum/datapipe/ros2_ws/package.xml
[9.990s]   /home/mkhanum/datapipe/build/ros2_ws/ament_cmake_core/package.cmake)
[9.990s]   returned error code 1
[9.990s] Call Stack (most recent call first):
[9.990s]   /opt/ros/humble/share/ament_cmake_core/cmake/core/ament_package_xml.cmake:49 (_ament_package_xml)
[9.990s]   /opt/ros/humble/share/ament_cmake_core/cmake/core/ament_package.cmake:63 (ament_package_xml)
[9.990s]   CMakeLists.txt:21 (ament_package)
[9.990s] 
[9.990s] [0m
[9.990s] -- Configuring incomplete, errors occurred!
[9.990s] See also "/home/mkhanum/datapipe/build/ros2_ws/CMakeFiles/CMakeOutput.log".
[10.010s] Invoked command in '/home/mkhanum/datapipe/build/ros2_ws' returned '1': CMAKE_PREFIX_PATH=/opt/ros/humble CONDA_PROMPT_MODIFIER=(base) /usr/bin/cmake /home/mkhanum/datapipe/ros2_ws -DCMAKE_INSTALL_PREFIX=/home/mkhanum/datapipe/install/ros2_ws
