[0.032s] Invoking command in '/home/mkhanum/datapipe/build/ros2_ws': CMAKE_PREFIX_PATH=/opt/ros/humble CONDA_PROMPT_MODIFIER=(base) /usr/bin/cmake /home/mkhanum/datapipe/ros2_ws -DCMAKE_INSTALL_PREFIX=/home/mkhanum/datapipe/install/ros2_ws
[0.509s] -- The C compiler identification is GNU 11.4.0
[1.397s] -- The CXX compiler identification is GNU 11.4.0
[1.977s] -- Detecting C compiler ABI info
[2.220s] -- Detecting C compiler ABI info - done
[2.230s] -- Check for working C compiler: /usr/bin/cc - skipped
[2.230s] -- Detecting C compile features
[2.231s] -- Detecting C compile features - done
[2.236s] -- Detecting CXX compiler ABI info
[2.494s] -- Detecting CXX compiler ABI info - done
[2.502s] -- Check for working CXX compiler: /usr/bin/c++ - skipped
[2.502s] -- Detecting CXX compile features
[2.503s] -- Detecting CXX compile features - done
[2.524s] -- Found ament_cmake: 1.3.11 (/opt/ros/humble/share/ament_cmake/cmake)
[3.256s] -- Found Python3: /home/mkhanum/miniconda3/bin/python3 (found version "3.12.8") found components: Interpreter 
[3.414s] -- Found rclcpp: 16.0.11 (/opt/ros/humble/share/rclcpp/cmake)
[3.758s] -- Found rosidl_generator_c: 3.1.6 (/opt/ros/humble/share/rosidl_generator_c/cmake)
[3.768s] -- Found rosidl_adapter: 3.1.6 (/opt/ros/humble/share/rosidl_adapter/cmake)
[3.785s] -- Found rosidl_generator_cpp: 3.1.6 (/opt/ros/humble/share/rosidl_generator_cpp/cmake)
[3.814s] -- Using all available rosidl_typesupport_c: rosidl_typesupport_fastrtps_c;rosidl_typesupport_introspection_c
[3.850s] -- Using all available rosidl_typesupport_cpp: rosidl_typesupport_fastrtps_cpp;rosidl_typesupport_introspection_cpp
[3.947s] -- Found rmw_implementation_cmake: 6.1.2 (/opt/ros/humble/share/rmw_implementation_cmake/cmake)
[3.953s] -- Found rmw_fastrtps_cpp: 6.2.7 (/opt/ros/humble/share/rmw_fastrtps_cpp/cmake)
[6.339s] -- Found OpenSSL: /usr/lib/x86_64-linux-gnu/libcrypto.so (found version "3.0.2")  
[8.730s] -- Found FastRTPS: /opt/ros/humble/include  
[13.330s] -- Using RMW implementation 'rmw_fastrtps_cpp' as default
[13.349s] -- Looking for pthread.h
[13.574s] -- Looking for pthread.h - found
[13.574s] -- Performing Test CMAKE_HAVE_LIBC_PTHREAD
[13.808s] -- Performing Test CMAKE_HAVE_LIBC_PTHREAD - Success
[13.809s] -- Found Threads: TRUE  
[13.913s] -- Found sensor_msgs: 4.2.4 (/opt/ros/humble/share/sensor_msgs/cmake)
[13.976s] -- Found message_filters: 4.3.5 (/opt/ros/humble/share/message_filters/cmake)
[14.021s] Traceback (most recent call last):
[14.021s]   File "/opt/ros/humble/share/ament_cmake_core/cmake/core/package_xml_2_cmake.py", line 22, in <module>
[14.021s]     from catkin_pkg.package import parse_package_string
[14.021s] ModuleNotFoundError: No module named 'catkin_pkg'
[14.024s] [31mCMake Error at /opt/ros/humble/share/ament_cmake_core/cmake/core/ament_package_xml.cmake:95 (message):
[14.025s]   execute_process(/home/mkhanum/miniconda3/bin/python3
[14.025s]   /opt/ros/humble/share/ament_cmake_core/cmake/core/package_xml_2_cmake.py
[14.025s]   /home/mkhanum/datapipe/ros2_ws/package.xml
[14.025s]   /home/mkhanum/datapipe/build/ros2_ws/ament_cmake_core/package.cmake)
[14.025s]   returned error code 1
[14.025s] Call Stack (most recent call first):
[14.025s]   /opt/ros/humble/share/ament_cmake_core/cmake/core/ament_package_xml.cmake:49 (_ament_package_xml)
[14.025s]   /opt/ros/humble/share/ament_cmake_core/cmake/core/ament_package.cmake:63 (ament_package_xml)
[14.026s]   CMakeLists.txt:21 (ament_package)
[14.026s] 
[14.026s] [0m
[14.026s] -- Configuring incomplete, errors occurred!
[14.026s] See also "/home/mkhanum/datapipe/build/ros2_ws/CMakeFiles/CMakeOutput.log".
[14.038s] Invoked command in '/home/mkhanum/datapipe/build/ros2_ws' returned '1': CMAKE_PREFIX_PATH=/opt/ros/humble CONDA_PROMPT_MODIFIER=(base) /usr/bin/cmake /home/mkhanum/datapipe/ros2_ws -DCMAKE_INSTALL_PREFIX=/home/mkhanum/datapipe/install/ros2_ws
