[0.339s] DEBUG:colcon:Command line arguments: ['/usr/bin/colcon', 'build', '--packages-select', 'smartbelt_segmentation', '--cmake-clean-first']
[0.339s] DEBUG:colcon:Parsed command line arguments: Namespace(log_base=None, log_level=None, verb_name='build', build_base='build', install_base='install', merge_install=False, symlink_install=False, test_result_base=None, continue_on_error=False, executor='parallel', parallel_workers=16, event_handlers=None, ignore_user_meta=False, metas=['./colcon.meta'], base_paths=['.'], packages_ignore=None, packages_ignore_regex=None, paths=None, packages_up_to=None, packages_up_to_regex=None, packages_above=None, packages_above_and_dependencies=None, packages_above_depth=None, packages_select_by_dep=None, packages_skip_by_dep=None, packages_skip_up_to=None, packages_select_build_failed=False, packages_skip_build_finished=False, packages_select_test_failures=False, packages_skip_test_passed=False, packages_select=['smartbelt_segmentation'], packages_skip=None, packages_select_regex=None, packages_skip_regex=None, packages_start=None, packages_end=None, allow_overriding=[], cmake_args=None, cmake_target=None, cmake_target_skip_unavailable=False, cmake_clean_cache=False, cmake_clean_first=True, cmake_force_configure=False, ament_cmake_args=None, catkin_cmake_args=None, catkin_skip_building_tests=False, mixin_files=None, mixin=None, verb_parser=<colcon_mixin.mixin.mixin_argument.MixinArgumentDecorator object at 0x7f2bf8e94e20>, verb_extension=<colcon_core.verb.build.BuildVerb object at 0x7f2bf8fa5de0>, main=<bound method BuildVerb.main of <colcon_core.verb.build.BuildVerb object at 0x7f2bf8fa5de0>>, mixin_verb=('build',))
[0.567s] Level 1:colcon.colcon_core.package_discovery:discover_packages(colcon_meta) check parameters
[0.567s] Level 1:colcon.colcon_core.package_discovery:discover_packages(recursive) check parameters
[0.567s] Level 1:colcon.colcon_core.package_discovery:discover_packages(ignore) check parameters
[0.568s] Level 1:colcon.colcon_core.package_discovery:discover_packages(path) check parameters
[0.568s] Level 1:colcon.colcon_core.package_discovery:discover_packages(colcon_meta) discover
[0.568s] Level 1:colcon.colcon_core.package_discovery:discover_packages(recursive) discover
[0.568s] INFO:colcon.colcon_core.package_discovery:Crawling recursively for packages in '/home/mkhanum/datapipe'
[0.568s] Level 1:colcon.colcon_core.package_identification:_identify(.) by extensions ['ignore', 'ignore_ament_install']
[0.568s] Level 1:colcon.colcon_core.package_identification:_identify(.) by extension 'ignore'
[0.568s] Level 1:colcon.colcon_core.package_identification:_identify(.) by extension 'ignore_ament_install'
[0.568s] Level 1:colcon.colcon_core.package_identification:_identify(.) by extensions ['colcon_pkg']
[0.568s] Level 1:colcon.colcon_core.package_identification:_identify(.) by extension 'colcon_pkg'
[0.568s] Level 1:colcon.colcon_core.package_identification:_identify(.) by extensions ['colcon_meta']
[0.568s] Level 1:colcon.colcon_core.package_identification:_identify(.) by extension 'colcon_meta'
[0.568s] Level 1:colcon.colcon_core.package_identification:_identify(.) by extensions ['ros']
[0.568s] Level 1:colcon.colcon_core.package_identification:_identify(.) by extension 'ros'
[0.584s] Level 1:colcon.colcon_core.package_identification:_identify(.) by extensions ['cmake', 'python']
[0.584s] Level 1:colcon.colcon_core.package_identification:_identify(.) by extension 'cmake'
[0.584s] Level 1:colcon.colcon_core.package_identification:_identify(.) by extension 'python'
[0.584s] Level 1:colcon.colcon_core.package_identification:_identify(.) by extensions ['python_setup_py']
[0.584s] Level 1:colcon.colcon_core.package_identification:_identify(.) by extension 'python_setup_py'
[0.584s] Level 1:colcon.colcon_core.package_identification:_identify(Bags) by extensions ['ignore', 'ignore_ament_install']
[0.585s] Level 1:colcon.colcon_core.package_identification:_identify(Bags) by extension 'ignore'
[0.585s] Level 1:colcon.colcon_core.package_identification:_identify(Bags) by extension 'ignore_ament_install'
[0.585s] Level 1:colcon.colcon_core.package_identification:_identify(Bags) by extensions ['colcon_pkg']
[0.585s] Level 1:colcon.colcon_core.package_identification:_identify(Bags) by extension 'colcon_pkg'
[0.585s] Level 1:colcon.colcon_core.package_identification:_identify(Bags) by extensions ['colcon_meta']
[0.585s] Level 1:colcon.colcon_core.package_identification:_identify(Bags) by extension 'colcon_meta'
[0.585s] Level 1:colcon.colcon_core.package_identification:_identify(Bags) by extensions ['ros']
[0.585s] Level 1:colcon.colcon_core.package_identification:_identify(Bags) by extension 'ros'
[0.585s] Level 1:colcon.colcon_core.package_identification:_identify(Bags) by extensions ['cmake', 'python']
[0.585s] Level 1:colcon.colcon_core.package_identification:_identify(Bags) by extension 'cmake'
[0.585s] Level 1:colcon.colcon_core.package_identification:_identify(Bags) by extension 'python'
[0.585s] Level 1:colcon.colcon_core.package_identification:_identify(Bags) by extensions ['python_setup_py']
[0.585s] Level 1:colcon.colcon_core.package_identification:_identify(Bags) by extension 'python_setup_py'
[0.586s] Level 1:colcon.colcon_core.package_identification:_identify(Bags/processed_stair1) by extensions ['ignore', 'ignore_ament_install']
[0.586s] Level 1:colcon.colcon_core.package_identification:_identify(Bags/processed_stair1) by extension 'ignore'
[0.586s] Level 1:colcon.colcon_core.package_identification:_identify(Bags/processed_stair1) by extension 'ignore_ament_install'
[0.586s] Level 1:colcon.colcon_core.package_identification:_identify(Bags/processed_stair1) by extensions ['colcon_pkg']
[0.586s] Level 1:colcon.colcon_core.package_identification:_identify(Bags/processed_stair1) by extension 'colcon_pkg'
[0.586s] Level 1:colcon.colcon_core.package_identification:_identify(Bags/processed_stair1) by extensions ['colcon_meta']
[0.586s] Level 1:colcon.colcon_core.package_identification:_identify(Bags/processed_stair1) by extension 'colcon_meta'
[0.586s] Level 1:colcon.colcon_core.package_identification:_identify(Bags/processed_stair1) by extensions ['ros']
[0.586s] Level 1:colcon.colcon_core.package_identification:_identify(Bags/processed_stair1) by extension 'ros'
[0.586s] Level 1:colcon.colcon_core.package_identification:_identify(Bags/processed_stair1) by extensions ['cmake', 'python']
[0.586s] Level 1:colcon.colcon_core.package_identification:_identify(Bags/processed_stair1) by extension 'cmake'
[0.586s] Level 1:colcon.colcon_core.package_identification:_identify(Bags/processed_stair1) by extension 'python'
[0.586s] Level 1:colcon.colcon_core.package_identification:_identify(Bags/processed_stair1) by extensions ['python_setup_py']
[0.586s] Level 1:colcon.colcon_core.package_identification:_identify(Bags/processed_stair1) by extension 'python_setup_py'
[0.587s] Level 1:colcon.colcon_core.package_identification:_identify(Bags/stair1) by extensions ['ignore', 'ignore_ament_install']
[0.587s] Level 1:colcon.colcon_core.package_identification:_identify(Bags/stair1) by extension 'ignore'
[0.587s] Level 1:colcon.colcon_core.package_identification:_identify(Bags/stair1) by extension 'ignore_ament_install'
[0.587s] Level 1:colcon.colcon_core.package_identification:_identify(Bags/stair1) by extensions ['colcon_pkg']
[0.587s] Level 1:colcon.colcon_core.package_identification:_identify(Bags/stair1) by extension 'colcon_pkg'
[0.587s] Level 1:colcon.colcon_core.package_identification:_identify(Bags/stair1) by extensions ['colcon_meta']
[0.587s] Level 1:colcon.colcon_core.package_identification:_identify(Bags/stair1) by extension 'colcon_meta'
[0.587s] Level 1:colcon.colcon_core.package_identification:_identify(Bags/stair1) by extensions ['ros']
[0.587s] Level 1:colcon.colcon_core.package_identification:_identify(Bags/stair1) by extension 'ros'
[0.587s] Level 1:colcon.colcon_core.package_identification:_identify(Bags/stair1) by extensions ['cmake', 'python']
[0.587s] Level 1:colcon.colcon_core.package_identification:_identify(Bags/stair1) by extension 'cmake'
[0.587s] Level 1:colcon.colcon_core.package_identification:_identify(Bags/stair1) by extension 'python'
[0.587s] Level 1:colcon.colcon_core.package_identification:_identify(Bags/stair1) by extensions ['python_setup_py']
[0.587s] Level 1:colcon.colcon_core.package_identification:_identify(Bags/stair1) by extension 'python_setup_py'
[0.588s] Level 1:colcon.colcon_core.package_identification:_identify(Bags/stair1_downsampled) by extensions ['ignore', 'ignore_ament_install']
[0.588s] Level 1:colcon.colcon_core.package_identification:_identify(Bags/stair1_downsampled) by extension 'ignore'
[0.588s] Level 1:colcon.colcon_core.package_identification:_identify(Bags/stair1_downsampled) by extension 'ignore_ament_install'
[0.588s] Level 1:colcon.colcon_core.package_identification:_identify(Bags/stair1_downsampled) by extensions ['colcon_pkg']
[0.588s] Level 1:colcon.colcon_core.package_identification:_identify(Bags/stair1_downsampled) by extension 'colcon_pkg'
[0.588s] Level 1:colcon.colcon_core.package_identification:_identify(Bags/stair1_downsampled) by extensions ['colcon_meta']
[0.588s] Level 1:colcon.colcon_core.package_identification:_identify(Bags/stair1_downsampled) by extension 'colcon_meta'
[0.588s] Level 1:colcon.colcon_core.package_identification:_identify(Bags/stair1_downsampled) by extensions ['ros']
[0.588s] Level 1:colcon.colcon_core.package_identification:_identify(Bags/stair1_downsampled) by extension 'ros'
[0.588s] Level 1:colcon.colcon_core.package_identification:_identify(Bags/stair1_downsampled) by extensions ['cmake', 'python']
[0.589s] Level 1:colcon.colcon_core.package_identification:_identify(Bags/stair1_downsampled) by extension 'cmake'
[0.589s] Level 1:colcon.colcon_core.package_identification:_identify(Bags/stair1_downsampled) by extension 'python'
[0.589s] Level 1:colcon.colcon_core.package_identification:_identify(Bags/stair1_downsampled) by extensions ['python_setup_py']
[0.589s] Level 1:colcon.colcon_core.package_identification:_identify(Bags/stair1_downsampled) by extension 'python_setup_py'
[0.589s] Level 1:colcon.colcon_core.package_identification:_identify(Bags/stair1_full) by extensions ['ignore', 'ignore_ament_install']
[0.589s] Level 1:colcon.colcon_core.package_identification:_identify(Bags/stair1_full) by extension 'ignore'
[0.589s] Level 1:colcon.colcon_core.package_identification:_identify(Bags/stair1_full) by extension 'ignore_ament_install'
[0.590s] Level 1:colcon.colcon_core.package_identification:_identify(Bags/stair1_full) by extensions ['colcon_pkg']
[0.590s] Level 1:colcon.colcon_core.package_identification:_identify(Bags/stair1_full) by extension 'colcon_pkg'
[0.590s] Level 1:colcon.colcon_core.package_identification:_identify(Bags/stair1_full) by extensions ['colcon_meta']
[0.590s] Level 1:colcon.colcon_core.package_identification:_identify(Bags/stair1_full) by extension 'colcon_meta'
[0.590s] Level 1:colcon.colcon_core.package_identification:_identify(Bags/stair1_full) by extensions ['ros']
[0.590s] Level 1:colcon.colcon_core.package_identification:_identify(Bags/stair1_full) by extension 'ros'
[0.590s] Level 1:colcon.colcon_core.package_identification:_identify(Bags/stair1_full) by extensions ['cmake', 'python']
[0.590s] Level 1:colcon.colcon_core.package_identification:_identify(Bags/stair1_full) by extension 'cmake'
[0.590s] Level 1:colcon.colcon_core.package_identification:_identify(Bags/stair1_full) by extension 'python'
[0.590s] Level 1:colcon.colcon_core.package_identification:_identify(Bags/stair1_full) by extensions ['python_setup_py']
[0.591s] Level 1:colcon.colcon_core.package_identification:_identify(Bags/stair1_full) by extension 'python_setup_py'
[0.591s] Level 1:colcon.colcon_core.package_identification:_identify(Bags/stair1_seg_pc) by extensions ['ignore', 'ignore_ament_install']
[0.591s] Level 1:colcon.colcon_core.package_identification:_identify(Bags/stair1_seg_pc) by extension 'ignore'
[0.591s] Level 1:colcon.colcon_core.package_identification:_identify(Bags/stair1_seg_pc) by extension 'ignore_ament_install'
[0.591s] Level 1:colcon.colcon_core.package_identification:_identify(Bags/stair1_seg_pc) by extensions ['colcon_pkg']
[0.591s] Level 1:colcon.colcon_core.package_identification:_identify(Bags/stair1_seg_pc) by extension 'colcon_pkg'
[0.591s] Level 1:colcon.colcon_core.package_identification:_identify(Bags/stair1_seg_pc) by extensions ['colcon_meta']
[0.591s] Level 1:colcon.colcon_core.package_identification:_identify(Bags/stair1_seg_pc) by extension 'colcon_meta'
[0.592s] Level 1:colcon.colcon_core.package_identification:_identify(Bags/stair1_seg_pc) by extensions ['ros']
[0.592s] Level 1:colcon.colcon_core.package_identification:_identify(Bags/stair1_seg_pc) by extension 'ros'
[0.592s] Level 1:colcon.colcon_core.package_identification:_identify(Bags/stair1_seg_pc) by extensions ['cmake', 'python']
[0.592s] Level 1:colcon.colcon_core.package_identification:_identify(Bags/stair1_seg_pc) by extension 'cmake'
[0.592s] Level 1:colcon.colcon_core.package_identification:_identify(Bags/stair1_seg_pc) by extension 'python'
[0.592s] Level 1:colcon.colcon_core.package_identification:_identify(Bags/stair1_seg_pc) by extensions ['python_setup_py']
[0.592s] Level 1:colcon.colcon_core.package_identification:_identify(Bags/stair1_seg_pc) by extension 'python_setup_py'
[0.592s] Level 1:colcon.colcon_core.package_identification:_identify(Frames) by extensions ['ignore', 'ignore_ament_install']
[0.592s] Level 1:colcon.colcon_core.package_identification:_identify(Frames) by extension 'ignore'
[0.592s] Level 1:colcon.colcon_core.package_identification:_identify(Frames) by extension 'ignore_ament_install'
[0.592s] Level 1:colcon.colcon_core.package_identification:_identify(Frames) by extensions ['colcon_pkg']
[0.592s] Level 1:colcon.colcon_core.package_identification:_identify(Frames) by extension 'colcon_pkg'
[0.592s] Level 1:colcon.colcon_core.package_identification:_identify(Frames) by extensions ['colcon_meta']
[0.592s] Level 1:colcon.colcon_core.package_identification:_identify(Frames) by extension 'colcon_meta'
[0.592s] Level 1:colcon.colcon_core.package_identification:_identify(Frames) by extensions ['ros']
[0.592s] Level 1:colcon.colcon_core.package_identification:_identify(Frames) by extension 'ros'
[0.592s] Level 1:colcon.colcon_core.package_identification:_identify(Frames) by extensions ['cmake', 'python']
[0.593s] Level 1:colcon.colcon_core.package_identification:_identify(Frames) by extension 'cmake'
[0.593s] Level 1:colcon.colcon_core.package_identification:_identify(Frames) by extension 'python'
[0.593s] Level 1:colcon.colcon_core.package_identification:_identify(Frames) by extensions ['python_setup_py']
[0.593s] Level 1:colcon.colcon_core.package_identification:_identify(Frames) by extension 'python_setup_py'
[0.593s] Level 1:colcon.colcon_core.package_identification:_identify(Jobs) by extensions ['ignore', 'ignore_ament_install']
[0.593s] Level 1:colcon.colcon_core.package_identification:_identify(Jobs) by extension 'ignore'
[0.593s] Level 1:colcon.colcon_core.package_identification:_identify(Jobs) by extension 'ignore_ament_install'
[0.593s] Level 1:colcon.colcon_core.package_identification:_identify(Jobs) by extensions ['colcon_pkg']
[0.593s] Level 1:colcon.colcon_core.package_identification:_identify(Jobs) by extension 'colcon_pkg'
[0.593s] Level 1:colcon.colcon_core.package_identification:_identify(Jobs) by extensions ['colcon_meta']
[0.593s] Level 1:colcon.colcon_core.package_identification:_identify(Jobs) by extension 'colcon_meta'
[0.593s] Level 1:colcon.colcon_core.package_identification:_identify(Jobs) by extensions ['ros']
[0.594s] Level 1:colcon.colcon_core.package_identification:_identify(Jobs) by extension 'ros'
[0.594s] Level 1:colcon.colcon_core.package_identification:_identify(Jobs) by extensions ['cmake', 'python']
[0.594s] Level 1:colcon.colcon_core.package_identification:_identify(Jobs) by extension 'cmake'
[0.594s] Level 1:colcon.colcon_core.package_identification:_identify(Jobs) by extension 'python'
[0.594s] Level 1:colcon.colcon_core.package_identification:_identify(Jobs) by extensions ['python_setup_py']
[0.594s] Level 1:colcon.colcon_core.package_identification:_identify(Jobs) by extension 'python_setup_py'
[0.594s] Level 1:colcon.colcon_core.package_identification:_identify(Output) by extensions ['ignore', 'ignore_ament_install']
[0.594s] Level 1:colcon.colcon_core.package_identification:_identify(Output) by extension 'ignore'
[0.594s] Level 1:colcon.colcon_core.package_identification:_identify(Output) by extension 'ignore_ament_install'
[0.594s] Level 1:colcon.colcon_core.package_identification:_identify(Output) by extensions ['colcon_pkg']
[0.594s] Level 1:colcon.colcon_core.package_identification:_identify(Output) by extension 'colcon_pkg'
[0.594s] Level 1:colcon.colcon_core.package_identification:_identify(Output) by extensions ['colcon_meta']
[0.595s] Level 1:colcon.colcon_core.package_identification:_identify(Output) by extension 'colcon_meta'
[0.595s] Level 1:colcon.colcon_core.package_identification:_identify(Output) by extensions ['ros']
[0.595s] Level 1:colcon.colcon_core.package_identification:_identify(Output) by extension 'ros'
[0.595s] Level 1:colcon.colcon_core.package_identification:_identify(Output) by extensions ['cmake', 'python']
[0.595s] Level 1:colcon.colcon_core.package_identification:_identify(Output) by extension 'cmake'
[0.595s] Level 1:colcon.colcon_core.package_identification:_identify(Output) by extension 'python'
[0.595s] Level 1:colcon.colcon_core.package_identification:_identify(Output) by extensions ['python_setup_py']
[0.595s] Level 1:colcon.colcon_core.package_identification:_identify(Output) by extension 'python_setup_py'
[0.595s] Level 1:colcon.colcon_core.package_identification:_identify(Output/Frame) by extensions ['ignore', 'ignore_ament_install']
[0.595s] Level 1:colcon.colcon_core.package_identification:_identify(Output/Frame) by extension 'ignore'
[0.595s] Level 1:colcon.colcon_core.package_identification:_identify(Output/Frame) by extension 'ignore_ament_install'
[0.595s] Level 1:colcon.colcon_core.package_identification:_identify(Output/Frame) by extensions ['colcon_pkg']
[0.595s] Level 1:colcon.colcon_core.package_identification:_identify(Output/Frame) by extension 'colcon_pkg'
[0.595s] Level 1:colcon.colcon_core.package_identification:_identify(Output/Frame) by extensions ['colcon_meta']
[0.595s] Level 1:colcon.colcon_core.package_identification:_identify(Output/Frame) by extension 'colcon_meta'
[0.595s] Level 1:colcon.colcon_core.package_identification:_identify(Output/Frame) by extensions ['ros']
[0.595s] Level 1:colcon.colcon_core.package_identification:_identify(Output/Frame) by extension 'ros'
[0.596s] Level 1:colcon.colcon_core.package_identification:_identify(Output/Frame) by extensions ['cmake', 'python']
[0.596s] Level 1:colcon.colcon_core.package_identification:_identify(Output/Frame) by extension 'cmake'
[0.596s] Level 1:colcon.colcon_core.package_identification:_identify(Output/Frame) by extension 'python'
[0.596s] Level 1:colcon.colcon_core.package_identification:_identify(Output/Frame) by extensions ['python_setup_py']
[0.596s] Level 1:colcon.colcon_core.package_identification:_identify(Output/Frame) by extension 'python_setup_py'
[0.596s] Level 1:colcon.colcon_core.package_identification:_identify(Output/vid4) by extensions ['ignore', 'ignore_ament_install']
[0.596s] Level 1:colcon.colcon_core.package_identification:_identify(Output/vid4) by extension 'ignore'
[0.596s] Level 1:colcon.colcon_core.package_identification:_identify(Output/vid4) by extension 'ignore_ament_install'
[0.596s] Level 1:colcon.colcon_core.package_identification:_identify(Output/vid4) by extensions ['colcon_pkg']
[0.596s] Level 1:colcon.colcon_core.package_identification:_identify(Output/vid4) by extension 'colcon_pkg'
[0.596s] Level 1:colcon.colcon_core.package_identification:_identify(Output/vid4) by extensions ['colcon_meta']
[0.596s] Level 1:colcon.colcon_core.package_identification:_identify(Output/vid4) by extension 'colcon_meta'
[0.596s] Level 1:colcon.colcon_core.package_identification:_identify(Output/vid4) by extensions ['ros']
[0.597s] Level 1:colcon.colcon_core.package_identification:_identify(Output/vid4) by extension 'ros'
[0.597s] Level 1:colcon.colcon_core.package_identification:_identify(Output/vid4) by extensions ['cmake', 'python']
[0.597s] Level 1:colcon.colcon_core.package_identification:_identify(Output/vid4) by extension 'cmake'
[0.597s] Level 1:colcon.colcon_core.package_identification:_identify(Output/vid4) by extension 'python'
[0.597s] Level 1:colcon.colcon_core.package_identification:_identify(Output/vid4) by extensions ['python_setup_py']
[0.597s] Level 1:colcon.colcon_core.package_identification:_identify(Output/vid4) by extension 'python_setup_py'
[0.598s] Level 1:colcon.colcon_core.package_identification:_identify(Output/vid4 - Copy) by extensions ['ignore', 'ignore_ament_install']
[0.598s] Level 1:colcon.colcon_core.package_identification:_identify(Output/vid4 - Copy) by extension 'ignore'
[0.598s] Level 1:colcon.colcon_core.package_identification:_identify(Output/vid4 - Copy) by extension 'ignore_ament_install'
[0.598s] Level 1:colcon.colcon_core.package_identification:_identify(Output/vid4 - Copy) by extensions ['colcon_pkg']
[0.598s] Level 1:colcon.colcon_core.package_identification:_identify(Output/vid4 - Copy) by extension 'colcon_pkg'
[0.598s] Level 1:colcon.colcon_core.package_identification:_identify(Output/vid4 - Copy) by extensions ['colcon_meta']
[0.598s] Level 1:colcon.colcon_core.package_identification:_identify(Output/vid4 - Copy) by extension 'colcon_meta'
[0.598s] Level 1:colcon.colcon_core.package_identification:_identify(Output/vid4 - Copy) by extensions ['ros']
[0.598s] Level 1:colcon.colcon_core.package_identification:_identify(Output/vid4 - Copy) by extension 'ros'
[0.598s] Level 1:colcon.colcon_core.package_identification:_identify(Output/vid4 - Copy) by extensions ['cmake', 'python']
[0.598s] Level 1:colcon.colcon_core.package_identification:_identify(Output/vid4 - Copy) by extension 'cmake'
[0.598s] Level 1:colcon.colcon_core.package_identification:_identify(Output/vid4 - Copy) by extension 'python'
[0.598s] Level 1:colcon.colcon_core.package_identification:_identify(Output/vid4 - Copy) by extensions ['python_setup_py']
[0.598s] Level 1:colcon.colcon_core.package_identification:_identify(Output/vid4 - Copy) by extension 'python_setup_py'
[0.599s] Level 1:colcon.colcon_core.package_identification:_identify(Output/vid4_pc) by extensions ['ignore', 'ignore_ament_install']
[0.599s] Level 1:colcon.colcon_core.package_identification:_identify(Output/vid4_pc) by extension 'ignore'
[0.599s] Level 1:colcon.colcon_core.package_identification:_identify(Output/vid4_pc) by extension 'ignore_ament_install'
[0.599s] Level 1:colcon.colcon_core.package_identification:_identify(Output/vid4_pc) by extensions ['colcon_pkg']
[0.599s] Level 1:colcon.colcon_core.package_identification:_identify(Output/vid4_pc) by extension 'colcon_pkg'
[0.599s] Level 1:colcon.colcon_core.package_identification:_identify(Output/vid4_pc) by extensions ['colcon_meta']
[0.599s] Level 1:colcon.colcon_core.package_identification:_identify(Output/vid4_pc) by extension 'colcon_meta'
[0.599s] Level 1:colcon.colcon_core.package_identification:_identify(Output/vid4_pc) by extensions ['ros']
[0.599s] Level 1:colcon.colcon_core.package_identification:_identify(Output/vid4_pc) by extension 'ros'
[0.599s] Level 1:colcon.colcon_core.package_identification:_identify(Output/vid4_pc) by extensions ['cmake', 'python']
[0.599s] Level 1:colcon.colcon_core.package_identification:_identify(Output/vid4_pc) by extension 'cmake'
[0.599s] Level 1:colcon.colcon_core.package_identification:_identify(Output/vid4_pc) by extension 'python'
[0.599s] Level 1:colcon.colcon_core.package_identification:_identify(Output/vid4_pc) by extensions ['python_setup_py']
[0.599s] Level 1:colcon.colcon_core.package_identification:_identify(Output/vid4_pc) by extension 'python_setup_py'
[0.599s] Level 1:colcon.colcon_core.package_identification:_identify(Output/videos) by extensions ['ignore', 'ignore_ament_install']
[0.600s] Level 1:colcon.colcon_core.package_identification:_identify(Output/videos) by extension 'ignore'
[0.600s] Level 1:colcon.colcon_core.package_identification:_identify(Output/videos) by extension 'ignore_ament_install'
[0.600s] Level 1:colcon.colcon_core.package_identification:_identify(Output/videos) by extensions ['colcon_pkg']
[0.600s] Level 1:colcon.colcon_core.package_identification:_identify(Output/videos) by extension 'colcon_pkg'
[0.600s] Level 1:colcon.colcon_core.package_identification:_identify(Output/videos) by extensions ['colcon_meta']
[0.600s] Level 1:colcon.colcon_core.package_identification:_identify(Output/videos) by extension 'colcon_meta'
[0.600s] Level 1:colcon.colcon_core.package_identification:_identify(Output/videos) by extensions ['ros']
[0.600s] Level 1:colcon.colcon_core.package_identification:_identify(Output/videos) by extension 'ros'
[0.600s] Level 1:colcon.colcon_core.package_identification:_identify(Output/videos) by extensions ['cmake', 'python']
[0.600s] Level 1:colcon.colcon_core.package_identification:_identify(Output/videos) by extension 'cmake'
[0.600s] Level 1:colcon.colcon_core.package_identification:_identify(Output/videos) by extension 'python'
[0.600s] Level 1:colcon.colcon_core.package_identification:_identify(Output/videos) by extensions ['python_setup_py']
[0.600s] Level 1:colcon.colcon_core.package_identification:_identify(Output/videos) by extension 'python_setup_py'
[0.600s] Level 1:colcon.colcon_core.package_identification:_identify(Scripts) by extensions ['ignore', 'ignore_ament_install']
[0.600s] Level 1:colcon.colcon_core.package_identification:_identify(Scripts) by extension 'ignore'
[0.600s] Level 1:colcon.colcon_core.package_identification:_identify(Scripts) by extension 'ignore_ament_install'
[0.600s] Level 1:colcon.colcon_core.package_identification:_identify(Scripts) by extensions ['colcon_pkg']
[0.600s] Level 1:colcon.colcon_core.package_identification:_identify(Scripts) by extension 'colcon_pkg'
[0.600s] Level 1:colcon.colcon_core.package_identification:_identify(Scripts) by extensions ['colcon_meta']
[0.600s] Level 1:colcon.colcon_core.package_identification:_identify(Scripts) by extension 'colcon_meta'
[0.600s] Level 1:colcon.colcon_core.package_identification:_identify(Scripts) by extensions ['ros']
[0.601s] Level 1:colcon.colcon_core.package_identification:_identify(Scripts) by extension 'ros'
[0.601s] Level 1:colcon.colcon_core.package_identification:_identify(Scripts) by extensions ['cmake', 'python']
[0.601s] Level 1:colcon.colcon_core.package_identification:_identify(Scripts) by extension 'cmake'
[0.601s] Level 1:colcon.colcon_core.package_identification:_identify(Scripts) by extension 'python'
[0.601s] Level 1:colcon.colcon_core.package_identification:_identify(Scripts) by extensions ['python_setup_py']
[0.601s] Level 1:colcon.colcon_core.package_identification:_identify(Scripts) by extension 'python_setup_py'
[0.601s] Level 1:colcon.colcon_core.package_identification:_identify(Training_sets) by extensions ['ignore', 'ignore_ament_install']
[0.601s] Level 1:colcon.colcon_core.package_identification:_identify(Training_sets) by extension 'ignore'
[0.601s] Level 1:colcon.colcon_core.package_identification:_identify(Training_sets) by extension 'ignore_ament_install'
[0.601s] Level 1:colcon.colcon_core.package_identification:_identify(Training_sets) by extensions ['colcon_pkg']
[0.601s] Level 1:colcon.colcon_core.package_identification:_identify(Training_sets) by extension 'colcon_pkg'
[0.601s] Level 1:colcon.colcon_core.package_identification:_identify(Training_sets) by extensions ['colcon_meta']
[0.601s] Level 1:colcon.colcon_core.package_identification:_identify(Training_sets) by extension 'colcon_meta'
[0.601s] Level 1:colcon.colcon_core.package_identification:_identify(Training_sets) by extensions ['ros']
[0.601s] Level 1:colcon.colcon_core.package_identification:_identify(Training_sets) by extension 'ros'
[0.601s] Level 1:colcon.colcon_core.package_identification:_identify(Training_sets) by extensions ['cmake', 'python']
[0.601s] Level 1:colcon.colcon_core.package_identification:_identify(Training_sets) by extension 'cmake'
[0.601s] Level 1:colcon.colcon_core.package_identification:_identify(Training_sets) by extension 'python'
[0.601s] Level 1:colcon.colcon_core.package_identification:_identify(Training_sets) by extensions ['python_setup_py']
[0.601s] Level 1:colcon.colcon_core.package_identification:_identify(Training_sets) by extension 'python_setup_py'
[0.602s] Level 1:colcon.colcon_core.package_identification:_identify(build) by extensions ['ignore', 'ignore_ament_install']
[0.602s] Level 1:colcon.colcon_core.package_identification:_identify(build) by extension 'ignore'
[0.602s] Level 1:colcon.colcon_core.package_identification:_identify(build) ignored
[0.602s] Level 1:colcon.colcon_core.package_identification:_identify(install) by extensions ['ignore', 'ignore_ament_install']
[0.602s] Level 1:colcon.colcon_core.package_identification:_identify(install) by extension 'ignore'
[0.602s] Level 1:colcon.colcon_core.package_identification:_identify(install) ignored
[0.602s] Level 1:colcon.colcon_core.package_identification:_identify(log) by extensions ['ignore', 'ignore_ament_install']
[0.602s] Level 1:colcon.colcon_core.package_identification:_identify(log) by extension 'ignore'
[0.602s] Level 1:colcon.colcon_core.package_identification:_identify(log) ignored
[0.602s] Level 1:colcon.colcon_core.package_identification:_identify(ros2_ws) by extensions ['ignore', 'ignore_ament_install']
[0.602s] Level 1:colcon.colcon_core.package_identification:_identify(ros2_ws) by extension 'ignore'
[0.603s] Level 1:colcon.colcon_core.package_identification:_identify(ros2_ws) by extension 'ignore_ament_install'
[0.603s] Level 1:colcon.colcon_core.package_identification:_identify(ros2_ws) by extensions ['colcon_pkg']
[0.603s] Level 1:colcon.colcon_core.package_identification:_identify(ros2_ws) by extension 'colcon_pkg'
[0.603s] Level 1:colcon.colcon_core.package_identification:_identify(ros2_ws) by extensions ['colcon_meta']
[0.603s] Level 1:colcon.colcon_core.package_identification:_identify(ros2_ws) by extension 'colcon_meta'
[0.603s] Level 1:colcon.colcon_core.package_identification:_identify(ros2_ws) by extensions ['ros']
[0.603s] Level 1:colcon.colcon_core.package_identification:_identify(ros2_ws) by extension 'ros'
[0.603s] Level 1:colcon.colcon_core.package_identification:_identify(ros2_ws) by extensions ['cmake', 'python']
[0.603s] Level 1:colcon.colcon_core.package_identification:_identify(ros2_ws) by extension 'cmake'
[0.603s] Level 1:colcon.colcon_core.package_identification:_identify(ros2_ws) by extension 'python'
[0.603s] Level 1:colcon.colcon_core.package_identification:_identify(ros2_ws) by extensions ['python_setup_py']
[0.603s] Level 1:colcon.colcon_core.package_identification:_identify(ros2_ws) by extension 'python_setup_py'
[0.603s] Level 1:colcon.colcon_core.package_identification:_identify(ros2_ws/build) by extensions ['ignore', 'ignore_ament_install']
[0.603s] Level 1:colcon.colcon_core.package_identification:_identify(ros2_ws/build) by extension 'ignore'
[0.603s] Level 1:colcon.colcon_core.package_identification:_identify(ros2_ws/build) ignored
[0.604s] Level 1:colcon.colcon_core.package_identification:_identify(ros2_ws/install) by extensions ['ignore', 'ignore_ament_install']
[0.604s] Level 1:colcon.colcon_core.package_identification:_identify(ros2_ws/install) by extension 'ignore'
[0.604s] Level 1:colcon.colcon_core.package_identification:_identify(ros2_ws/install) ignored
[0.604s] Level 1:colcon.colcon_core.package_identification:_identify(ros2_ws/log) by extensions ['ignore', 'ignore_ament_install']
[0.604s] Level 1:colcon.colcon_core.package_identification:_identify(ros2_ws/log) by extension 'ignore'
[0.604s] Level 1:colcon.colcon_core.package_identification:_identify(ros2_ws/log) ignored
[0.604s] Level 1:colcon.colcon_core.package_identification:_identify(ros2_ws/src) by extensions ['ignore', 'ignore_ament_install']
[0.604s] Level 1:colcon.colcon_core.package_identification:_identify(ros2_ws/src) by extension 'ignore'
[0.604s] Level 1:colcon.colcon_core.package_identification:_identify(ros2_ws/src) by extension 'ignore_ament_install'
[0.604s] Level 1:colcon.colcon_core.package_identification:_identify(ros2_ws/src) by extensions ['colcon_pkg']
[0.604s] Level 1:colcon.colcon_core.package_identification:_identify(ros2_ws/src) by extension 'colcon_pkg'
[0.604s] Level 1:colcon.colcon_core.package_identification:_identify(ros2_ws/src) by extensions ['colcon_meta']
[0.604s] Level 1:colcon.colcon_core.package_identification:_identify(ros2_ws/src) by extension 'colcon_meta'
[0.604s] Level 1:colcon.colcon_core.package_identification:_identify(ros2_ws/src) by extensions ['ros']
[0.604s] Level 1:colcon.colcon_core.package_identification:_identify(ros2_ws/src) by extension 'ros'
[0.604s] Level 1:colcon.colcon_core.package_identification:_identify(ros2_ws/src) by extensions ['cmake', 'python']
[0.605s] Level 1:colcon.colcon_core.package_identification:_identify(ros2_ws/src) by extension 'cmake'
[0.605s] Level 1:colcon.colcon_core.package_identification:_identify(ros2_ws/src) by extension 'python'
[0.605s] Level 1:colcon.colcon_core.package_identification:_identify(ros2_ws/src) by extensions ['python_setup_py']
[0.605s] Level 1:colcon.colcon_core.package_identification:_identify(ros2_ws/src) by extension 'python_setup_py'
[0.605s] Level 1:colcon.colcon_core.package_identification:_identify(ros2_ws/src/smartbelt_segmentation) by extensions ['ignore', 'ignore_ament_install']
[0.605s] Level 1:colcon.colcon_core.package_identification:_identify(ros2_ws/src/smartbelt_segmentation) by extension 'ignore'
[0.605s] Level 1:colcon.colcon_core.package_identification:_identify(ros2_ws/src/smartbelt_segmentation) by extension 'ignore_ament_install'
[0.605s] Level 1:colcon.colcon_core.package_identification:_identify(ros2_ws/src/smartbelt_segmentation) by extensions ['colcon_pkg']
[0.605s] Level 1:colcon.colcon_core.package_identification:_identify(ros2_ws/src/smartbelt_segmentation) by extension 'colcon_pkg'
[0.605s] Level 1:colcon.colcon_core.package_identification:_identify(ros2_ws/src/smartbelt_segmentation) by extensions ['colcon_meta']
[0.605s] Level 1:colcon.colcon_core.package_identification:_identify(ros2_ws/src/smartbelt_segmentation) by extension 'colcon_meta'
[0.605s] Level 1:colcon.colcon_core.package_identification:_identify(ros2_ws/src/smartbelt_segmentation) by extensions ['ros']
[0.605s] Level 1:colcon.colcon_core.package_identification:_identify(ros2_ws/src/smartbelt_segmentation) by extension 'ros'
[0.610s] DEBUG:colcon.colcon_core.package_identification:Package 'ros2_ws/src/smartbelt_segmentation' with type 'ros.ament_cmake' and name 'smartbelt_segmentation'
[0.610s] Level 1:colcon.colcon_core.package_discovery:discover_packages(recursive) using defaults
[0.610s] Level 1:colcon.colcon_core.package_discovery:discover_packages(ignore) discover
[0.610s] Level 1:colcon.colcon_core.package_discovery:discover_packages(ignore) using defaults
[0.610s] Level 1:colcon.colcon_core.package_discovery:discover_packages(path) discover
[0.610s] Level 1:colcon.colcon_core.package_discovery:discover_packages(path) using defaults
[0.665s] Level 1:colcon.colcon_core.package_discovery:discover_packages(prefix_path) check parameters
[0.666s] Level 1:colcon.colcon_core.package_discovery:discover_packages(prefix_path) discover
[0.668s] DEBUG:colcon.colcon_installed_package_information.package_discovery:Found 1 installed packages in /home/mkhanum/datapipe/install
[0.670s] DEBUG:colcon.colcon_installed_package_information.package_discovery:Found 278 installed packages in /opt/ros/humble
[0.672s] Level 1:colcon.colcon_core.package_discovery:discover_packages(prefix_path) using defaults
[0.719s] Level 5:colcon.colcon_core.verb:set package 'smartbelt_segmentation' build argument 'cmake_args' from command line to 'None'
[0.719s] Level 5:colcon.colcon_core.verb:set package 'smartbelt_segmentation' build argument 'cmake_target' from command line to 'None'
[0.719s] Level 5:colcon.colcon_core.verb:set package 'smartbelt_segmentation' build argument 'cmake_target_skip_unavailable' from command line to 'False'
[0.719s] Level 5:colcon.colcon_core.verb:set package 'smartbelt_segmentation' build argument 'cmake_clean_cache' from command line to 'False'
[0.719s] Level 5:colcon.colcon_core.verb:set package 'smartbelt_segmentation' build argument 'cmake_clean_first' from command line to 'True'
[0.719s] Level 5:colcon.colcon_core.verb:set package 'smartbelt_segmentation' build argument 'cmake_force_configure' from command line to 'False'
[0.719s] Level 5:colcon.colcon_core.verb:set package 'smartbelt_segmentation' build argument 'ament_cmake_args' from command line to 'None'
[0.719s] Level 5:colcon.colcon_core.verb:set package 'smartbelt_segmentation' build argument 'catkin_cmake_args' from command line to 'None'
[0.719s] Level 5:colcon.colcon_core.verb:set package 'smartbelt_segmentation' build argument 'catkin_skip_building_tests' from command line to 'False'
[0.720s] DEBUG:colcon.colcon_core.verb:Building package 'smartbelt_segmentation' with the following arguments: {'ament_cmake_args': None, 'build_base': '/home/mkhanum/datapipe/build/smartbelt_segmentation', 'catkin_cmake_args': None, 'catkin_skip_building_tests': False, 'cmake_args': None, 'cmake_clean_cache': False, 'cmake_clean_first': True, 'cmake_force_configure': False, 'cmake_target': None, 'cmake_target_skip_unavailable': False, 'install_base': '/home/mkhanum/datapipe/install/smartbelt_segmentation', 'merge_install': False, 'path': '/home/mkhanum/datapipe/ros2_ws/src/smartbelt_segmentation', 'symlink_install': False, 'test_result_base': None}
[0.720s] INFO:colcon.colcon_core.executor:Executing jobs using 'parallel' executor
[0.721s] DEBUG:colcon.colcon_parallel_executor.executor.parallel:run_until_complete
[0.722s] INFO:colcon.colcon_ros.task.ament_cmake.build:Building ROS package in '/home/mkhanum/datapipe/ros2_ws/src/smartbelt_segmentation' with build type 'ament_cmake'
[0.722s] INFO:colcon.colcon_cmake.task.cmake.build:Building CMake package in '/home/mkhanum/datapipe/ros2_ws/src/smartbelt_segmentation'
[0.725s] INFO:colcon.colcon_core.plugin_system:Skipping extension 'colcon_core.shell.bat': Not used on non-Windows systems
[0.725s] INFO:colcon.colcon_core.shell:Skip shell extension 'powershell' for command environment: Not usable outside of PowerShell
[0.726s] DEBUG:colcon.colcon_core.shell:Skip shell extension 'dsv' for command environment
[0.740s] DEBUG:colcon.colcon_core.event_handler.log_command:Invoking command in '/home/mkhanum/datapipe/build/smartbelt_segmentation': CMAKE_PREFIX_PATH=${CMAKE_PREFIX_PATH}:/opt/ros/humble /usr/bin/cmake --build /home/mkhanum/datapipe/build/smartbelt_segmentation --clean-first -- -j16 -l16
[42.395s] DEBUG:colcon.colcon_core.event_handler.log_command:Invoked command in '/home/mkhanum/datapipe/build/smartbelt_segmentation' returned '0': CMAKE_PREFIX_PATH=${CMAKE_PREFIX_PATH}:/opt/ros/humble /usr/bin/cmake --build /home/mkhanum/datapipe/build/smartbelt_segmentation --clean-first -- -j16 -l16
[42.412s] DEBUG:colcon.colcon_core.event_handler.log_command:Invoking command in '/home/mkhanum/datapipe/build/smartbelt_segmentation': CMAKE_PREFIX_PATH=${CMAKE_PREFIX_PATH}:/opt/ros/humble /usr/bin/cmake --install /home/mkhanum/datapipe/build/smartbelt_segmentation
[42.455s] Level 1:colcon.colcon_core.environment:create_environment_scripts_only(smartbelt_segmentation)
[42.456s] DEBUG:colcon.colcon_core.event_handler.log_command:Invoked command in '/home/mkhanum/datapipe/build/smartbelt_segmentation' returned '0': CMAKE_PREFIX_PATH=${CMAKE_PREFIX_PATH}:/opt/ros/humble /usr/bin/cmake --install /home/mkhanum/datapipe/build/smartbelt_segmentation
[42.459s] Level 1:colcon.colcon_core.environment:checking '/home/mkhanum/datapipe/install/smartbelt_segmentation' for CMake module files
[42.460s] Level 1:colcon.colcon_core.environment:checking '/home/mkhanum/datapipe/install/smartbelt_segmentation' for CMake config files
[42.461s] Level 1:colcon.colcon_core.shell:create_environment_hook('smartbelt_segmentation', 'cmake_prefix_path')
[42.461s] INFO:colcon.colcon_core.shell:Creating environment hook '/home/mkhanum/datapipe/install/smartbelt_segmentation/share/smartbelt_segmentation/hook/cmake_prefix_path.ps1'
[42.463s] INFO:colcon.colcon_core.shell:Creating environment descriptor '/home/mkhanum/datapipe/install/smartbelt_segmentation/share/smartbelt_segmentation/hook/cmake_prefix_path.dsv'
[42.464s] INFO:colcon.colcon_core.shell:Creating environment hook '/home/mkhanum/datapipe/install/smartbelt_segmentation/share/smartbelt_segmentation/hook/cmake_prefix_path.sh'
[42.466s] Level 1:colcon.colcon_core.environment:checking '/home/mkhanum/datapipe/install/smartbelt_segmentation/lib'
[42.466s] Level 1:colcon.colcon_core.environment:checking '/home/mkhanum/datapipe/install/smartbelt_segmentation/bin'
[42.466s] Level 1:colcon.colcon_core.environment:checking '/home/mkhanum/datapipe/install/smartbelt_segmentation/lib/pkgconfig/smartbelt_segmentation.pc'
[42.467s] Level 1:colcon.colcon_core.environment:checking '/home/mkhanum/datapipe/install/smartbelt_segmentation/lib/python3.10/site-packages'
[42.467s] Level 1:colcon.colcon_core.environment:checking '/home/mkhanum/datapipe/install/smartbelt_segmentation/bin'
[42.468s] INFO:colcon.colcon_core.shell:Creating package script '/home/mkhanum/datapipe/install/smartbelt_segmentation/share/smartbelt_segmentation/package.ps1'
[42.469s] INFO:colcon.colcon_core.shell:Creating package descriptor '/home/mkhanum/datapipe/install/smartbelt_segmentation/share/smartbelt_segmentation/package.dsv'
[42.471s] INFO:colcon.colcon_core.shell:Creating package script '/home/mkhanum/datapipe/install/smartbelt_segmentation/share/smartbelt_segmentation/package.sh'
[42.472s] INFO:colcon.colcon_core.shell:Creating package script '/home/mkhanum/datapipe/install/smartbelt_segmentation/share/smartbelt_segmentation/package.bash'
[42.474s] INFO:colcon.colcon_core.shell:Creating package script '/home/mkhanum/datapipe/install/smartbelt_segmentation/share/smartbelt_segmentation/package.zsh'
[42.475s] Level 1:colcon.colcon_core.environment:create_file_with_runtime_dependencies(/home/mkhanum/datapipe/install/smartbelt_segmentation/share/colcon-core/packages/smartbelt_segmentation)
[42.476s] Level 1:colcon.colcon_core.environment:create_environment_scripts_only(smartbelt_segmentation)
[42.476s] Level 1:colcon.colcon_core.environment:checking '/home/mkhanum/datapipe/install/smartbelt_segmentation' for CMake module files
[42.477s] Level 1:colcon.colcon_core.environment:checking '/home/mkhanum/datapipe/install/smartbelt_segmentation' for CMake config files
[42.477s] Level 1:colcon.colcon_core.shell:create_environment_hook('smartbelt_segmentation', 'cmake_prefix_path')
[42.477s] INFO:colcon.colcon_core.shell:Creating environment hook '/home/mkhanum/datapipe/install/smartbelt_segmentation/share/smartbelt_segmentation/hook/cmake_prefix_path.ps1'
[42.478s] INFO:colcon.colcon_core.shell:Creating environment descriptor '/home/mkhanum/datapipe/install/smartbelt_segmentation/share/smartbelt_segmentation/hook/cmake_prefix_path.dsv'
[42.479s] INFO:colcon.colcon_core.shell:Creating environment hook '/home/mkhanum/datapipe/install/smartbelt_segmentation/share/smartbelt_segmentation/hook/cmake_prefix_path.sh'
[42.480s] Level 1:colcon.colcon_core.environment:checking '/home/mkhanum/datapipe/install/smartbelt_segmentation/lib'
[42.480s] Level 1:colcon.colcon_core.environment:checking '/home/mkhanum/datapipe/install/smartbelt_segmentation/bin'
[42.480s] Level 1:colcon.colcon_core.environment:checking '/home/mkhanum/datapipe/install/smartbelt_segmentation/lib/pkgconfig/smartbelt_segmentation.pc'
[42.480s] Level 1:colcon.colcon_core.environment:checking '/home/mkhanum/datapipe/install/smartbelt_segmentation/lib/python3.10/site-packages'
[42.481s] Level 1:colcon.colcon_core.environment:checking '/home/mkhanum/datapipe/install/smartbelt_segmentation/bin'
[42.481s] INFO:colcon.colcon_core.shell:Creating package script '/home/mkhanum/datapipe/install/smartbelt_segmentation/share/smartbelt_segmentation/package.ps1'
[42.482s] INFO:colcon.colcon_core.shell:Creating package descriptor '/home/mkhanum/datapipe/install/smartbelt_segmentation/share/smartbelt_segmentation/package.dsv'
[42.483s] INFO:colcon.colcon_core.shell:Creating package script '/home/mkhanum/datapipe/install/smartbelt_segmentation/share/smartbelt_segmentation/package.sh'
[42.483s] INFO:colcon.colcon_core.shell:Creating package script '/home/mkhanum/datapipe/install/smartbelt_segmentation/share/smartbelt_segmentation/package.bash'
[42.484s] INFO:colcon.colcon_core.shell:Creating package script '/home/mkhanum/datapipe/install/smartbelt_segmentation/share/smartbelt_segmentation/package.zsh'
[42.485s] Level 1:colcon.colcon_core.environment:create_file_with_runtime_dependencies(/home/mkhanum/datapipe/install/smartbelt_segmentation/share/colcon-core/packages/smartbelt_segmentation)
[42.486s] DEBUG:colcon.colcon_parallel_executor.executor.parallel:closing loop
[42.487s] DEBUG:colcon.colcon_parallel_executor.executor.parallel:loop closed
[42.488s] DEBUG:colcon.colcon_parallel_executor.executor.parallel:run_until_complete finished with '0'
[42.488s] DEBUG:colcon.colcon_core.event_reactor:joining thread
[42.616s] INFO:colcon.colcon_core.plugin_system:Skipping extension 'colcon_notification.desktop_notification.notify_send': Could not find 'notify-send'
[42.616s] INFO:colcon.colcon_core.plugin_system:Skipping extension 'colcon_notification.desktop_notification.terminal_notifier': Not used on non-Darwin systems
[42.616s] INFO:colcon.colcon_core.plugin_system:Skipping extension 'colcon_notification.desktop_notification.win32': Not used on non-Windows systems
[42.616s] INFO:colcon.colcon_notification.desktop_notification:Sending desktop notification using 'notify2'
[42.617s] DEBUG:colcon.colcon_notification.desktop_notification.notify2:Failed to initialize notify2: org.freedesktop.DBus.Error.FileNotFound: Failed to connect to socket /run/user/1000/bus: No such file or directory
[42.617s] DEBUG:colcon.colcon_core.event_reactor:joined thread
[42.618s] INFO:colcon.colcon_core.shell:Creating prefix script '/home/mkhanum/datapipe/install/local_setup.ps1'
[42.619s] INFO:colcon.colcon_core.shell:Creating prefix util module '/home/mkhanum/datapipe/install/_local_setup_util_ps1.py'
[42.624s] INFO:colcon.colcon_core.shell:Creating prefix chain script '/home/mkhanum/datapipe/install/setup.ps1'
[42.627s] INFO:colcon.colcon_core.shell:Creating prefix script '/home/mkhanum/datapipe/install/local_setup.sh'
[42.631s] INFO:colcon.colcon_core.shell:Creating prefix util module '/home/mkhanum/datapipe/install/_local_setup_util_sh.py'
[42.634s] INFO:colcon.colcon_core.shell:Creating prefix chain script '/home/mkhanum/datapipe/install/setup.sh'
[42.638s] INFO:colcon.colcon_core.shell:Creating prefix script '/home/mkhanum/datapipe/install/local_setup.bash'
[42.639s] INFO:colcon.colcon_core.shell:Creating prefix chain script '/home/mkhanum/datapipe/install/setup.bash'
[42.641s] INFO:colcon.colcon_core.shell:Creating prefix script '/home/mkhanum/datapipe/install/local_setup.zsh'
[42.643s] INFO:colcon.colcon_core.shell:Creating prefix chain script '/home/mkhanum/datapipe/install/setup.zsh'
