[0.016s] Invoking command in '/home/mkhanum/datapipe/ros2_ws/build/smartbelt_segmentation': CMAKE_PREFIX_PATH=${CMAKE_PREFIX_PATH}:/opt/ros/humble CONDA_PROMPT_MODIFIER=(base) /usr/bin/cmake --build /home/mkhanum/datapipe/ros2_ws/build/smartbelt_segmentation --clean-first -- -j16 -l16
[0.111s] -- Found ament_cmake: 1.3.11 (/opt/ros/humble/share/ament_cmake/cmake)
[0.251s] -- Override CMake install command with custom implementation using symlinks instead of copying resources
[0.258s] -- Found rclcpp: 16.0.11 (/opt/ros/humble/share/rclcpp/cmake)
[0.545s] -- Found rosidl_generator_c: 3.1.6 (/opt/ros/humble/share/rosidl_generator_c/cmake)
[0.547s] -- Found rosidl_adapter: 3.1.6 (/opt/ros/humble/share/rosidl_adapter/cmake)
[0.554s] -- Found rosidl_generator_cpp: 3.1.6 (/opt/ros/humble/share/rosidl_generator_cpp/cmake)
[0.564s] -- Using all available rosidl_typesupport_c: rosidl_typesupport_fastrtps_c;rosidl_typesupport_introspection_c
[0.577s] -- Using all available rosidl_typesupport_cpp: rosidl_typesupport_fastrtps_cpp;rosidl_typesupport_introspection_cpp
[0.612s] -- Found rmw_implementation_cmake: 6.1.2 (/opt/ros/humble/share/rmw_implementation_cmake/cmake)
[0.614s] -- Found rmw_fastrtps_cpp: 6.2.7 (/opt/ros/humble/share/rmw_fastrtps_cpp/cmake)
[10.523s] -- Using RMW implementation 'rmw_fastrtps_cpp' as default
[10.577s] -- Found sensor_msgs: 4.2.4 (/opt/ros/humble/share/sensor_msgs/cmake)
[10.608s] -- Found image_geometry: 3.2.1 (/opt/ros/humble/share/image_geometry/cmake)
[10.618s] -- Found tf2: 0.25.12 (/opt/ros/humble/share/tf2/cmake)
[10.623s] -- Found tf2_ros: 0.25.12 (/opt/ros/humble/share/tf2_ros/cmake)
[10.708s] -- Found tf2_eigen: 0.25.12 (/opt/ros/humble/share/tf2_eigen/cmake)
[10.711s] -- Found tf2_geometry_msgs: 0.25.12 (/opt/ros/humble/share/tf2_geometry_msgs/cmake)
[10.715s] -- Found eigen3_cmake_module: 0.1.1 (/opt/ros/humble/share/eigen3_cmake_module/cmake)
[10.716s] -- Found Eigen3: TRUE (found version "3.4.0") 
[10.717s] -- Ensuring Eigen3 include directory is part of orocos-kdl CMake target
[10.718s] -- Found cv_bridge: 3.2.1 (/opt/ros/humble/share/cv_bridge/cmake)
[10.725s] -- Found image_transport: 3.1.10 (/opt/ros/humble/share/image_transport/cmake)
[13.093s] -- Eigen found (include: /usr/include/eigen3, version: 3.4.0)
[13.116s] -- OpenNI found (version: 1.5.4.0, include: /usr/include/ni, lib: /usr/lib/libOpenNI.so;libusb::libusb)
[13.122s] -- OpenNI2 found (version: 2.2.0.33, include: /usr/include/openni2, lib: /usr/lib/x86_64-linux-gnu/libOpenNI2.so;libusb::libusb)
[13.123s] [0m** WARNING ** io features related to pcap will be disabled[0m
[13.123s] [0m** WARNING ** io features related to png will be disabled[0m
[15.471s] -- Found Eigen3: /usr/include/eigen3 (found version "3.4.0") 
[19.278s] -- Eigen found (include: /usr/include/eigen3, version: 3.4.0)
[19.279s] -- looking for PCL_COMMON
[19.279s] -- looking for PCL_OCTREE
[19.279s] -- looking for PCL_IO
[19.281s] -- Found pcl_conversions: 2.4.5 (/opt/ros/humble/share/pcl_conversions/cmake)
[19.305s] -- Found rosbag2_cpp: 0.15.13 (/opt/ros/humble/share/rosbag2_cpp/cmake)
[19.424s] -- Configuring done
[19.508s] -- Generating done
[19.531s] -- Build files have been written to: /home/mkhanum/datapipe/ros2_ws/build/smartbelt_segmentation
[19.577s] [ 25%] [32mBuilding CXX object CMakeFiles/mk_matching_ptcld.dir/src/MK_matching_ptcld.cpp.o[0m
[19.577s] [ 25%] [32mBuilding CXX object CMakeFiles/mk_rgb_seg.dir/src/MK_rgb_seg.cpp.o[0m
[19.577s] [ 37%] [32mBuilding CXX object CMakeFiles/mk_rgb_seg_bag.dir/src/MK_rgb_seg_bag.cpp.o[0m
[19.578s] [ 50%] [32mBuilding CXX object CMakeFiles/mk_pc_seg.dir/src/MK_pc_seg.cpp.o[0m
[20.002s] [01m[K/home/mkhanum/datapipe/ros2_ws/src/smartbelt_segmentation/src/MK_pc_seg.cpp:10:10:[m[K [01;31m[Kfatal error: [m[Ktf2_msgs/msg/tf_static_message.hpp: No such file or directory
[20.002s]    10 | #include [01;31m[K<tf2_msgs/msg/tf_static_message.hpp>[m[K
[20.002s]       |          [01;31m[K^~~~~~~~~~~~~~~~~~~~~~~~~~~~~~~~~~~~[m[K
[20.003s] compilation terminated.
[20.005s] gmake[2]: *** [CMakeFiles/mk_pc_seg.dir/build.make:76: CMakeFiles/mk_pc_seg.dir/src/MK_pc_seg.cpp.o] Error 1
[20.005s] gmake[1]: *** [CMakeFiles/Makefile2:221: CMakeFiles/mk_pc_seg.dir/all] Error 2
[20.006s] gmake[1]: *** Waiting for unfinished jobs....
[26.450s] [ 62%] [32m[1mLinking CXX executable mk_rgb_seg_bag[0m
[27.257s] [ 62%] Built target mk_rgb_seg_bag
[38.618s] [ 75%] [32m[1mLinking CXX executable mk_rgb_seg[0m
[39.818s] [ 75%] Built target mk_rgb_seg
[46.934s] [ 87%] [32m[1mLinking CXX executable mk_matching_ptcld[0m
[48.817s] [ 87%] Built target mk_matching_ptcld
[48.818s] gmake: *** [Makefile:146: all] Error 2
[48.822s] Invoked command in '/home/mkhanum/datapipe/ros2_ws/build/smartbelt_segmentation' returned '2': CMAKE_PREFIX_PATH=${CMAKE_PREFIX_PATH}:/opt/ros/humble CONDA_PROMPT_MODIFIER=(base) /usr/bin/cmake --build /home/mkhanum/datapipe/ros2_ws/build/smartbelt_segmentation --clean-first -- -j16 -l16
