In file included from [01m[K/opt/ros/humble/include/rclcpp/rclcpp/logging.hpp:24[m[K,
                 from [01m[K/opt/ros/humble/include/rclcpp/rclcpp/client.hpp:40[m[K,
                 from [01m[K/opt/ros/humble/include/rclcpp/rclcpp/callback_group.hpp:24[m[K,
                 from [01m[K/opt/ros/humble/include/rclcpp/rclcpp/any_executable.hpp:20[m[K,
                 from [01m[K/opt/ros/humble/include/rclcpp/rclcpp/memory_strategy.hpp:25[m[K,
                 from [01m[K/opt/ros/humble/include/rclcpp/rclcpp/memory_strategies.hpp:18[m[K,
                 from [01m[K/opt/ros/humble/include/rclcpp/rclcpp/executor_options.hpp:20[m[K,
                 from [01m[K/opt/ros/humble/include/rclcpp/rclcpp/executor.hpp:37[m[K,
                 from [01m[K/opt/ros/humble/include/rclcpp/rclcpp/executors/multi_threaded_executor.hpp:25[m[K,
                 from [01m[K/opt/ros/humble/include/rclcpp/rclcpp/executors.hpp:21[m[K,
                 from [01m[K/opt/ros/humble/include/rclcpp/rclcpp/rclcpp.hpp:155[m[K,
                 from [01m[K/home/mkhanum/datapipe/ros2_ws/src/smartbelt_segmentation/src/MK_pc_seg.cpp:1[m[K:
[01m[K/home/mkhanum/datapipe/ros2_ws/src/smartbelt_segmentation/src/MK_pc_seg.cpp:[m[K In member function ‘[01m[Kvoid BagProcessor::process_bags()[m[K’:
[01m[K/home/mkhanum/datapipe/ros2_ws/src/smartbelt_segmentation/src/MK_pc_seg.cpp:90:9:[m[K [01;35m[Kwarning: [m[Kformat ‘[01m[K%d[m[K’ expects argument of type ‘[01m[Kint[m[K’, but argument 7 has type ‘[01m[Ksensor_msgs::msg::Image_<std::allocator<void> >::_encoding_type[m[K’ {aka ‘[01m[Kstd::__cxx11::basic_string<char>[m[K’} [[01;35m[K]8;;https://gcc.gnu.org/onlinedocs/gcc/Warning-Options.html#index-Wformat=-Wformat=]8;;[m[K]
   90 |         [01;35m[K"MASK Width: %d, Height: %d, encoding: %d"[m[K,
      |         [01;35m[K^~~~~~~~~~~~~~~~~~~~~~~~~~~~~~~~~~~~~~~~~~[m[K
[01m[K/home/mkhanum/datapipe/ros2_ws/src/smartbelt_segmentation/src/MK_pc_seg.cpp:90:49:[m[K [01;36m[Knote: [m[Kformat string is defined here
   90 |         "MASK Width: %d, Height: %d, encoding: [01;36m[K%d[m[K",
      |                                                [01;36m[K~^[m[K
      |                                                 [01;36m[K|[m[K
      |                                                 [01;36m[Kint[m[K
