[0.049s] Invoking command in '/home/mkhanum/datapipe/build/smartbelt_segmentation': CMAKE_PREFIX_PATH=${CMAKE_PREFIX_PATH}:/opt/ros/humble /usr/bin/cmake --build /home/mkhanum/datapipe/build/smartbelt_segmentation --clean-first -- -j16 -l16
[0.414s] [ 25%] [32mBuilding CXX object CMakeFiles/mk_rgb_seg.dir/src/MK_rgb_seg.cpp.o[0m
[0.414s] [ 37%] [32mBuilding CXX object CMakeFiles/mk_matching_ptcld.dir/src/MK_matching_ptcld.cpp.o[0m
[0.414s] [ 37%] [32mBuilding CXX object CMakeFiles/mk_rgb_seg_bag.dir/src/MK_rgb_seg_bag.cpp.o[0m
[0.424s] [ 50%] [32mBuilding CXX object CMakeFiles/mk_pc_seg.dir/src/MK_pc_seg.cpp.o[0m
[12.253s] In file included from [01m[K/opt/ros/humble/include/rclcpp/rclcpp/logging.hpp:24[m[K,
[12.253s]                  from [01m[K/opt/ros/humble/include/rclcpp/rclcpp/client.hpp:40[m[K,
[12.253s]                  from [01m[K/opt/ros/humble/include/rclcpp/rclcpp/callback_group.hpp:24[m[K,
[12.254s]                  from [01m[K/opt/ros/humble/include/rclcpp/rclcpp/any_executable.hpp:20[m[K,
[12.254s]                  from [01m[K/opt/ros/humble/include/rclcpp/rclcpp/memory_strategy.hpp:25[m[K,
[12.254s]                  from [01m[K/opt/ros/humble/include/rclcpp/rclcpp/memory_strategies.hpp:18[m[K,
[12.254s]                  from [01m[K/opt/ros/humble/include/rclcpp/rclcpp/executor_options.hpp:20[m[K,
[12.254s]                  from [01m[K/opt/ros/humble/include/rclcpp/rclcpp/executor.hpp:37[m[K,
[12.255s]                  from [01m[K/opt/ros/humble/include/rclcpp/rclcpp/executors/multi_threaded_executor.hpp:25[m[K,
[12.255s]                  from [01m[K/opt/ros/humble/include/rclcpp/rclcpp/executors.hpp:21[m[K,
[12.255s]                  from [01m[K/opt/ros/humble/include/rclcpp/rclcpp/rclcpp.hpp:155[m[K,
[12.255s]                  from [01m[K/home/mkhanum/datapipe/ros2_ws/src/smartbelt_segmentation/src/MK_pc_seg.cpp:1[m[K:
[12.255s] [01m[K/home/mkhanum/datapipe/ros2_ws/src/smartbelt_segmentation/src/MK_pc_seg.cpp:[m[K In member function ‘[01m[Kvoid BagProcessor::process_bags()[m[K’:
[12.256s] [01m[K/home/mkhanum/datapipe/ros2_ws/src/smartbelt_segmentation/src/MK_pc_seg.cpp:90:9:[m[K [01;35m[Kwarning: [m[Kformat ‘[01m[K%d[m[K’ expects argument of type ‘[01m[Kint[m[K’, but argument 7 has type ‘[01m[Ksensor_msgs::msg::Image_<std::allocator<void> >::_encoding_type[m[K’ {aka ‘[01m[Kstd::__cxx11::basic_string<char>[m[K’} [[01;35m[K]8;;https://gcc.gnu.org/onlinedocs/gcc/Warning-Options.html#index-Wformat=-Wformat=]8;;[m[K]
[12.256s]    90 |         [01;35m[K"MASK Width: %d, Height: %d, encoding: %d"[m[K,
[12.256s]       |         [01;35m[K^~~~~~~~~~~~~~~~~~~~~~~~~~~~~~~~~~~~~~~~~~[m[K
[12.256s] [01m[K/home/mkhanum/datapipe/ros2_ws/src/smartbelt_segmentation/src/MK_pc_seg.cpp:90:49:[m[K [01;36m[Knote: [m[Kformat string is defined here
[12.256s]    90 |         "MASK Width: %d, Height: %d, encoding: [01;36m[K%d[m[K",
[12.257s]       |                                                [01;36m[K~^[m[K
[12.257s]       |                                                 [01;36m[K|[m[K
[12.257s]       |                                                 [01;36m[Kint[m[K
[17.210s] [ 62%] [32m[1mLinking CXX executable mk_rgb_seg_bag[0m
[17.604s] [ 75%] [32m[1mLinking CXX executable mk_pc_seg[0m
[18.706s] [ 75%] Built target mk_rgb_seg_bag
[18.709s] [ 75%] Built target mk_pc_seg
[29.401s] [ 87%] [32m[1mLinking CXX executable mk_rgb_seg[0m
[30.636s] [ 87%] Built target mk_rgb_seg
[36.667s] [100%] [32m[1mLinking CXX executable mk_matching_ptcld[0m
[38.245s] [100%] Built target mk_matching_ptcld
[38.295s] Invoked command in '/home/mkhanum/datapipe/build/smartbelt_segmentation' returned '0': CMAKE_PREFIX_PATH=${CMAKE_PREFIX_PATH}:/opt/ros/humble /usr/bin/cmake --build /home/mkhanum/datapipe/build/smartbelt_segmentation --clean-first -- -j16 -l16
[38.324s] Invoking command in '/home/mkhanum/datapipe/build/smartbelt_segmentation': CMAKE_PREFIX_PATH=${CMAKE_PREFIX_PATH}:/opt/ros/humble /usr/bin/cmake --install /home/mkhanum/datapipe/build/smartbelt_segmentation
[38.333s] -- Install configuration: ""
[38.334s] -- Installing: /home/mkhanum/datapipe/install/smartbelt_segmentation/lib/smartbelt_segmentation/mk_matching_ptcld
[38.353s] -- Set runtime path of "/home/mkhanum/datapipe/install/smartbelt_segmentation/lib/smartbelt_segmentation/mk_matching_ptcld" to ""
[38.353s] -- Installing: /home/mkhanum/datapipe/install/smartbelt_segmentation/lib/smartbelt_segmentation/mk_rgb_seg
[38.367s] -- Set runtime path of "/home/mkhanum/datapipe/install/smartbelt_segmentation/lib/smartbelt_segmentation/mk_rgb_seg" to ""
[38.368s] -- Installing: /home/mkhanum/datapipe/install/smartbelt_segmentation/lib/smartbelt_segmentation/mk_rgb_seg_bag
[38.370s] -- Set runtime path of "/home/mkhanum/datapipe/install/smartbelt_segmentation/lib/smartbelt_segmentation/mk_rgb_seg_bag" to ""
[38.372s] -- Installing: /home/mkhanum/datapipe/install/smartbelt_segmentation/lib/smartbelt_segmentation/mk_pc_seg
[38.377s] -- Set runtime path of "/home/mkhanum/datapipe/install/smartbelt_segmentation/lib/smartbelt_segmentation/mk_pc_seg" to ""
[38.377s] -- Up-to-date: /home/mkhanum/datapipe/install/smartbelt_segmentation/share/smartbelt_segmentation/launch
[38.378s] -- Up-to-date: /home/mkhanum/datapipe/install/smartbelt_segmentation/share/smartbelt_segmentation/launch/downsample.launch.py
[38.378s] -- Up-to-date: /home/mkhanum/datapipe/install/smartbelt_segmentation/share/smartbelt_segmentation/launch/segmentation.launch.py
[38.378s] -- Up-to-date: /home/mkhanum/datapipe/install/smartbelt_segmentation/share/smartbelt_segmentation/launch/rgb_segmentation.launch.py
[38.378s] -- Up-to-date: /home/mkhanum/datapipe/install/smartbelt_segmentation/share/smartbelt_segmentation/launch/__pycache__
[38.378s] -- Up-to-date: /home/mkhanum/datapipe/install/smartbelt_segmentation/share/smartbelt_segmentation/launch/__pycache__/downsample.launch.cpython-310.pyc
[38.379s] -- Up-to-date: /home/mkhanum/datapipe/install/smartbelt_segmentation/share/smartbelt_segmentation/launch/segmentation.launch.xml
[38.379s] -- Up-to-date: /home/mkhanum/datapipe/install/smartbelt_segmentation/share/ament_index/resource_index/package_run_dependencies/smartbelt_segmentation
[38.379s] -- Up-to-date: /home/mkhanum/datapipe/install/smartbelt_segmentation/share/ament_index/resource_index/parent_prefix_path/smartbelt_segmentation
[38.379s] -- Up-to-date: /home/mkhanum/datapipe/install/smartbelt_segmentation/share/smartbelt_segmentation/environment/ament_prefix_path.sh
[38.379s] -- Up-to-date: /home/mkhanum/datapipe/install/smartbelt_segmentation/share/smartbelt_segmentation/environment/ament_prefix_path.dsv
[38.379s] -- Up-to-date: /home/mkhanum/datapipe/install/smartbelt_segmentation/share/smartbelt_segmentation/environment/path.sh
[38.379s] -- Up-to-date: /home/mkhanum/datapipe/install/smartbelt_segmentation/share/smartbelt_segmentation/environment/path.dsv
[38.380s] -- Up-to-date: /home/mkhanum/datapipe/install/smartbelt_segmentation/share/smartbelt_segmentation/local_setup.bash
[38.380s] -- Up-to-date: /home/mkhanum/datapipe/install/smartbelt_segmentation/share/smartbelt_segmentation/local_setup.sh
[38.380s] -- Up-to-date: /home/mkhanum/datapipe/install/smartbelt_segmentation/share/smartbelt_segmentation/local_setup.zsh
[38.380s] -- Up-to-date: /home/mkhanum/datapipe/install/smartbelt_segmentation/share/smartbelt_segmentation/local_setup.dsv
[38.380s] -- Installing: /home/mkhanum/datapipe/install/smartbelt_segmentation/share/smartbelt_segmentation/package.dsv
[38.380s] -- Up-to-date: /home/mkhanum/datapipe/install/smartbelt_segmentation/share/ament_index/resource_index/packages/smartbelt_segmentation
[38.380s] -- Up-to-date: /home/mkhanum/datapipe/install/smartbelt_segmentation/share/smartbelt_segmentation/cmake/smartbelt_segmentationConfig.cmake
[38.381s] -- Up-to-date: /home/mkhanum/datapipe/install/smartbelt_segmentation/share/smartbelt_segmentation/cmake/smartbelt_segmentationConfig-version.cmake
[38.381s] -- Up-to-date: /home/mkhanum/datapipe/install/smartbelt_segmentation/share/smartbelt_segmentation/package.xml
[38.388s] Invoked command in '/home/mkhanum/datapipe/build/smartbelt_segmentation' returned '0': CMAKE_PREFIX_PATH=${CMAKE_PREFIX_PATH}:/opt/ros/humble /usr/bin/cmake --install /home/mkhanum/datapipe/build/smartbelt_segmentation
